#
# A fatal error has been detected by the Java Runtime Environment:
#
#  EXCEPTION_ACCESS_VIOLATION (0xc0000005) at pc=0x69f612eb, pid=4076, tid=280
#
# JRE version: Java(TM) SE Runtime Environment (8.0_77-b03) (build 1.8.0_77-b03)
# Java VM: Java HotSpot(TM) Client VM (25.77-b03 mixed mode, sharing windows-x86 )
# Problematic frame:
# C  [atioglxx.dll+0xf312eb]
#
# Failed to write core dump. Minidumps are not enabled by default on client versions of Windows
#
# If you would like to submit a bug report, please visit:
#   http://bugreport.java.com/bugreport/crash.jsp
# The crash happened outside the Java Virtual Machine in native code.
# See problematic frame for where to report the bug.
#

---------------  T H R E A D  ---------------

Current thread (0x14e2ac00):  JavaThread "GAME_LOOP_THREAD" [_thread_in_native, id=280, stack(0x14690000,0x146e0000)]

siginfo: ExceptionCode=0xc0000005, writing address 0x00000000

Registers:
EAX=0x00000000, EBX=0x21030000, ECX=0x00012000, EDX=0x00000000
ESP=0x146dec54, EBP=0x146dec5c, ESI=0x21030000, EDI=0x00000000
EIP=0x69f612eb, EFLAGS=0x00010206

Top of Stack: (sp=0x146dec54)
0x146dec54:   00900000 00000000 146dec8c 69f61391
0x146dec64:   00000000 21030000 00900000 00000003
0x146dec74:   00000000 00000000 21030000 00003000
0x146dec84:   00000000 1724b288 146dee1c 697c554d
0x146dec94:   00000000 21030000 00900000 00000009
0x146deca4:   00000005 1724b288 146dee34 00000001
0x146decb4:   00000007 00000001 00000000 00000000
0x146decc4:   00000001 00000001 00000000 00000000 

Instructions: (pc=0x69f612eb)
0x69f612cb:   4d 10 c1 e9 07 eb 06 8d 9b 00 00 00 00 66 0f 6f
0x69f612db:   06 66 0f 6f 4e 10 66 0f 6f 56 20 66 0f 6f 5e 30
0x69f612eb:   66 0f 7f 07 66 0f 7f 4f 10 66 0f 7f 57 20 66 0f
0x69f612fb:   7f 5f 30 66 0f 6f 66 40 66 0f 6f 6e 50 66 0f 6f 


Register to memory mapping:

EAX=0x00000000 is an unknown value
EBX=0x21030000 is an unknown value
ECX=0x00012000 is an unknown value
EDX=0x00000000 is an unknown value
ESP=0x146dec54 is pointing into the stack for thread: 0x14e2ac00
EBP=0x146dec5c is pointing into the stack for thread: 0x14e2ac00
ESI=0x21030000 is an unknown value
EDI=0x00000000 is an unknown value


Stack: [0x14690000,0x146e0000],  sp=0x146dec54,  free space=315k
Native frames: (J=compiled Java code, j=interpreted, Vv=VM code, C=native code)
C  [atioglxx.dll+0xf312eb]
C  [atioglxx.dll+0xf31391]
C  [atioglxx.dll+0x79554d]
C  [atioglxx.dll+0x793c44]
C  [atioglxx.dll+0x726d6c]
C  [atioglxx.dll+0x8f532]
C  [atioglxx.dll+0x459992]
C  [lwjgl32.dll+0x3fcb0]
j  org.lwjgl.opengl.GL11.nglReadPixels(IIIIIIJ)V+20
j  org.lwjgl.opengl.GL11.glReadPixels(IIIIIILjava/nio/IntBuffer;)V+26
j  game.Renderer.renderColorPickingMap(Lengine/core/graph/Camera;Lengine/core/graph/Scene;ILengine/core/graph/Texture;II)V+202
J 772 C1 game.SimpleGame.update(FLengine/core/MouseInput;)V (2213 bytes) @ 0x01d6d174 [0x01d6cc20+0x554]
J 893 C1 engine.core.GameEngine.update(F)V (15 bytes) @ 0x01d9f41c [0x01d9f3d0+0x4c]
j  engine.core.GameEngine.gameLoop()V+32
j  engine.core.GameEngine.run()V+5
j  java.lang.Thread.run()V+11
v  ~StubRoutines::call_stub
V  [jvm.dll+0x158f95]
V  [jvm.dll+0x21e54e]
V  [jvm.dll+0x15902e]
V  [jvm.dll+0x1591b6]
V  [jvm.dll+0x159227]
V  [jvm.dll+0xfd9ef]
V  [jvm.dll+0x17c34c]
V  [jvm.dll+0x17c43a]
V  [jvm.dll+0x1c0a76]
C  [msvcr100.dll+0x5c556]
C  [msvcr100.dll+0x5c600]
C  [kernel32.dll+0x4ef1c]
C  [ntdll.dll+0x63648]
C  [ntdll.dll+0x6361b]
C  0x00000000

Java frames: (J=compiled Java code, j=interpreted, Vv=VM code)
j  org.lwjgl.system.JNI.callIIIIIIPV(JIIIIIIJ)V+0
j  org.lwjgl.opengl.GL11.nglReadPixels(IIIIIIJ)V+20
j  org.lwjgl.opengl.GL11.glReadPixels(IIIIIILjava/nio/IntBuffer;)V+26
j  game.Renderer.renderColorPickingMap(Lengine/core/graph/Camera;Lengine/core/graph/Scene;ILengine/core/graph/Texture;II)V+202
J 772 C1 game.SimpleGame.update(FLengine/core/MouseInput;)V (2213 bytes) @ 0x01d6d174 [0x01d6cc20+0x554]
J 893 C1 engine.core.GameEngine.update(F)V (15 bytes) @ 0x01d9f41c [0x01d9f3d0+0x4c]
j  engine.core.GameEngine.gameLoop()V+32
j  engine.core.GameEngine.run()V+5
j  java.lang.Thread.run()V+11
v  ~StubRoutines::call_stub

---------------  P R O C E S S  ---------------

Java Threads: ( => current thread )
  0x14f5a000 JavaThread "AWT-Windows" daemon [_thread_in_native, id=2924, stack(0x19f40000,0x19f90000)]
  0x14f53000 JavaThread "Java2D Disposer" daemon [_thread_blocked, id=1240, stack(0x19cd0000,0x19d20000)]
  0x002abc00 JavaThread "DestroyJavaVM" [_thread_blocked, id=2096, stack(0x00760000,0x007b0000)]
=>0x14e2ac00 JavaThread "GAME_LOOP_THREAD" [_thread_in_native, id=280, stack(0x14690000,0x146e0000)]
  0x00640c00 JavaThread "Service Thread" daemon [_thread_blocked, id=4320, stack(0x00d20000,0x00d70000)]
  0x00620800 JavaThread "C1 CompilerThread0" daemon [_thread_blocked, id=2432, stack(0x03b80000,0x03bd0000)]
  0x0061ec00 JavaThread "Attach Listener" daemon [_thread_blocked, id=3276, stack(0x00e50000,0x00ea0000)]
  0x0061c000 JavaThread "Signal Dispatcher" daemon [_thread_blocked, id=2696, stack(0x14620000,0x14670000)]
  0x00613400 JavaThread "Finalizer" daemon [_thread_blocked, id=4704, stack(0x00dd0000,0x00e20000)]
  0x005b7400 JavaThread "Reference Handler" daemon [_thread_blocked, id=5888, stack(0x00c50000,0x00ca0000)]

Other Threads:
  0x005b3000 VMThread [stack: 0x00cb0000,0x00d00000] [id=2840]
  0x0064f000 WatcherThread [stack: 0x14d80000,0x14dd0000] [id=2424]

VM state:not at safepoint (normal execution)

VM Mutex/Monitor currently owned by a thread: None

Heap:
 def new generation   total 22080K, used 16971K [0x03c00000, 0x053f0000, 0x09150000)
  eden space 19648K,  74% used [0x03c00000, 0x04a32e58, 0x04f30000)
  from space 2432K,  99% used [0x04f30000, 0x0518ffe8, 0x05190000)
  to   space 2432K,   0% used [0x05190000, 0x05190000, 0x053f0000)
 tenured generation   total 48940K, used 32425K [0x09150000, 0x0c11b000, 0x13c00000)
   the space 48940K,  66% used [0x09150000, 0x0b0fa480, 0x0b0fa600, 0x0c11b000)
 Metaspace       used 3833K, capacity 4672K, committed 4736K, reserved 5504K

Card table byte_map: [0x00a80000,0x00b10000] byte_map_base: 0x00a62000

Polling page: 0x001d0000

CodeCache: size=32768Kb used=2610Kb max_used=2610Kb free=30157Kb
 bounds [0x01b30000, 0x01dc0000, 0x03b30000]
 total_blobs=1433 nmethods=974 adapters=391
 compilation: enabled

Compilation events (10 events):
Event: 185.687 Thread 0x00620800  973             engine.core.graph.hud.StandardHud::isMenuOpen (5 bytes)
Event: 185.688 Thread 0x00620800 nmethod 973 0x01dbc048 code [0x01dbc140, 0x01dbc1c0]
Event: 185.688 Thread 0x00620800  974             game.Hud::updateSize (19 bytes)
Event: 185.688 Thread 0x00620800 nmethod 974 0x01dbc208 code [0x01dbc320, 0x01dbc3dc]
Event: 185.688 Thread 0x00620800  975             engine.core.Display::update (11 bytes)
Event: 185.688 Thread 0x00620800 nmethod 975 0x01dbc488 code [0x01dbc5a0, 0x01dbc704]
Event: 185.688 Thread 0x00620800  976             org.lwjgl.glfw.GLFW::glfwSwapBuffers (21 bytes)
Event: 185.689 Thread 0x00620800 nmethod 976 0x01dbc808 code [0x01dbc910, 0x01dbca38]
Event: 185.753 Thread 0x00620800  977             org.lwjgl.glfw.GLFW::glfwPollEvents (12 bytes)
Event: 185.753 Thread 0x00620800 nmethod 977 0x01dbcb08 code [0x01dbcc00, 0x01dbcc9c]

GC Heap History (10 events):
Event: 31.225 GC heap before
{Heap before GC invocations=20 (full 3):
 def new generation   total 20800K, used 19306K [0x03c00000, 0x05290000, 0x09150000)
  eden space 18496K, 100% used [0x03c00000, 0x04e10000, 0x04e10000)
  from space 2304K,  35% used [0x04e10000, 0x04edab98, 0x05050000)
  to   space 2304K,   0% used [0x05050000, 0x05050000, 0x05290000)
 tenured generation   total 46140K, used 33298K [0x09150000, 0x0be5f000, 0x13c00000)
   the space 46140K,  72% used [0x09150000, 0x0b1d4998, 0x0b1d4a00, 0x0be5f000)
 Metaspace       used 3151K, capacity 4603K, committed 4736K, reserved 5504K
Event: 31.233 GC heap after
Heap after GC invocations=21 (full 3):
 def new generation   total 20800K, used 2304K [0x03c00000, 0x05290000, 0x09150000)
  eden space 18496K,   0% used [0x03c00000, 0x03c00000, 0x04e10000)
  from space 2304K, 100% used [0x05050000, 0x05290000, 0x05290000)
  to   space 2304K,   0% used [0x04e10000, 0x04e10000, 0x05050000)
 tenured generation   total 46140K, used 33992K [0x09150000, 0x0be5f000, 0x13c00000)
   the space 46140K,  73% used [0x09150000, 0x0b282100, 0x0b282200, 0x0be5f000)
 Metaspace       used 3151K, capacity 4603K, committed 4736K, reserved 5504K
}
Event: 34.302 GC heap before
{Heap before GC invocations=21 (full 3):
 def new generation   total 20800K, used 20800K [0x03c00000, 0x05290000, 0x09150000)
  eden space 18496K, 100% used [0x03c00000, 0x04e10000, 0x04e10000)
  from space 2304K, 100% used [0x05050000, 0x05290000, 0x05290000)
  to   space 2304K,   0% used [0x04e10000, 0x04e10000, 0x05050000)
 tenured generation   total 46140K, used 33992K [0x09150000, 0x0be5f000, 0x13c00000)
   the space 46140K,  73% used [0x09150000, 0x0b282100, 0x0b282200, 0x0be5f000)
 Metaspace       used 3800K, capacity 4635K, committed 4736K, reserved 5504K
Event: 34.343 GC heap after
Heap after GC invocations=22 (full 3):
 def new generation   total 20800K, used 2304K [0x03c00000, 0x05290000, 0x09150000)
  eden space 18496K,   0% used [0x03c00000, 0x03c00000, 0x04e10000)
  from space 2304K, 100% used [0x04e10000, 0x05050000, 0x05050000)
  to   space 2304K,   0% used [0x05050000, 0x05050000, 0x05290000)
 tenured generation   total 46140K, used 43932K [0x09150000, 0x0be5f000, 0x13c00000)
   the space 46140K,  95% used [0x09150000, 0x0bc37298, 0x0bc37400, 0x0be5f000)
 Metaspace       used 3800K, capacity 4635K, committed 4736K, reserved 5504K
}
Event: 34.453 GC heap before
{Heap before GC invocations=22 (full 3):
 def new generation   total 20800K, used 20800K [0x03c00000, 0x05290000, 0x09150000)
  eden space 18496K, 100% used [0x03c00000, 0x04e10000, 0x04e10000)
  from space 2304K, 100% used [0x04e10000, 0x05050000, 0x05050000)
  to   space 2304K,   0% used [0x05050000, 0x05050000, 0x05290000)
 tenured generation   total 46140K, used 43932K [0x09150000, 0x0be5f000, 0x13c00000)
   the space 46140K,  95% used [0x09150000, 0x0bc37298, 0x0bc37400, 0x0be5f000)
 Metaspace       used 3800K, capacity 4635K, committed 4736K, reserved 5504K
Event: 34.612 GC heap after
Heap after GC invocations=23 (full 4):
 def new generation   total 22080K, used 0K [0x03c00000, 0x053f0000, 0x09150000)
  eden space 19648K,   0% used [0x03c00000, 0x03c00000, 0x04f30000)
  from space 2432K,   0% used [0x04f30000, 0x04f30000, 0x05190000)
  to   space 2432K,   0% used [0x05190000, 0x05190000, 0x053f0000)
 tenured generation   total 48940K, used 29363K [0x09150000, 0x0c11b000, 0x13c00000)
   the space 48940K,  59% used [0x09150000, 0x0adfcec0, 0x0adfd000, 0x0c11b000)
 Metaspace       used 3796K, capacity 4623K, committed 4736K, reserved 5504K
}
Event: 40.205 GC heap before
{Heap before GC invocations=23 (full 4):
 def new generation   total 22080K, used 19648K [0x03c00000, 0x053f0000, 0x09150000)
  eden space 19648K, 100% used [0x03c00000, 0x04f30000, 0x04f30000)
  from space 2432K,   0% used [0x04f30000, 0x04f30000, 0x05190000)
  to   space 2432K,   0% used [0x05190000, 0x05190000, 0x053f0000)
 tenured generation   total 48940K, used 29363K [0x09150000, 0x0c11b000, 0x13c00000)
   the space 48940K,  59% used [0x09150000, 0x0adfcec0, 0x0adfd000, 0x0c11b000)
 Metaspace       used 3828K, capacity 4670K, committed 4736K, reserved 5504K
Event: 40.212 GC heap after
Heap after GC invocations=24 (full 4):
 def new generation   total 22080K, used 568K [0x03c00000, 0x053f0000, 0x09150000)
  eden space 19648K,   0% used [0x03c00000, 0x03c00000, 0x04f30000)
  from space 2432K,  23% used [0x05190000, 0x0521e0e0, 0x053f0000)
  to   space 2432K,   0% used [0x04f30000, 0x04f30000, 0x05190000)
 tenured generation   total 48940K, used 29363K [0x09150000, 0x0c11b000, 0x13c00000)
   the space 48940K,  59% used [0x09150000, 0x0adfcec0, 0x0adfd000, 0x0c11b000)
 Metaspace       used 3828K, capacity 4670K, committed 4736K, reserved 5504K
}
Event: 125.379 GC heap before
{Heap before GC invocations=24 (full 4):
 def new generation   total 22080K, used 20216K [0x03c00000, 0x053f0000, 0x09150000)
  eden space 19648K, 100% used [0x03c00000, 0x04f30000, 0x04f30000)
  from space 2432K,  23% used [0x05190000, 0x0521e0e0, 0x053f0000)
  to   space 2432K,   0% used [0x04f30000, 0x04f30000, 0x05190000)
 tenured generation   total 48940K, used 29363K [0x09150000, 0x0c11b000, 0x13c00000)
   the space 48940K,  59% used [0x09150000, 0x0adfcec0, 0x0adfd000, 0x0c11b000)
 Metaspace       used 3828K, capacity 4670K, committed 4736K, reserved 5504K
Event: 125.410 GC heap after
Heap after GC invocations=25 (full 4):
 def new generation   total 22080K, used 2431K [0x03c00000, 0x053f0000, 0x09150000)
  eden space 19648K,   0% used [0x03c00000, 0x03c00000, 0x04f30000)
  from space 2432K,  99% used [0x04f30000, 0x0518ffe8, 0x05190000)
  to   space 2432K,   0% used [0x05190000, 0x05190000, 0x053f0000)
 tenured generation   total 48940K, used 32425K [0x09150000, 0x0c11b000, 0x13c00000)
   the space 48940K,  66% used [0x09150000, 0x0b0fa480, 0x0b0fa600, 0x0c11b000)
 Metaspace       used 3828K, capacity 4670K, committed 4736K, reserved 5504K
}

Deoptimization events (0 events):
No events

Internal exceptions (10 events):
Event: 0.043 Thread 0x002abc00 Exception <a 'java/lang/NoSuchMethodError': Method sun.misc.Unsafe.defineClass(Ljava/lang/String;[BII)Ljava/lang/Class; name or signature does not match> (0x03c079d8) thrown at [C:\workspace\8-2-build-windows-i586-cygwin\jdk8u77\6540\hotspot\src\share\vm\px(=é+*¦?
Event: 0.043 Thread 0x002abc00 Exception <a 'java/lang/NoSuchMethodError': Method sun.misc.Unsafe.prefetchRead(Ljava/lang/Object;J)V name or signature does not match> (0x03c07ca8) thrown at [C:\workspace\8-2-build-windows-i586-cygwin\jdk8u77\6540\hotspot\src\share\vm\prims\jni.cpp, line¼Cíîé’ø?
Event: 1.536 Thread 0x14e2ac00 Exception <a 'java/security/PrivilegedActionException'> (0x03f5dde0) thrown at [C:\workspace\8-2-build-windows-i586-cygwin\jdk8u77\6540\hotspot\src\share\vm\prims\jvm.cpp, line 1386]
Event: 1.536 Thread 0x14e2ac00 Exception <a 'java/security/PrivilegedActionException'> (0x03f5dfe0) thrown at [C:\workspace\8-2-build-windows-i586-cygwin\jdk8u77\6540\hotspot\src\share\vm\prims\jvm.cpp, line 1386]
Event: 1.537 Thread 0x14e2ac00 Exception <a 'java/security/PrivilegedActionException'> (0x03f61728) thrown at [C:\workspace\8-2-build-windows-i586-cygwin\jdk8u77\6540\hotspot\src\share\vm\prims\jvm.cpp, line 1386]
Event: 1.537 Thread 0x14e2ac00 Exception <a 'java/security/PrivilegedActionException'> (0x03f61928) thrown at [C:\workspace\8-2-build-windows-i586-cygwin\jdk8u77\6540\hotspot\src\share\vm\prims\jvm.cpp, line 1386]
Event: 2.187 Thread 0x14e2ac00 Exception <a 'java/io/FileNotFoundException'> (0x03f98960) thrown at [C:\workspace\8-2-build-windows-i586-cygwin\jdk8u77\6540\hotspot\src\share\vm\prims\jni.cpp, line 709]
Event: 2.244 Thread 0x14e2ac00 Exception <a 'java/lang/NoSuchFieldError': method resolution failed> (0x03c03540) thrown at [C:\workspace\8-2-build-windows-i586-cygwin\jdk8u77\6540\hotspot\src\share\vm\prims\methodHandles.cpp, line 1146]
Event: 2.248 Thread 0x14e2ac00 Exception <a 'java/lang/NoSuchFieldError': method resolution failed> (0x03c0f748) thrown at [C:\workspace\8-2-build-windows-i586-cygwin\jdk8u77\6540\hotspot\src\share\vm\prims\methodHandles.cpp, line 1146]
Event: 2.300 Thread 0x14e2ac00 Exception <a 'java/io/FileNotFoundException'> (0x03c92680) thrown at [C:\workspace\8-2-build-windows-i586-cygwin\jdk8u77\6540\hotspot\src\share\vm\prims\jni.cpp, line 709]

Events (10 events):
Event: 125.379 Executing VM operation: GenCollectForAllocation
Event: 125.411 Executing VM operation: GenCollectForAllocation done
Event: 187.532 loading class engine/core/GameItem
Event: 187.532 loading class engine/core/GameItem done
Event: 187.532 loading class engine/core/GameItem
Event: 187.532 loading class engine/core/GameItem done
Event: 187.532 loading class game/Renderer
Event: 187.532 loading class game/Renderer done
Event: 187.538 loading class java/nio/HeapIntBuffer
Event: 187.695 loading class java/nio/HeapIntBuffer done


Dynamic libraries:
0x00ef0000 - 0x00f23000 	C:\Program Files\Java\jre1.8.0_77\bin\javaw.exe
0x77170000 - 0x772b2000 	C:\Windows\SYSTEM32\ntdll.dll
0x75750000 - 0x75825000 	C:\Windows\system32\kernel32.dll
0x753c0000 - 0x7540b000 	C:\Windows\system32\KERNELBASE.dll
0x76070000 - 0x76111000 	C:\Windows\system32\ADVAPI32.dll
0x75900000 - 0x759ac000 	C:\Windows\system32\msvcrt.dll
0x756d0000 - 0x756e9000 	C:\Windows\SYSTEM32\sechost.dll
0x75e50000 - 0x75ef2000 	C:\Windows\system32\RPCRT4.dll
0x75830000 - 0x758f9000 	C:\Windows\system32\USER32.dll
0x77310000 - 0x7735e000 	C:\Windows\system32\GDI32.dll
0x75e40000 - 0x75e4a000 	C:\Windows\system32\LPK.dll
0x763f0000 - 0x7648d000 	C:\Windows\system32\USP10.dll
0x740d0000 - 0x7426e000 	C:\Windows\WinSxS\x86_microsoft.windows.common-controls_6595b64144ccf1df_6.0.7601.18837_none_41e855142bd5705d\COMCTL32.dll
0x77360000 - 0x773b7000 	C:\Windows\system32\SHLWAPI.dll
0x75cd0000 - 0x75cef000 	C:\Windows\system32\IMM32.DLL
0x75600000 - 0x756cc000 	C:\Windows\system32\MSCTF.dll
0x6b740000 - 0x6b7ff000 	C:\Program Files\Java\jre1.8.0_77\bin\msvcr100.dll
0x5f3f0000 - 0x5f7b8000 	C:\Program Files\Java\jre1.8.0_77\bin\client\jvm.dll
0x72e10000 - 0x72e17000 	C:\Windows\system32\WSOCK32.dll
0x75420000 - 0x75455000 	C:\Windows\system32\WS2_32.dll
0x763e0000 - 0x763e6000 	C:\Windows\system32\NSI.dll
0x6fbf0000 - 0x6fc22000 	C:\Windows\system32\WINMM.dll
0x745a0000 - 0x745a9000 	C:\Windows\system32\VERSION.dll
0x75f00000 - 0x75f05000 	C:\Windows\system32\PSAPI.DLL
0x65810000 - 0x6581c000 	C:\Program Files\Java\jre1.8.0_77\bin\verify.dll
0x655e0000 - 0x65601000 	C:\Program Files\Java\jre1.8.0_77\bin\java.dll
0x655c0000 - 0x655d3000 	C:\Program Files\Java\jre1.8.0_77\bin\zip.dll
0x76520000 - 0x7716c000 	C:\Windows\system32\SHELL32.dll
0x75f10000 - 0x7606d000 	C:\Windows\system32\ole32.dll
0x75100000 - 0x7510b000 	C:\Windows\system32\profapi.dll
0x6c590000 - 0x6c630000 	D:\ProjectsII\LWJGL Test Project\native\lwjgl32.dll
0x6ef80000 - 0x6ef83000 	C:\Windows\system32\api-ms-win-core-synch-l1-2-0.DLL
0x6c860000 - 0x6c88b000 	D:\ProjectsII\LWJGL Test Project\native\jemalloc32.dll
0x6b880000 - 0x6b8b2000 	D:\ProjectsII\LWJGL Test Project\native\glfw32.dll
0x73f50000 - 0x73f90000 	C:\Windows\system32\uxtheme.dll
0x73c10000 - 0x73c23000 	C:\Windows\system32\dwmapi.dll
0x6b670000 - 0x6b738000 	C:\Windows\system32\opengl32.dll
0x6b850000 - 0x6b872000 	C:\Windows\system32\GLU32.dll
0x6add0000 - 0x6aeb7000 	C:\Windows\system32\DDRAW.dll
0x72440000 - 0x72446000 	C:\Windows\system32\DCIMAN32.dll
0x75460000 - 0x755fd000 	C:\Windows\system32\SETUPAPI.dll
0x75380000 - 0x753a7000 	C:\Windows\system32\CFGMGR32.dll
0x759c0000 - 0x75a4f000 	C:\Windows\system32\OLEAUT32.dll
0x752d0000 - 0x752e2000 	C:\Windows\system32\DEVOBJ.dll
0x72560000 - 0x72567000 	C:\Windows\system32\atiglpxx.dll
0x69030000 - 0x6a355000 	C:\Windows\system32\atioglxx.dll
0x72e20000 - 0x72e82000 	C:\Windows\system32\atiadlxx.dll
0x752b0000 - 0x752c7000 	C:\Windows\system32\USERENV.dll
0x74590000 - 0x7459d000 	C:\Windows\system32\WTSAPI32.dll
0x75270000 - 0x7529f000 	C:\Windows\system32\WINTRUST.dll
0x75120000 - 0x75241000 	C:\Windows\system32\CRYPT32.dll
0x750f0000 - 0x750fc000 	C:\Windows\system32\MSASN1.dll
0x6faf0000 - 0x6fbd6000 	C:\Windows\system32\aticfx32.dll
0x71850000 - 0x7185b000 	C:\Windows\system32\atigktxx.dll
0x75010000 - 0x7501c000 	C:\Windows\system32\CRYPTBASE.dll
0x76490000 - 0x76513000 	C:\Windows\system32\CLBCatQ.DLL
0x655a0000 - 0x655b6000 	C:\Program Files\Java\jre1.8.0_77\bin\net.dll
0x74ad0000 - 0x74b0c000 	C:\Windows\system32\mswsock.dll
0x74cc0000 - 0x74cc6000 	C:\Windows\System32\wship6.dll
0x65590000 - 0x6559f000 	C:\Program Files\Java\jre1.8.0_77\bin\nio.dll
0x6ac80000 - 0x6adc5000 	C:\Program Files\Java\jre1.8.0_77\bin\awt.dll
0x6b810000 - 0x6b849000 	C:\Program Files\Java\jre1.8.0_77\bin\fontmanager.dll
0x5fc40000 - 0x5fe03000 	C:\Windows\system32\d3d9.dll
0x6a3c0000 - 0x6a3c6000 	C:\Windows\system32\d3d8thk.dll
0x722d0000 - 0x722db000 	C:\Windows\system32\atiu9pag.dll
0x67080000 - 0x6767e000 	C:\Windows\system32\atiumdag.dll
0x66be0000 - 0x67072000 	C:\Windows\system32\atiumdva.dll
0x6b640000 - 0x6b670000 	C:\Program Files\Java\jre1.8.0_77\bin\t2k.dll
0x74b10000 - 0x74b27000 	C:\Windows\system32\CRYPTSP.dll
0x748c0000 - 0x748fb000 	C:\Windows\system32\rsaenh.dll
0x72dc0000 - 0x72ddc000 	C:\Windows\system32\IPHLPAPI.DLL
0x72db0000 - 0x72db7000 	C:\Windows\system32\WINNSI.DLL
0x72b00000 - 0x72b12000 	C:\Windows\system32\dhcpcsvc.DLL
0x72df0000 - 0x72dfd000 	C:\Windows\system32\dhcpcsvc6.DLL
0x71480000 - 0x7156b000 	C:\Windows\system32\dbghelp.dll

VM Arguments:
jvm_args: -Djava.library.path=D:\ProjectsII\LWJGL Test Project\native;D:\ProjectsII\LWJGL Test Project\native -Dfile.encoding=Cp1252 
java_command: game.Main
java_class_path (initial): D:\ProjectsII\LWJGL Test Project\bin;D:\ProjectsII\LWJGL Test Project\jar\lwjgl.jar;D:\ProjectsII\LWJGL Test Project\jar\joml.jar;D:\ProjectsII\LWJGL Test Project\jar\PNGDecoder.jar
Launcher Type: SUN_STANDARD

Environment Variables:
PATH=C:/Program Files/Java/jre1.8.0_77/bin/client;C:/Program Files/Java/jre1.8.0_77/bin;C:/Program Files/Java/jre1.8.0_77/lib/i386;C:\Program Files\AMD APP\bin\x86;C:\ProgramData\Oracle\Java\javapath;C:\Windows\system32;C:\Windows;C:\Windows\System32\Wbem;C:\Windows\System32\WindowsPowerShell\v1.0\;C:\Program Files\Autodesk\Backburner\;C:\Program Files\Common Files\Autodesk Shared\;C:\Program Files\Skype\Phone\;C:\Program Files\ATI Technologies\ATI.ACE\Core-Static;D:\Program Files\Git\cmd;C:\Program Files\Java\jdk1.8.0_51\bin;C:\Java\Eclipse\eclipse;
USERNAME=Alex
OS=Windows_NT
PROCESSOR_IDENTIFIER=x86 Family 6 Model 15 Stepping 13, GenuineIntel



---------------  S Y S T E M  ---------------

OS: Windows 7 Build 7601 (6.1.7601.23392)

CPU:total 2 (2 cores per cpu, 1 threads per core) family 6 model 15 stepping 13, cmov, cx8, fxsr, mmx, sse, sse2, sse3, ssse3, tsc

Memory: 4k page, physical 3538168k(736872k free), swap 7074620k(3473852k free)

vm_info: Java HotSpot(TM) Client VM (25.77-b03) for windows-x86 JRE (1.8.0_77-b03), built on Mar 20 2016 22:00:03 by "java_re" with MS VC++ 10.0 (VS2010)

time: Fri Aug 19 18:36:17 2016
elapsed time: 189 seconds (0d 0h 3m 9s)

