#
# A fatal error has been detected by the Java Runtime Environment:
#
#  EXCEPTION_ACCESS_VIOLATION (0xc0000005) at pc=0x69f612eb, pid=3576, tid=4396
#
# JRE version: Java(TM) SE Runtime Environment (8.0_77-b03) (build 1.8.0_77-b03)
# Java VM: Java HotSpot(TM) Client VM (25.77-b03 mixed mode windows-x86 )
# Problematic frame:
# C  [atioglxx.dll+0xf312eb]
#
# Failed to write core dump. Minidumps are not enabled by default on client versions of Windows
#
# If you would like to submit a bug report, please visit:
#   http://bugreport.java.com/bugreport/crash.jsp
# The crash happened outside the Java Virtual Machine in native code.
# See problematic frame for where to report the bug.
#

---------------  T H R E A D  ---------------

Current thread (0x13ef9800):  JavaThread "GAME_LOOP_THREAD" [_thread_in_native, id=4396, stack(0x14120000,0x14170000)]

siginfo: ExceptionCode=0xc0000005, writing address 0x00000000

Registers:
EAX=0x00000000, EBX=0x1dd70000, ECX=0x00018000, EDX=0x00000000
ESP=0x1416f254, EBP=0x1416f25c, ESI=0x1dd70000, EDI=0x00000000
EIP=0x69f612eb, EFLAGS=0x00010206

Top of Stack: (sp=0x1416f254)
0x1416f254:   00c00000 00000000 1416f28c 69f61391
0x1416f264:   00000000 1dd70000 00c00000 00000003
0x1416f274:   00000000 00000000 1dd70000 00004000
0x1416f284:   00000000 163ab1e0 1416f41c 697c554d
0x1416f294:   00000000 1dd70000 00c00000 0000000b
0x1416f2a4:   00000007 163ab1e0 1416f434 00000001
0x1416f2b4:   00000007 00000001 00000000 00000000
0x1416f2c4:   00000001 00000001 00000000 00000000 

Instructions: (pc=0x69f612eb)
0x69f612cb:   4d 10 c1 e9 07 eb 06 8d 9b 00 00 00 00 66 0f 6f
0x69f612db:   06 66 0f 6f 4e 10 66 0f 6f 56 20 66 0f 6f 5e 30
0x69f612eb:   66 0f 7f 07 66 0f 7f 4f 10 66 0f 7f 57 20 66 0f
0x69f612fb:   7f 5f 30 66 0f 6f 66 40 66 0f 6f 6e 50 66 0f 6f 


Register to memory mapping:

EAX=0x00000000 is an unknown value
EBX=0x1dd70000 is an unknown value
ECX=0x00018000 is an unknown value
EDX=0x00000000 is an unknown value
ESP=0x1416f254 is pointing into the stack for thread: 0x13ef9800
EBP=0x1416f25c is pointing into the stack for thread: 0x13ef9800
ESI=0x1dd70000 is an unknown value
EDI=0x00000000 is an unknown value


Stack: [0x14120000,0x14170000],  sp=0x1416f254,  free space=316k
Native frames: (J=compiled Java code, j=interpreted, Vv=VM code, C=native code)
C  [atioglxx.dll+0xf312eb]
C  [atioglxx.dll+0xf31391]
C  [atioglxx.dll+0x79554d]
C  [atioglxx.dll+0x793c44]
C  [atioglxx.dll+0x726d6c]
C  [atioglxx.dll+0x8f532]
C  [atioglxx.dll+0x459992]
C  [lwjgl32.dll+0x3fcb0]
j  org.lwjgl.opengl.GL11.nglReadPixels(IIIIIIJ)V+20
j  org.lwjgl.opengl.GL11.glReadPixels(IIIIIILjava/nio/FloatBuffer;)V+26
j  game.Renderer.renderColorPickingMap(Lengine/core/graph/Camera;Lengine/core/graph/Scene;ILengine/core/graph/Texture;II)V+196
J 774 C1 game.SimpleGame.update(FLengine/core/MouseInput;)V (2213 bytes) @ 0x01ec56b4 [0x01ec5160+0x554]
j  engine.core.GameEngine.update(F)V+9
j  engine.core.GameEngine.gameLoop()V+32
j  engine.core.GameEngine.run()V+5
j  java.lang.Thread.run()V+11
v  ~StubRoutines::call_stub
V  [jvm.dll+0x158f95]
V  [jvm.dll+0x21e54e]
V  [jvm.dll+0x15902e]
V  [jvm.dll+0x1591b6]
V  [jvm.dll+0x159227]
V  [jvm.dll+0xfd9ef]
V  [jvm.dll+0x17c34c]
V  [jvm.dll+0x17c43a]
V  [jvm.dll+0x1c0a76]
C  [msvcr100.dll+0x5c556]
C  [msvcr100.dll+0x5c600]
C  [kernel32.dll+0x4ef1c]
C  [ntdll.dll+0x63648]
C  [ntdll.dll+0x6361b]
C  0x00000000

Java frames: (J=compiled Java code, j=interpreted, Vv=VM code)
j  org.lwjgl.system.JNI.callIIIIIIPV(JIIIIIIJ)V+0
j  org.lwjgl.opengl.GL11.nglReadPixels(IIIIIIJ)V+20
j  org.lwjgl.opengl.GL11.glReadPixels(IIIIIILjava/nio/FloatBuffer;)V+26
j  game.Renderer.renderColorPickingMap(Lengine/core/graph/Camera;Lengine/core/graph/Scene;ILengine/core/graph/Texture;II)V+196
J 774 C1 game.SimpleGame.update(FLengine/core/MouseInput;)V (2213 bytes) @ 0x01ec56b4 [0x01ec5160+0x554]
j  engine.core.GameEngine.update(F)V+9
j  engine.core.GameEngine.gameLoop()V+32
j  engine.core.GameEngine.run()V+5
j  java.lang.Thread.run()V+11
v  ~StubRoutines::call_stub

---------------  P R O C E S S  ---------------

Java Threads: ( => current thread )
  0x178da000 JavaThread "AWT-Windows" daemon [_thread_in_native, id=3116, stack(0x19980000,0x199d0000)]
  0x178a4000 JavaThread "Java2D Disposer" daemon [_thread_blocked, id=5284, stack(0x19840000,0x19890000)]
  0x0089bc00 JavaThread "DestroyJavaVM" [_thread_blocked, id=6092, stack(0x00700000,0x00750000)]
=>0x13ef9800 JavaThread "GAME_LOOP_THREAD" [_thread_in_native, id=4396, stack(0x14120000,0x14170000)]
  0x13e4c400 JavaThread "Service Thread" daemon [_thread_blocked, id=3744, stack(0x03cb0000,0x03d00000)]
  0x13e46800 JavaThread "C1 CompilerThread0" daemon [_thread_blocked, id=2552, stack(0x142c0000,0x14310000)]
  0x13e45800 JavaThread "Attach Listener" daemon [_thread_blocked, id=5572, stack(0x14220000,0x14270000)]
  0x13e4d400 JavaThread "Signal Dispatcher" daemon [_thread_blocked, id=5012, stack(0x141c0000,0x14210000)]
  0x13e37400 JavaThread "Finalizer" daemon [_thread_blocked, id=1392, stack(0x03d00000,0x03d50000)]
  0x13e12800 JavaThread "Reference Handler" daemon [_thread_blocked, id=3240, stack(0x00840000,0x00890000)]

Other Threads:
  0x13e0c400 VMThread [stack: 0x00ff0000,0x01040000] [id=1432]
  0x13e7d400 WatcherThread [stack: 0x14340000,0x14390000] [id=4120]

VM state:not at safepoint (normal execution)

VM Mutex/Monitor currently owned by a thread: None

Heap:
 def new generation   total 22720K, used 19002K [0x03e00000, 0x056a0000, 0x09350000)
  eden space 20224K,  81% used [0x03e00000, 0x04e1eb68, 0x051c0000)
  from space 2496K, 100% used [0x05430000, 0x056a0000, 0x056a0000)
  to   space 2496K,   0% used [0x051c0000, 0x051c0000, 0x05430000)
 tenured generation   total 50348K, used 31471K [0x09350000, 0x0c47b000, 0x13e00000)
   the space 50348K,  62% used [0x09350000, 0x0b20bc80, 0x0b20be00, 0x0c47b000)
 Metaspace       used 7953K, capacity 8146K, committed 8320K, reserved 8576K

Card table byte_map: [0x00750000,0x007e0000] byte_map_base: 0x00731000

Polling page: 0x00090000

CodeCache: size=32768Kb used=2358Kb max_used=2358Kb free=30409Kb
 bounds [0x01c90000, 0x01ee0000, 0x03c90000]
 total_blobs=1316 nmethods=857 adapters=391
 compilation: enabled

Compilation events (10 events):
Event: 23.255 Thread 0x13e46800  856             engine.core.graph.Mesh::getVaoID (5 bytes)
Event: 23.255 Thread 0x13e46800 nmethod 856 0x01edc508 code [0x01edc600, 0x01edc680]
Event: 23.500 Thread 0x13e46800  857             engine.core.Transformation::buildModelWorldMatrix (73 bytes)
Event: 23.501 Thread 0x13e46800 nmethod 857 0x01edc6c8 code [0x01edc890, 0x01edcad4]
Event: 23.552 Thread 0x13e46800  858             engine.core.graph.Mesh::getMaterial (5 bytes)
Event: 23.553 Thread 0x13e46800 nmethod 858 0x01edce08 code [0x01edcf00, 0x01edcf80]
Event: 23.781 Thread 0x13e46800  859             org.lwjgl.system.Checks::checkPointer (16 bytes)
Event: 23.781 Thread 0x13e46800 nmethod 859 0x01edcfc8 code [0x01edd0d0, 0x01edd1cc]
Event: 24.264 Thread 0x13e46800  860             java.lang.invoke.MethodType::checkPtypes (61 bytes)
Event: 24.265 Thread 0x13e46800 nmethod 860 0x01edd248 code [0x01edd3b0, 0x01edd768]

GC Heap History (10 events):
Event: 17.446 GC heap before
{Heap before GC invocations=22 (full 3):
 def new generation   total 13952K, used 13850K [0x03e00000, 0x04d20000, 0x09350000)
  eden space 12416K, 100% used [0x03e00000, 0x04a20000, 0x04a20000)
  from space 1536K,  93% used [0x04ba0000, 0x04d069e0, 0x04d20000)
  to   space 1536K,   0% used [0x04a20000, 0x04a20000, 0x04ba0000)
 tenured generation   total 30928K, used 20181K [0x09350000, 0x0b184000, 0x13e00000)
   the space 30928K,  65% used [0x09350000, 0x0a705470, 0x0a705600, 0x0b184000)
 Metaspace       used 7232K, capacity 7395K, committed 7552K, reserved 7552K
Event: 17.451 GC heap after
Heap after GC invocations=23 (full 3):
 def new generation   total 13952K, used 1237K [0x03e00000, 0x04d20000, 0x09350000)
  eden space 12416K,   0% used [0x03e00000, 0x03e00000, 0x04a20000)
  from space 1536K,  80% used [0x04a20000, 0x04b55690, 0x04ba0000)
  to   space 1536K,   0% used [0x04ba0000, 0x04ba0000, 0x04d20000)
 tenured generation   total 30928K, used 20813K [0x09350000, 0x0b184000, 0x13e00000)
   the space 30928K,  67% used [0x09350000, 0x0a7a3408, 0x0a7a3600, 0x0b184000)
 Metaspace       used 7232K, capacity 7395K, committed 7552K, reserved 7552K
}
Event: 17.675 GC heap before
{Heap before GC invocations=23 (full 3):
 def new generation   total 13952K, used 13653K [0x03e00000, 0x04d20000, 0x09350000)
  eden space 12416K, 100% used [0x03e00000, 0x04a20000, 0x04a20000)
  from space 1536K,  80% used [0x04a20000, 0x04b55690, 0x04ba0000)
  to   space 1536K,   0% used [0x04ba0000, 0x04ba0000, 0x04d20000)
 tenured generation   total 30928K, used 20813K [0x09350000, 0x0b184000, 0x13e00000)
   the space 30928K,  67% used [0x09350000, 0x0a7a3408, 0x0a7a3600, 0x0b184000)
 Metaspace       used 7234K, capacity 7395K, committed 7552K, reserved 7552K
Event: 17.683 GC heap after
Heap after GC invocations=24 (full 3):
 def new generation   total 13952K, used 1536K [0x03e00000, 0x04d20000, 0x09350000)
  eden space 12416K,   0% used [0x03e00000, 0x03e00000, 0x04a20000)
  from space 1536K, 100% used [0x04ba0000, 0x04d20000, 0x04d20000)
  to   space 1536K,   0% used [0x04a20000, 0x04a20000, 0x04ba0000)
 tenured generation   total 30928K, used 22396K [0x09350000, 0x0b184000, 0x13e00000)
   the space 30928K,  72% used [0x09350000, 0x0a92f228, 0x0a92f400, 0x0b184000)
 Metaspace       used 7234K, capacity 7395K, committed 7552K, reserved 7552K
}
Event: 18.040 GC heap before
{Heap before GC invocations=24 (full 3):
 def new generation   total 13952K, used 13952K [0x03e00000, 0x04d20000, 0x09350000)
  eden space 12416K, 100% used [0x03e00000, 0x04a20000, 0x04a20000)
  from space 1536K, 100% used [0x04ba0000, 0x04d20000, 0x04d20000)
  to   space 1536K,   0% used [0x04a20000, 0x04a20000, 0x04ba0000)
 tenured generation   total 30928K, used 22396K [0x09350000, 0x0b184000, 0x13e00000)
   the space 30928K,  72% used [0x09350000, 0x0a92f228, 0x0a92f400, 0x0b184000)
 Metaspace       used 7912K, capacity 8067K, committed 8192K, reserved 8576K
Event: 18.060 GC heap after
Heap after GC invocations=25 (full 3):
 def new generation   total 13952K, used 1536K [0x03e00000, 0x04d20000, 0x09350000)
  eden space 12416K,   0% used [0x03e00000, 0x03e00000, 0x04a20000)
  from space 1536K, 100% used [0x04a20000, 0x04ba0000, 0x04ba0000)
  to   space 1536K,   0% used [0x04ba0000, 0x04ba0000, 0x04d20000)
 tenured generation   total 30928K, used 28529K [0x09350000, 0x0b184000, 0x13e00000)
   the space 30928K,  92% used [0x09350000, 0x0af2c448, 0x0af2c600, 0x0b184000)
 Metaspace       used 7912K, capacity 8067K, committed 8192K, reserved 8576K
}
Event: 18.170 GC heap before
{Heap before GC invocations=25 (full 3):
 def new generation   total 13952K, used 13942K [0x03e00000, 0x04d20000, 0x09350000)
  eden space 12416K,  99% used [0x03e00000, 0x04a1d890, 0x04a20000)
  from space 1536K, 100% used [0x04a20000, 0x04ba0000, 0x04ba0000)
  to   space 1536K,   0% used [0x04ba0000, 0x04ba0000, 0x04d20000)
 tenured generation   total 30928K, used 28529K [0x09350000, 0x0b184000, 0x13e00000)
   the space 30928K,  92% used [0x09350000, 0x0af2c448, 0x0af2c600, 0x0b184000)
 Metaspace       used 7917K, capacity 8067K, committed 8192K, reserved 8576K
Event: 18.333 GC heap after
Heap after GC invocations=26 (full 4):
 def new generation   total 22720K, used 0K [0x03e00000, 0x056a0000, 0x09350000)
  eden space 20224K,   0% used [0x03e00000, 0x03e00000, 0x051c0000)
  from space 2496K,   0% used [0x051c0000, 0x051c0000, 0x05430000)
  to   space 2496K,   0% used [0x05430000, 0x05430000, 0x056a0000)
 tenured generation   total 50348K, used 30207K [0x09350000, 0x0c47b000, 0x13e00000)
   the space 50348K,  59% used [0x09350000, 0x0b0cffc0, 0x0b0d0000, 0x0c47b000)
 Metaspace       used 7917K, capacity 8067K, committed 8192K, reserved 8576K
}
Event: 18.455 GC heap before
{Heap before GC invocations=26 (full 4):
 def new generation   total 22720K, used 20224K [0x03e00000, 0x056a0000, 0x09350000)
  eden space 20224K, 100% used [0x03e00000, 0x051c0000, 0x051c0000)
  from space 2496K,   0% used [0x051c0000, 0x051c0000, 0x05430000)
  to   space 2496K,   0% used [0x05430000, 0x05430000, 0x056a0000)
 tenured generation   total 50348K, used 30207K [0x09350000, 0x0c47b000, 0x13e00000)
   the space 50348K,  59% used [0x09350000, 0x0b0cffc0, 0x0b0d0000, 0x0c47b000)
 Metaspace       used 7917K, capacity 8067K, committed 8192K, reserved 8576K
Event: 18.472 GC heap after
Heap after GC invocations=27 (full 4):
 def new generation   total 22720K, used 2496K [0x03e00000, 0x056a0000, 0x09350000)
  eden space 20224K,   0% used [0x03e00000, 0x03e00000, 0x051c0000)
  from space 2496K, 100% used [0x05430000, 0x056a0000, 0x056a0000)
  to   space 2496K,   0% used [0x051c0000, 0x051c0000, 0x05430000)
 tenured generation   total 50348K, used 31471K [0x09350000, 0x0c47b000, 0x13e00000)
   the space 50348K,  62% used [0x09350000, 0x0b20bc80, 0x0b20be00, 0x0c47b000)
 Metaspace       used 7917K, capacity 8067K, committed 8192K, reserved 8576K
}

Deoptimization events (0 events):
No events

Internal exceptions (10 events):
Event: 0.106 Thread 0x0089bc00 Exception <a 'java/lang/NoSuchMethodError': Method sun.misc.Unsafe.defineClass(Ljava/lang/String;[BII)Ljava/lang/Class; name or signature does not match> (0x03e06ea8) thrown at [C:\workspace\8-2-build-windows-i586-cygwin\jdk8u77\6540\hotspot\src\share\vm\pM6Zw|H»?
Event: 0.107 Thread 0x0089bc00 Exception <a 'java/lang/NoSuchMethodError': Method sun.misc.Unsafe.prefetchRead(Ljava/lang/Object;J)V name or signature does not match> (0x03e07178) thrown at [C:\workspace\8-2-build-windows-i586-cygwin\jdk8u77\6540\hotspot\src\share\vm\prims\jni.cpp, line†Ó=´çÊ÷?
Event: 1.487 Thread 0x13ef9800 Exception <a 'java/security/PrivilegedActionException'> (0x0417d238) thrown at [C:\workspace\8-2-build-windows-i586-cygwin\jdk8u77\6540\hotspot\src\share\vm\prims\jvm.cpp, line 1386]
Event: 1.487 Thread 0x13ef9800 Exception <a 'java/security/PrivilegedActionException'> (0x0417d438) thrown at [C:\workspace\8-2-build-windows-i586-cygwin\jdk8u77\6540\hotspot\src\share\vm\prims\jvm.cpp, line 1386]
Event: 1.490 Thread 0x13ef9800 Exception <a 'java/security/PrivilegedActionException'> (0x04180b80) thrown at [C:\workspace\8-2-build-windows-i586-cygwin\jdk8u77\6540\hotspot\src\share\vm\prims\jvm.cpp, line 1386]
Event: 1.490 Thread 0x13ef9800 Exception <a 'java/security/PrivilegedActionException'> (0x04180d80) thrown at [C:\workspace\8-2-build-windows-i586-cygwin\jdk8u77\6540\hotspot\src\share\vm\prims\jvm.cpp, line 1386]
Event: 2.133 Thread 0x13ef9800 Exception <a 'java/io/FileNotFoundException'> (0x041b7d60) thrown at [C:\workspace\8-2-build-windows-i586-cygwin\jdk8u77\6540\hotspot\src\share\vm\prims\jni.cpp, line 709]
Event: 2.205 Thread 0x13ef9800 Exception <a 'java/lang/NoSuchFieldError': method resolution failed> (0x03e229f8) thrown at [C:\workspace\8-2-build-windows-i586-cygwin\jdk8u77\6540\hotspot\src\share\vm\prims\methodHandles.cpp, line 1146]
Event: 2.208 Thread 0x13ef9800 Exception <a 'java/lang/NoSuchFieldError': method resolution failed> (0x03e2ef50) thrown at [C:\workspace\8-2-build-windows-i586-cygwin\jdk8u77\6540\hotspot\src\share\vm\prims\methodHandles.cpp, line 1146]
Event: 2.289 Thread 0x13ef9800 Exception <a 'java/io/FileNotFoundException'> (0x03eb1f60) thrown at [C:\workspace\8-2-build-windows-i586-cygwin\jdk8u77\6540\hotspot\src\share\vm\prims\jni.cpp, line 709]

Events (10 events):
Event: 18.960 loading class game/Renderer done
Event: 20.029 Thread 0x13e46800 flushing nmethod 0x01e48388
Event: 24.264 loading class engine/core/GameItem
Event: 24.264 loading class engine/core/GameItem done
Event: 24.264 loading class engine/core/GameItem
Event: 24.264 loading class engine/core/GameItem done
Event: 24.264 loading class game/Renderer
Event: 24.264 loading class game/Renderer done
Event: 24.267 loading class java/nio/HeapFloatBuffer
Event: 24.268 loading class java/nio/HeapFloatBuffer done


Dynamic libraries:
0x01050000 - 0x01083000 	C:\Program Files\Java\jre1.8.0_77\bin\javaw.exe
0x77170000 - 0x772b2000 	C:\Windows\SYSTEM32\ntdll.dll
0x75750000 - 0x75825000 	C:\Windows\system32\kernel32.dll
0x753c0000 - 0x7540b000 	C:\Windows\system32\KERNELBASE.dll
0x76070000 - 0x76111000 	C:\Windows\system32\ADVAPI32.dll
0x75900000 - 0x759ac000 	C:\Windows\system32\msvcrt.dll
0x756d0000 - 0x756e9000 	C:\Windows\SYSTEM32\sechost.dll
0x75e50000 - 0x75ef2000 	C:\Windows\system32\RPCRT4.dll
0x75830000 - 0x758f9000 	C:\Windows\system32\USER32.dll
0x77310000 - 0x7735e000 	C:\Windows\system32\GDI32.dll
0x75e40000 - 0x75e4a000 	C:\Windows\system32\LPK.dll
0x763f0000 - 0x7648d000 	C:\Windows\system32\USP10.dll
0x740d0000 - 0x7426e000 	C:\Windows\WinSxS\x86_microsoft.windows.common-controls_6595b64144ccf1df_6.0.7601.18837_none_41e855142bd5705d\COMCTL32.dll
0x77360000 - 0x773b7000 	C:\Windows\system32\SHLWAPI.dll
0x75cd0000 - 0x75cef000 	C:\Windows\system32\IMM32.DLL
0x75600000 - 0x756cc000 	C:\Windows\system32\MSCTF.dll
0x6b8d0000 - 0x6b98f000 	C:\Program Files\Java\jre1.8.0_77\bin\msvcr100.dll
0x5f3f0000 - 0x5f7b8000 	C:\Program Files\Java\jre1.8.0_77\bin\client\jvm.dll
0x72e10000 - 0x72e17000 	C:\Windows\system32\WSOCK32.dll
0x75420000 - 0x75455000 	C:\Windows\system32\WS2_32.dll
0x763e0000 - 0x763e6000 	C:\Windows\system32\NSI.dll
0x6fbf0000 - 0x6fc22000 	C:\Windows\system32\WINMM.dll
0x745a0000 - 0x745a9000 	C:\Windows\system32\VERSION.dll
0x75f00000 - 0x75f05000 	C:\Windows\system32\PSAPI.DLL
0x65810000 - 0x6581c000 	C:\Program Files\Java\jre1.8.0_77\bin\verify.dll
0x655e0000 - 0x65601000 	C:\Program Files\Java\jre1.8.0_77\bin\java.dll
0x655c0000 - 0x655d3000 	C:\Program Files\Java\jre1.8.0_77\bin\zip.dll
0x76520000 - 0x7716c000 	C:\Windows\system32\SHELL32.dll
0x75f10000 - 0x7606d000 	C:\Windows\system32\ole32.dll
0x75100000 - 0x7510b000 	C:\Windows\system32\profapi.dll
0x6b9b0000 - 0x6ba50000 	D:\ProjectsII\LWJGL Test Project\native\lwjgl32.dll
0x6ef80000 - 0x6ef83000 	C:\Windows\system32\api-ms-win-core-synch-l1-2-0.DLL
0x717c0000 - 0x717eb000 	D:\ProjectsII\LWJGL Test Project\native\jemalloc32.dll
0x6c5f0000 - 0x6c622000 	D:\ProjectsII\LWJGL Test Project\native\glfw32.dll
0x73f50000 - 0x73f90000 	C:\Windows\system32\uxtheme.dll
0x73c10000 - 0x73c23000 	C:\Windows\system32\dwmapi.dll
0x6b800000 - 0x6b8c8000 	C:\Windows\system32\opengl32.dll
0x6b7d0000 - 0x6b7f2000 	C:\Windows\system32\GLU32.dll
0x6b6e0000 - 0x6b7c7000 	C:\Windows\system32\DDRAW.dll
0x738d0000 - 0x738d6000 	C:\Windows\system32\DCIMAN32.dll
0x75460000 - 0x755fd000 	C:\Windows\system32\SETUPAPI.dll
0x75380000 - 0x753a7000 	C:\Windows\system32\CFGMGR32.dll
0x759c0000 - 0x75a4f000 	C:\Windows\system32\OLEAUT32.dll
0x752d0000 - 0x752e2000 	C:\Windows\system32\DEVOBJ.dll
0x728d0000 - 0x728d7000 	C:\Windows\system32\atiglpxx.dll
0x69030000 - 0x6a355000 	C:\Windows\system32\atioglxx.dll
0x72e20000 - 0x72e82000 	C:\Windows\system32\atiadlxx.dll
0x752b0000 - 0x752c7000 	C:\Windows\system32\USERENV.dll
0x74590000 - 0x7459d000 	C:\Windows\system32\WTSAPI32.dll
0x75270000 - 0x7529f000 	C:\Windows\system32\WINTRUST.dll
0x75120000 - 0x75241000 	C:\Windows\system32\CRYPT32.dll
0x750f0000 - 0x750fc000 	C:\Windows\system32\MSASN1.dll
0x6faf0000 - 0x6fbd6000 	C:\Windows\system32\aticfx32.dll
0x72560000 - 0x7256b000 	C:\Windows\system32\atigktxx.dll
0x75010000 - 0x7501c000 	C:\Windows\system32\CRYPTBASE.dll
0x76490000 - 0x76513000 	C:\Windows\system32\CLBCatQ.DLL
0x655a0000 - 0x655b6000 	C:\Program Files\Java\jre1.8.0_77\bin\net.dll
0x74ad0000 - 0x74b0c000 	C:\Windows\system32\mswsock.dll
0x74cc0000 - 0x74cc6000 	C:\Windows\System32\wship6.dll
0x65590000 - 0x6559f000 	C:\Program Files\Java\jre1.8.0_77\bin\nio.dll
0x6b530000 - 0x6b675000 	C:\Program Files\Java\jre1.8.0_77\bin\awt.dll
0x6c850000 - 0x6c889000 	C:\Program Files\Java\jre1.8.0_77\bin\fontmanager.dll
0x5fc40000 - 0x5fe03000 	C:\Windows\system32\d3d9.dll
0x6a3c0000 - 0x6a3c6000 	C:\Windows\system32\d3d8thk.dll
0x72890000 - 0x7289b000 	C:\Windows\system32\atiu9pag.dll
0x67080000 - 0x6767e000 	C:\Windows\system32\atiumdag.dll
0x646d0000 - 0x64b62000 	C:\Windows\system32\atiumdva.dll
0x6b500000 - 0x6b530000 	C:\Program Files\Java\jre1.8.0_77\bin\t2k.dll
0x74b10000 - 0x74b27000 	C:\Windows\system32\CRYPTSP.dll
0x748c0000 - 0x748fb000 	C:\Windows\system32\rsaenh.dll
0x72dc0000 - 0x72ddc000 	C:\Windows\system32\IPHLPAPI.DLL
0x72db0000 - 0x72db7000 	C:\Windows\system32\WINNSI.DLL
0x72b00000 - 0x72b12000 	C:\Windows\system32\dhcpcsvc.DLL
0x72df0000 - 0x72dfd000 	C:\Windows\system32\dhcpcsvc6.DLL
0x71480000 - 0x7156b000 	C:\Windows\system32\dbghelp.dll

VM Arguments:
jvm_args: -Djava.library.path=D:\ProjectsII\LWJGL Test Project\native;D:\ProjectsII\LWJGL Test Project\native -Dfile.encoding=Cp1252 
java_command: game.Main
java_class_path (initial): D:\ProjectsII\LWJGL Test Project\bin;D:\ProjectsII\LWJGL Test Project\jar\lwjgl.jar;D:\ProjectsII\LWJGL Test Project\jar\joml.jar;D:\ProjectsII\LWJGL Test Project\jar\PNGDecoder.jar
Launcher Type: SUN_STANDARD

Environment Variables:
PATH=C:/Program Files/Java/jre1.8.0_77/bin/client;C:/Program Files/Java/jre1.8.0_77/bin;C:/Program Files/Java/jre1.8.0_77/lib/i386;C:\Program Files\AMD APP\bin\x86;C:\ProgramData\Oracle\Java\javapath;C:\Windows\system32;C:\Windows;C:\Windows\System32\Wbem;C:\Windows\System32\WindowsPowerShell\v1.0\;C:\Program Files\Autodesk\Backburner\;C:\Program Files\Common Files\Autodesk Shared\;C:\Program Files\Skype\Phone\;C:\Program Files\ATI Technologies\ATI.ACE\Core-Static;D:\Program Files\Git\cmd;C:\Program Files\Java\jdk1.8.0_51\bin;C:\Java\Eclipse\eclipse;
USERNAME=Alex
OS=Windows_NT
PROCESSOR_IDENTIFIER=x86 Family 6 Model 15 Stepping 13, GenuineIntel



---------------  S Y S T E M  ---------------

OS: Windows 7 Build 7601 (6.1.7601.23392)

CPU:total 2 (2 cores per cpu, 1 threads per core) family 6 model 15 stepping 13, cmov, cx8, fxsr, mmx, sse, sse2, sse3, ssse3, tsc

Memory: 4k page, physical 3538168k(1019236k free), swap 7074620k(3804388k free)

vm_info: Java HotSpot(TM) Client VM (25.77-b03) for windows-x86 JRE (1.8.0_77-b03), built on Mar 20 2016 22:00:03 by "java_re" with MS VC++ 10.0 (VS2010)

time: Fri Aug 19 19:36:40 2016
elapsed time: 24 seconds (0d 0h 0m 24s)

