#
# A fatal error has been detected by the Java Runtime Environment:
#
#  EXCEPTION_ACCESS_VIOLATION (0xc0000005) at pc=0x69f612eb, pid=6056, tid=4316
#
# JRE version: Java(TM) SE Runtime Environment (8.0_77-b03) (build 1.8.0_77-b03)
# Java VM: Java HotSpot(TM) Client VM (25.77-b03 mixed mode, sharing windows-x86 )
# Problematic frame:
# C  [atioglxx.dll+0xf312eb]
#
# Failed to write core dump. Minidumps are not enabled by default on client versions of Windows
#
# If you would like to submit a bug report, please visit:
#   http://bugreport.java.com/bugreport/crash.jsp
# The crash happened outside the Java Virtual Machine in native code.
# See problematic frame for where to report the bug.
#

---------------  T H R E A D  ---------------

Current thread (0x14dde000):  JavaThread "GAME_LOOP_THREAD" [_thread_in_native, id=4316, stack(0x147b0000,0x14800000)]

siginfo: ExceptionCode=0xc0000005, writing address 0x00000000

Registers:
EAX=0x00000000, EBX=0x2a9a0000, ECX=0x00012000, EDX=0x00000000
ESP=0x147ff594, EBP=0x147ff59c, ESI=0x2a9a0000, EDI=0x00000000
EIP=0x69f612eb, EFLAGS=0x00010206

Top of Stack: (sp=0x147ff594)
0x147ff594:   00900000 00000000 147ff5cc 69f61391
0x147ff5a4:   00000000 2a9a0000 00900000 00000003
0x147ff5b4:   00000000 00000000 2a9a0000 00003000
0x147ff5c4:   00000000 1702b1e0 147ff75c 697c554d
0x147ff5d4:   00000000 2a9a0000 00900000 00000009
0x147ff5e4:   00000005 1702b1e0 147ff774 00000001
0x147ff5f4:   00000007 00000001 00000000 00000000
0x147ff604:   00000001 00000001 00000000 00000000 

Instructions: (pc=0x69f612eb)
0x69f612cb:   4d 10 c1 e9 07 eb 06 8d 9b 00 00 00 00 66 0f 6f
0x69f612db:   06 66 0f 6f 4e 10 66 0f 6f 56 20 66 0f 6f 5e 30
0x69f612eb:   66 0f 7f 07 66 0f 7f 4f 10 66 0f 7f 57 20 66 0f
0x69f612fb:   7f 5f 30 66 0f 6f 66 40 66 0f 6f 6e 50 66 0f 6f 


Register to memory mapping:

EAX=0x00000000 is an unknown value
EBX=0x2a9a0000 is an unknown value
ECX=0x00012000 is an unknown value
EDX=0x00000000 is an unknown value
ESP=0x147ff594 is pointing into the stack for thread: 0x14dde000
EBP=0x147ff59c is pointing into the stack for thread: 0x14dde000
ESI=0x2a9a0000 is an unknown value
EDI=0x00000000 is an unknown value


Stack: [0x147b0000,0x14800000],  sp=0x147ff594,  free space=317k
Native frames: (J=compiled Java code, j=interpreted, Vv=VM code, C=native code)
C  [atioglxx.dll+0xf312eb]
C  [atioglxx.dll+0xf31391]
C  [atioglxx.dll+0x79554d]
C  [atioglxx.dll+0x793c44]
C  [atioglxx.dll+0x726d6c]
C  [atioglxx.dll+0x8f532]
C  [atioglxx.dll+0x459992]
C  [lwjgl32.dll+0x3fcb0]
j  org.lwjgl.opengl.GL11.nglReadPixels(IIIIIIJ)V+20
j  org.lwjgl.opengl.GL11.glReadPixels(IIIIIILjava/nio/IntBuffer;)V+26
j  game.Renderer.renderColorPickingMap(Lengine/core/graph/Camera;Lengine/core/graph/Scene;ILengine/core/graph/Texture;II)V+196
J 771 C1 game.SimpleGame.update(FLengine/core/MouseInput;)V (2213 bytes) @ 0x01a5d9b4 [0x01a5d460+0x554]
J 900 C1 engine.core.GameEngine.update(F)V (15 bytes) @ 0x01a910dc [0x01a91090+0x4c]
j  engine.core.GameEngine.gameLoop()V+32
j  engine.core.GameEngine.run()V+5
j  java.lang.Thread.run()V+11
v  ~StubRoutines::call_stub
V  [jvm.dll+0x158f95]
V  [jvm.dll+0x21e54e]
V  [jvm.dll+0x15902e]
V  [jvm.dll+0x1591b6]
V  [jvm.dll+0x159227]
V  [jvm.dll+0xfd9ef]
V  [jvm.dll+0x17c34c]
V  [jvm.dll+0x17c43a]
V  [jvm.dll+0x1c0a76]
C  [msvcr100.dll+0x5c556]
C  [msvcr100.dll+0x5c600]
C  [kernel32.dll+0x4ef1c]
C  [ntdll.dll+0x63648]
C  [ntdll.dll+0x6361b]
C  0x00000000

Java frames: (J=compiled Java code, j=interpreted, Vv=VM code)
j  org.lwjgl.system.JNI.callIIIIIIPV(JIIIIIIJ)V+0
j  org.lwjgl.opengl.GL11.nglReadPixels(IIIIIIJ)V+20
j  org.lwjgl.opengl.GL11.glReadPixels(IIIIIILjava/nio/IntBuffer;)V+26
j  game.Renderer.renderColorPickingMap(Lengine/core/graph/Camera;Lengine/core/graph/Scene;ILengine/core/graph/Texture;II)V+196
J 771 C1 game.SimpleGame.update(FLengine/core/MouseInput;)V (2213 bytes) @ 0x01a5d9b4 [0x01a5d460+0x554]
J 900 C1 engine.core.GameEngine.update(F)V (15 bytes) @ 0x01a910dc [0x01a91090+0x4c]
j  engine.core.GameEngine.gameLoop()V+32
j  engine.core.GameEngine.run()V+5
j  java.lang.Thread.run()V+11
v  ~StubRoutines::call_stub

---------------  P R O C E S S  ---------------

Java Threads: ( => current thread )
  0x14dfbc00 JavaThread "AWT-Windows" daemon [_thread_in_native, id=3056, stack(0x13a80000,0x13ad0000)]
  0x14ed5400 JavaThread "Java2D Disposer" daemon [_thread_blocked, id=3984, stack(0x19e10000,0x19e60000)]
  0x002dbc00 JavaThread "DestroyJavaVM" [_thread_blocked, id=5536, stack(0x005b0000,0x00600000)]
=>0x14dde000 JavaThread "GAME_LOOP_THREAD" [_thread_in_native, id=4316, stack(0x147b0000,0x14800000)]
  0x0143e000 JavaThread "Service Thread" daemon [_thread_blocked, id=3172, stack(0x14750000,0x147a0000)]
  0x01404800 JavaThread "C1 CompilerThread0" daemon [_thread_blocked, id=2464, stack(0x014a0000,0x014f0000)]
  0x013fec00 JavaThread "Attach Listener" daemon [_thread_blocked, id=6044, stack(0x13af0000,0x13b40000)]
  0x013fc000 JavaThread "Signal Dispatcher" daemon [_thread_blocked, id=2020, stack(0x14620000,0x14670000)]
  0x013f3400 JavaThread "Finalizer" daemon [_thread_blocked, id=1404, stack(0x13a30000,0x13a80000)]
  0x01397400 JavaThread "Reference Handler" daemon [_thread_blocked, id=2556, stack(0x038d0000,0x03920000)]

Other Threads:
  0x01393000 VMThread [stack: 0x03850000,0x038a0000] [id=2072]
  0x01440400 WatcherThread [stack: 0x13b40000,0x13b90000] [id=1608]

VM state:not at safepoint (normal execution)

VM Mutex/Monitor currently owned by a thread: None

Heap:
 def new generation   total 21376K, used 3508K [0x03a00000, 0x05130000, 0x08f50000)
  eden space 19008K,   6% used [0x03a00000, 0x03b1d228, 0x04c90000)
  from space 2368K, 100% used [0x04ee0000, 0x05130000, 0x05130000)
  to   space 2368K,   0% used [0x04c90000, 0x04c90000, 0x04ee0000)
 tenured generation   total 47368K, used 31825K [0x08f50000, 0x0bd92000, 0x13a00000)
   the space 47368K,  67% used [0x08f50000, 0x0ae64690, 0x0ae64800, 0x0bd92000)
 Metaspace       used 3833K, capacity 4672K, committed 4736K, reserved 5504K

Card table byte_map: [0x00670000,0x00700000] byte_map_base: 0x00653000

Polling page: 0x00100000

CodeCache: size=32768Kb used=2535Kb max_used=2535Kb free=30232Kb
 bounds [0x01820000, 0x01aa0000, 0x03820000]
 total_blobs=1385 nmethods=926 adapters=391
 compilation: enabled

Compilation events (10 events):
Event: 81.491 Thread 0x01404800  925             java.util.concurrent.atomic.AtomicLong::decrementAndGet (16 bytes)
Event: 81.491 Thread 0x01404800 nmethod 925 0x01a98e48 code [0x01a98f40, 0x01a99030]
Event: 81.492 Thread 0x01404800  926   !         sun.misc.Cleaner::clean (35 bytes)
Event: 81.492 Thread 0x01404800 nmethod 926 0x01a990c8 code [0x01a99200, 0x01a99360]
Event: 81.492 Thread 0x01404800  927  s          sun.misc.Cleaner::remove (89 bytes)
Event: 81.492 Thread 0x01404800 nmethod 927 0x01a99488 code [0x01a99590, 0x01a99840]
Event: 81.492 Thread 0x01404800  928             java.nio.DirectByteBuffer$Deallocator::run (37 bytes)
Event: 81.492 Thread 0x01404800 nmethod 928 0x01a99908 code [0x01a99a20, 0x01a99b38]
Event: 81.502 Thread 0x01404800  929 %           java.lang.ref.Reference$ReferenceHandler::run @ 0 (8 bytes)
Event: 81.503 Thread 0x01404800 nmethod 929% 0x01a99bc8 code [0x01a99cd0, 0x01a99d7c]

GC Heap History (10 events):
Event: 28.298 GC heap before
{Heap before GC invocations=24 (full 3):
 def new generation   total 13568K, used 13568K [0x03a00000, 0x048b0000, 0x08f50000)
  eden space 12096K, 100% used [0x03a00000, 0x045d0000, 0x045d0000)
  from space 1472K, 100% used [0x04740000, 0x048b0000, 0x048b0000)
  to   space 1472K,   0% used [0x045d0000, 0x045d0000, 0x04740000)
 tenured generation   total 29976K, used 24473K [0x08f50000, 0x0ac96000, 0x13a00000)
   the space 29976K,  81% used [0x08f50000, 0x0a736780, 0x0a736800, 0x0ac96000)
 Metaspace       used 3744K, capacity 4623K, committed 4736K, reserved 5504K
Event: 28.310 GC heap after
Heap after GC invocations=25 (full 3):
 def new generation   total 13568K, used 1472K [0x03a00000, 0x048b0000, 0x08f50000)
  eden space 12096K,   0% used [0x03a00000, 0x03a00000, 0x045d0000)
  from space 1472K, 100% used [0x045d0000, 0x04740000, 0x04740000)
  to   space 1472K,   0% used [0x04740000, 0x04740000, 0x048b0000)
 tenured generation   total 29976K, used 26434K [0x08f50000, 0x0ac96000, 0x13a00000)
   the space 29976K,  88% used [0x08f50000, 0x0a920ac0, 0x0a920c00, 0x0ac96000)
 Metaspace       used 3744K, capacity 4623K, committed 4736K, reserved 5504K
}
Event: 28.620 GC heap before
{Heap before GC invocations=25 (full 3):
 def new generation   total 13568K, used 13568K [0x03a00000, 0x048b0000, 0x08f50000)
  eden space 12096K, 100% used [0x03a00000, 0x045d0000, 0x045d0000)
  from space 1472K, 100% used [0x045d0000, 0x04740000, 0x04740000)
  to   space 1472K,   0% used [0x04740000, 0x04740000, 0x048b0000)
 tenured generation   total 29976K, used 26434K [0x08f50000, 0x0ac96000, 0x13a00000)
   the space 29976K,  88% used [0x08f50000, 0x0a920ac0, 0x0a920c00, 0x0ac96000)
 Metaspace       used 3795K, capacity 4623K, committed 4736K, reserved 5504K
Event: 28.771 GC heap after
Heap after GC invocations=26 (full 4):
 def new generation   total 21376K, used 0K [0x03a00000, 0x05130000, 0x08f50000)
  eden space 19008K,   0% used [0x03a00000, 0x03a00000, 0x04c90000)
  from space 2368K,   0% used [0x04c90000, 0x04c90000, 0x04ee0000)
  to   space 2368K,   0% used [0x04ee0000, 0x04ee0000, 0x05130000)
 tenured generation   total 47368K, used 28418K [0x08f50000, 0x0bd92000, 0x13a00000)
   the space 47368K,  59% used [0x08f50000, 0x0ab10bb8, 0x0ab10c00, 0x0bd92000)
 Metaspace       used 3795K, capacity 4623K, committed 4736K, reserved 5504K
}
Event: 28.929 GC heap before
{Heap before GC invocations=26 (full 4):
 def new generation   total 21376K, used 19008K [0x03a00000, 0x05130000, 0x08f50000)
  eden space 19008K, 100% used [0x03a00000, 0x04c90000, 0x04c90000)
  from space 2368K,   0% used [0x04c90000, 0x04c90000, 0x04ee0000)
  to   space 2368K,   0% used [0x04ee0000, 0x04ee0000, 0x05130000)
 tenured generation   total 47368K, used 28418K [0x08f50000, 0x0bd92000, 0x13a00000)
   the space 47368K,  59% used [0x08f50000, 0x0ab10bb8, 0x0ab10c00, 0x0bd92000)
 Metaspace       used 3796K, capacity 4623K, committed 4736K, reserved 5504K
Event: 28.939 GC heap after
Heap after GC invocations=27 (full 4):
 def new generation   total 21376K, used 1845K [0x03a00000, 0x05130000, 0x08f50000)
  eden space 19008K,   0% used [0x03a00000, 0x03a00000, 0x04c90000)
  from space 2368K,  77% used [0x04ee0000, 0x050ad558, 0x05130000)
  to   space 2368K,   0% used [0x04c90000, 0x04c90000, 0x04ee0000)
 tenured generation   total 47368K, used 28418K [0x08f50000, 0x0bd92000, 0x13a00000)
   the space 47368K,  59% used [0x08f50000, 0x0ab10bb8, 0x0ab10c00, 0x0bd92000)
 Metaspace       used 3796K, capacity 4623K, committed 4736K, reserved 5504K
}
Event: 29.034 GC heap before
{Heap before GC invocations=27 (full 4):
 def new generation   total 21376K, used 20853K [0x03a00000, 0x05130000, 0x08f50000)
  eden space 19008K, 100% used [0x03a00000, 0x04c90000, 0x04c90000)
  from space 2368K,  77% used [0x04ee0000, 0x050ad558, 0x05130000)
  to   space 2368K,   0% used [0x04c90000, 0x04c90000, 0x04ee0000)
 tenured generation   total 47368K, used 28418K [0x08f50000, 0x0bd92000, 0x13a00000)
   the space 47368K,  59% used [0x08f50000, 0x0ab10bb8, 0x0ab10c00, 0x0bd92000)
 Metaspace       used 3796K, capacity 4623K, committed 4736K, reserved 5504K
Event: 29.041 GC heap after
Heap after GC invocations=28 (full 4):
 def new generation   total 21376K, used 394K [0x03a00000, 0x05130000, 0x08f50000)
  eden space 19008K,   0% used [0x03a00000, 0x03a00000, 0x04c90000)
  from space 2368K,  16% used [0x04c90000, 0x04cf2a48, 0x04ee0000)
  to   space 2368K,   0% used [0x04ee0000, 0x04ee0000, 0x05130000)
 tenured generation   total 47368K, used 29322K [0x08f50000, 0x0bd92000, 0x13a00000)
   the space 47368K,  61% used [0x08f50000, 0x0abf29e8, 0x0abf2a00, 0x0bd92000)
 Metaspace       used 3796K, capacity 4623K, committed 4736K, reserved 5504K
}
Event: 81.449 GC heap before
{Heap before GC invocations=28 (full 4):
 def new generation   total 21376K, used 19402K [0x03a00000, 0x05130000, 0x08f50000)
  eden space 19008K, 100% used [0x03a00000, 0x04c90000, 0x04c90000)
  from space 2368K,  16% used [0x04c90000, 0x04cf2a48, 0x04ee0000)
  to   space 2368K,   0% used [0x04ee0000, 0x04ee0000, 0x05130000)
 tenured generation   total 47368K, used 29322K [0x08f50000, 0x0bd92000, 0x13a00000)
   the space 47368K,  61% used [0x08f50000, 0x0abf29e8, 0x0abf2a00, 0x0bd92000)
 Metaspace       used 3828K, capacity 4670K, committed 4736K, reserved 5504K
Event: 81.487 GC heap after
Heap after GC invocations=29 (full 4):
 def new generation   total 21376K, used 2368K [0x03a00000, 0x05130000, 0x08f50000)
  eden space 19008K,   0% used [0x03a00000, 0x03a00000, 0x04c90000)
  from space 2368K, 100% used [0x04ee0000, 0x05130000, 0x05130000)
  to   space 2368K,   0% used [0x04c90000, 0x04c90000, 0x04ee0000)
 tenured generation   total 47368K, used 31825K [0x08f50000, 0x0bd92000, 0x13a00000)
   the space 47368K,  67% used [0x08f50000, 0x0ae64690, 0x0ae64800, 0x0bd92000)
 Metaspace       used 3828K, capacity 4670K, committed 4736K, reserved 5504K
}

Deoptimization events (0 events):
No events

Internal exceptions (10 events):
Event: 1.098 Thread 0x002dbc00 Exception <a 'java/lang/NoSuchMethodError': Method sun.misc.Unsafe.defineClass(Ljava/lang/String;[BII)Ljava/lang/Class; name or signature does not match> (0x03a079d8) thrown at [C:\workspace\8-2-build-windows-i586-cygwin\jdk8u77\6540\hotspot\src\share\vm\pÇéêxi‘ñ?
Event: 1.098 Thread 0x002dbc00 Exception <a 'java/lang/NoSuchMethodError': Method sun.misc.Unsafe.prefetchRead(Ljava/lang/Object;J)V name or signature does not match> (0x03a07ca8) thrown at [C:\workspace\8-2-build-windows-i586-cygwin\jdk8u77\6540\hotspot\src\share\vm\prims\jni.cpp, lineœ¶—7÷@
Event: 5.741 Thread 0x14dde000 Exception <a 'java/security/PrivilegedActionException'> (0x03d5d160) thrown at [C:\workspace\8-2-build-windows-i586-cygwin\jdk8u77\6540\hotspot\src\share\vm\prims\jvm.cpp, line 1386]
Event: 5.741 Thread 0x14dde000 Exception <a 'java/security/PrivilegedActionException'> (0x03d5d360) thrown at [C:\workspace\8-2-build-windows-i586-cygwin\jdk8u77\6540\hotspot\src\share\vm\prims\jvm.cpp, line 1386]
Event: 5.743 Thread 0x14dde000 Exception <a 'java/security/PrivilegedActionException'> (0x03d60aa8) thrown at [C:\workspace\8-2-build-windows-i586-cygwin\jdk8u77\6540\hotspot\src\share\vm\prims\jvm.cpp, line 1386]
Event: 5.743 Thread 0x14dde000 Exception <a 'java/security/PrivilegedActionException'> (0x03d60ca8) thrown at [C:\workspace\8-2-build-windows-i586-cygwin\jdk8u77\6540\hotspot\src\share\vm\prims\jvm.cpp, line 1386]
Event: 7.296 Thread 0x14dde000 Exception <a 'java/io/FileNotFoundException'> (0x03d97dc0) thrown at [C:\workspace\8-2-build-windows-i586-cygwin\jdk8u77\6540\hotspot\src\share\vm\prims\jni.cpp, line 709]
Event: 7.569 Thread 0x14dde000 Exception <a 'java/lang/NoSuchFieldError': method resolution failed> (0x03a029f0) thrown at [C:\workspace\8-2-build-windows-i586-cygwin\jdk8u77\6540\hotspot\src\share\vm\prims\methodHandles.cpp, line 1146]
Event: 7.572 Thread 0x14dde000 Exception <a 'java/lang/NoSuchFieldError': method resolution failed> (0x03a0ebf8) thrown at [C:\workspace\8-2-build-windows-i586-cygwin\jdk8u77\6540\hotspot\src\share\vm\prims\methodHandles.cpp, line 1146]
Event: 7.765 Thread 0x14dde000 Exception <a 'java/io/FileNotFoundException'> (0x03a91968) thrown at [C:\workspace\8-2-build-windows-i586-cygwin\jdk8u77\6540\hotspot\src\share\vm\prims\jni.cpp, line 709]

Events (10 events):
Event: 81.533 Executing VM operation: RevokeBias
Event: 81.533 Executing VM operation: RevokeBias done
Event: 84.283 loading class engine/core/GameItem
Event: 84.283 loading class engine/core/GameItem done
Event: 84.283 loading class engine/core/GameItem
Event: 84.283 loading class engine/core/GameItem done
Event: 84.283 loading class game/Renderer
Event: 84.283 loading class game/Renderer done
Event: 84.289 loading class java/nio/HeapIntBuffer
Event: 84.289 loading class java/nio/HeapIntBuffer done


Dynamic libraries:
0x002e0000 - 0x00313000 	C:\Program Files\Java\jre1.8.0_77\bin\javaw.exe
0x77170000 - 0x772b2000 	C:\Windows\SYSTEM32\ntdll.dll
0x75750000 - 0x75825000 	C:\Windows\system32\kernel32.dll
0x753c0000 - 0x7540b000 	C:\Windows\system32\KERNELBASE.dll
0x76070000 - 0x76111000 	C:\Windows\system32\ADVAPI32.dll
0x75900000 - 0x759ac000 	C:\Windows\system32\msvcrt.dll
0x756d0000 - 0x756e9000 	C:\Windows\SYSTEM32\sechost.dll
0x75e50000 - 0x75ef2000 	C:\Windows\system32\RPCRT4.dll
0x75830000 - 0x758f9000 	C:\Windows\system32\USER32.dll
0x77310000 - 0x7735e000 	C:\Windows\system32\GDI32.dll
0x75e40000 - 0x75e4a000 	C:\Windows\system32\LPK.dll
0x763f0000 - 0x7648d000 	C:\Windows\system32\USP10.dll
0x740d0000 - 0x7426e000 	C:\Windows\WinSxS\x86_microsoft.windows.common-controls_6595b64144ccf1df_6.0.7601.18837_none_41e855142bd5705d\COMCTL32.dll
0x77360000 - 0x773b7000 	C:\Windows\system32\SHLWAPI.dll
0x75cd0000 - 0x75cef000 	C:\Windows\system32\IMM32.DLL
0x75600000 - 0x756cc000 	C:\Windows\system32\MSCTF.dll
0x6c9b0000 - 0x6ca6f000 	C:\Program Files\Java\jre1.8.0_77\bin\msvcr100.dll
0x5f3f0000 - 0x5f7b8000 	C:\Program Files\Java\jre1.8.0_77\bin\client\jvm.dll
0x72e10000 - 0x72e17000 	C:\Windows\system32\WSOCK32.dll
0x75420000 - 0x75455000 	C:\Windows\system32\WS2_32.dll
0x763e0000 - 0x763e6000 	C:\Windows\system32\NSI.dll
0x6fbf0000 - 0x6fc22000 	C:\Windows\system32\WINMM.dll
0x745a0000 - 0x745a9000 	C:\Windows\system32\VERSION.dll
0x75f00000 - 0x75f05000 	C:\Windows\system32\PSAPI.DLL
0x65810000 - 0x6581c000 	C:\Program Files\Java\jre1.8.0_77\bin\verify.dll
0x655e0000 - 0x65601000 	C:\Program Files\Java\jre1.8.0_77\bin\java.dll
0x655c0000 - 0x655d3000 	C:\Program Files\Java\jre1.8.0_77\bin\zip.dll
0x76520000 - 0x7716c000 	C:\Windows\system32\SHELL32.dll
0x75f10000 - 0x7606d000 	C:\Windows\system32\ole32.dll
0x75100000 - 0x7510b000 	C:\Windows\system32\profapi.dll
0x6ca90000 - 0x6cb30000 	D:\ProjectsII\LWJGL Test Project\native\lwjgl32.dll
0x6ef80000 - 0x6ef83000 	C:\Windows\system32\api-ms-win-core-synch-l1-2-0.DLL
0x717c0000 - 0x717eb000 	D:\ProjectsII\LWJGL Test Project\native\jemalloc32.dll
0x6de30000 - 0x6de62000 	D:\ProjectsII\LWJGL Test Project\native\glfw32.dll
0x73f50000 - 0x73f90000 	C:\Windows\system32\uxtheme.dll
0x73c10000 - 0x73c23000 	C:\Windows\system32\dwmapi.dll
0x6c6e0000 - 0x6c7a8000 	C:\Windows\system32\opengl32.dll
0x6dbb0000 - 0x6dbd2000 	C:\Windows\system32\GLU32.dll
0x6c5f0000 - 0x6c6d7000 	C:\Windows\system32\DDRAW.dll
0x73920000 - 0x73926000 	C:\Windows\system32\DCIMAN32.dll
0x75460000 - 0x755fd000 	C:\Windows\system32\SETUPAPI.dll
0x75380000 - 0x753a7000 	C:\Windows\system32\CFGMGR32.dll
0x759c0000 - 0x75a4f000 	C:\Windows\system32\OLEAUT32.dll
0x752d0000 - 0x752e2000 	C:\Windows\system32\DEVOBJ.dll
0x73710000 - 0x73717000 	C:\Windows\system32\atiglpxx.dll
0x69030000 - 0x6a355000 	C:\Windows\system32\atioglxx.dll
0x72e20000 - 0x72e82000 	C:\Windows\system32\atiadlxx.dll
0x752b0000 - 0x752c7000 	C:\Windows\system32\USERENV.dll
0x74590000 - 0x7459d000 	C:\Windows\system32\WTSAPI32.dll
0x75270000 - 0x7529f000 	C:\Windows\system32\WINTRUST.dll
0x75120000 - 0x75241000 	C:\Windows\system32\CRYPT32.dll
0x750f0000 - 0x750fc000 	C:\Windows\system32\MSASN1.dll
0x6faf0000 - 0x6fbd6000 	C:\Windows\system32\aticfx32.dll
0x72910000 - 0x7291b000 	C:\Windows\system32\atigktxx.dll
0x75010000 - 0x7501c000 	C:\Windows\system32\CRYPTBASE.dll
0x76490000 - 0x76513000 	C:\Windows\system32\CLBCatQ.DLL
0x655a0000 - 0x655b6000 	C:\Program Files\Java\jre1.8.0_77\bin\net.dll
0x74ad0000 - 0x74b0c000 	C:\Windows\system32\mswsock.dll
0x74cc0000 - 0x74cc6000 	C:\Windows\System32\wship6.dll
0x65590000 - 0x6559f000 	C:\Program Files\Java\jre1.8.0_77\bin\nio.dll
0x6b170000 - 0x6b2b5000 	C:\Program Files\Java\jre1.8.0_77\bin\awt.dll
0x6d850000 - 0x6d889000 	C:\Program Files\Java\jre1.8.0_77\bin\fontmanager.dll
0x5fc40000 - 0x5fe03000 	C:\Windows\system32\d3d9.dll
0x6a3c0000 - 0x6a3c6000 	C:\Windows\system32\d3d8thk.dll
0x72980000 - 0x7298b000 	C:\Windows\system32\atiu9pag.dll
0x67080000 - 0x6767e000 	C:\Windows\system32\atiumdag.dll
0x6acd0000 - 0x6b162000 	C:\Windows\system32\atiumdva.dll
0x6db80000 - 0x6dbb0000 	C:\Program Files\Java\jre1.8.0_77\bin\t2k.dll
0x74b10000 - 0x74b27000 	C:\Windows\system32\CRYPTSP.dll
0x748c0000 - 0x748fb000 	C:\Windows\system32\rsaenh.dll
0x72dc0000 - 0x72ddc000 	C:\Windows\system32\IPHLPAPI.DLL
0x72db0000 - 0x72db7000 	C:\Windows\system32\WINNSI.DLL
0x72b00000 - 0x72b12000 	C:\Windows\system32\dhcpcsvc.DLL
0x72df0000 - 0x72dfd000 	C:\Windows\system32\dhcpcsvc6.DLL
0x71480000 - 0x7156b000 	C:\Windows\system32\dbghelp.dll

VM Arguments:
jvm_args: -Djava.library.path=D:\ProjectsII\LWJGL Test Project\native;D:\ProjectsII\LWJGL Test Project\native -Dfile.encoding=Cp1252 
java_command: game.Main
java_class_path (initial): D:\ProjectsII\LWJGL Test Project\bin;D:\ProjectsII\LWJGL Test Project\jar\lwjgl.jar;D:\ProjectsII\LWJGL Test Project\jar\joml.jar;D:\ProjectsII\LWJGL Test Project\jar\PNGDecoder.jar
Launcher Type: SUN_STANDARD

Environment Variables:
PATH=C:/Program Files/Java/jre1.8.0_77/bin/client;C:/Program Files/Java/jre1.8.0_77/bin;C:/Program Files/Java/jre1.8.0_77/lib/i386;C:\Program Files\AMD APP\bin\x86;C:\ProgramData\Oracle\Java\javapath;C:\Windows\system32;C:\Windows;C:\Windows\System32\Wbem;C:\Windows\System32\WindowsPowerShell\v1.0\;C:\Program Files\Autodesk\Backburner\;C:\Program Files\Common Files\Autodesk Shared\;C:\Program Files\Skype\Phone\;C:\Program Files\ATI Technologies\ATI.ACE\Core-Static;D:\Program Files\Git\cmd;C:\Program Files\Java\jdk1.8.0_51\bin;C:\Java\Eclipse\eclipse;
USERNAME=Alex
OS=Windows_NT
PROCESSOR_IDENTIFIER=x86 Family 6 Model 15 Stepping 13, GenuineIntel



---------------  S Y S T E M  ---------------

OS: Windows 7 Build 7601 (6.1.7601.23392)

CPU:total 2 (2 cores per cpu, 1 threads per core) family 6 model 15 stepping 13, cmov, cx8, fxsr, mmx, sse, sse2, sse3, ssse3, tsc

Memory: 4k page, physical 3538168k(1331368k free), swap 7074620k(4244864k free)

vm_info: Java HotSpot(TM) Client VM (25.77-b03) for windows-x86 JRE (1.8.0_77-b03), built on Mar 20 2016 22:00:03 by "java_re" with MS VC++ 10.0 (VS2010)

time: Fri Aug 19 17:10:23 2016
elapsed time: 84 seconds (0d 0h 1m 24s)

