#
# A fatal error has been detected by the Java Runtime Environment:
#
#  EXCEPTION_ACCESS_VIOLATION (0xc0000005) at pc=0x691383b3, pid=800, tid=4488
#
# JRE version: Java(TM) SE Runtime Environment (8.0_77-b03) (build 1.8.0_77-b03)
# Java VM: Java HotSpot(TM) Client VM (25.77-b03 mixed mode, sharing windows-x86 )
# Problematic frame:
# C  [atioglxx.dll+0x1083b3]
#
# Failed to write core dump. Minidumps are not enabled by default on client versions of Windows
#
# If you would like to submit a bug report, please visit:
#   http://bugreport.java.com/bugreport/crash.jsp
# The crash happened outside the Java Virtual Machine in native code.
# See problematic frame for where to report the bug.
#

---------------  T H R E A D  ---------------

Current thread (0x14db6400):  JavaThread "GAME_LOOP_THREAD" [_thread_in_native, id=4488, stack(0x14fb0000,0x15000000)]

siginfo: ExceptionCode=0xc0000005, reading address 0x00000008

Registers:
EAX=0x00000015, EBX=0x80000000, ECX=0x00000000, EDX=0x00000158
ESP=0x14fff870, EBP=0x14fff8ac, ESI=0x00000010, EDI=0x00000015
EIP=0x691383b3, EFLAGS=0x00010202

Top of Stack: (sp=0x14fff870)
0x14fff870:   00001405 0000005a 00000004 189918c8
0x14fff880:   189918c8 189918c8 00000000 ffffffff
0x14fff890:   00000014 00000040 00000000 00000000
0x14fff8a0:   1704d508 1704d550 69769f5a 14fff8d4
0x14fff8b0:   6919751f 0000005a 14fff8f4 14fff908
0x14fff8c0:   00000000 6a21c518 00001405 00000004
0x14fff8d0:   00000058 14fff8f8 691979fb 6a1fab00
0x14fff8e0:   00000000 00000000 14fff8f4 14fff908 

Instructions: (pc=0x691383b3)
0x69138393:   d0 8b c3 2b c2 48 c1 e8 02 8d 34 91 8d 54 99 f0
0x691383a3:   8b f8 bb 00 00 00 80 66 0f 6e c3 66 0f 70 e0 00
0x691383b3:   f3 0f 6f 01 83 e7 01 d1 e8 83 39 00 66 0f ef c4
0x691383c3:   0f 84 9b 01 00 00 83 79 04 00 0f 84 91 01 00 00 


Register to memory mapping:

EAX=0x00000015 is an unknown value
EBX=0x80000000 is an unknown value
ECX=0x00000000 is an unknown value
EDX=0x00000158 is an unknown value
ESP=0x14fff870 is pointing into the stack for thread: 0x14db6400
EBP=0x14fff8ac is pointing into the stack for thread: 0x14db6400
ESI=0x00000010 is an unknown value
EDI=0x00000015 is an unknown value


Stack: [0x14fb0000,0x15000000],  sp=0x14fff870,  free space=318k
Native frames: (J=compiled Java code, j=interpreted, Vv=VM code, C=native code)
C  [atioglxx.dll+0x1083b3]
C  [atioglxx.dll+0x16751f]
C  [atioglxx.dll+0x1679fb]
C  [atioglxx.dll+0x368678]
C  [lwjgl32.dll+0x3ffc4]
j  org.lwjgl.opengl.GL11.nglDrawElements(IIIJ)V+14
j  org.lwjgl.opengl.GL11.glDrawElements(IIIJ)V+17
j  engine.core.graph.Mesh.render()V+13
j  game.Renderer.renderHud(Lengine/core/Display;Lengine/core/IHud;)V+152
j  game.Renderer.render(Lengine/core/Display;Lengine/core/graph/Camera;Lengine/core/graph/Scene;Lengine/core/IHud;)V+42
j  game.SimpleGame.render(Lengine/core/Display;)V+17
j  engine.core.GameEngine.render()V+8
j  engine.core.GameEngine.gameLoop()V+46
j  engine.core.GameEngine.run()V+5
j  java.lang.Thread.run()V+11
v  ~StubRoutines::call_stub
V  [jvm.dll+0x158f95]
V  [jvm.dll+0x21e54e]
V  [jvm.dll+0x15902e]
V  [jvm.dll+0x1591b6]
V  [jvm.dll+0x159227]
V  [jvm.dll+0xfd9ef]
V  [jvm.dll+0x17c34c]
V  [jvm.dll+0x17c43a]
V  [jvm.dll+0x1c0a76]
C  [msvcr100.dll+0x5c556]
C  [msvcr100.dll+0x5c600]
C  [kernel32.dll+0x4ef1c]
C  [ntdll.dll+0x63648]
C  [ntdll.dll+0x6361b]
C  0x00000000

Java frames: (J=compiled Java code, j=interpreted, Vv=VM code)
j  org.lwjgl.system.JNI.callIIIPV(JIIIJ)V+0
j  org.lwjgl.opengl.GL11.nglDrawElements(IIIJ)V+14
j  org.lwjgl.opengl.GL11.glDrawElements(IIIJ)V+17
j  engine.core.graph.Mesh.render()V+13
j  game.Renderer.renderHud(Lengine/core/Display;Lengine/core/IHud;)V+152
j  game.Renderer.render(Lengine/core/Display;Lengine/core/graph/Camera;Lengine/core/graph/Scene;Lengine/core/IHud;)V+42
j  game.SimpleGame.render(Lengine/core/Display;)V+17
j  engine.core.GameEngine.render()V+8
j  engine.core.GameEngine.gameLoop()V+46
j  engine.core.GameEngine.run()V+5
j  java.lang.Thread.run()V+11
v  ~StubRoutines::call_stub

---------------  P R O C E S S  ---------------

Java Threads: ( => current thread )
  0x14efdc00 JavaThread "AWT-Windows" daemon [_thread_in_native, id=5884, stack(0x15ae0000,0x15b30000)]
  0x14efac00 JavaThread "Java2D Disposer" daemon [_thread_blocked, id=4452, stack(0x159c0000,0x15a10000)]
  0x010bbc00 JavaThread "DestroyJavaVM" [_thread_blocked, id=3364, stack(0x011a0000,0x011f0000)]
=>0x14db6400 JavaThread "GAME_LOOP_THREAD" [_thread_in_native, id=4488, stack(0x14fb0000,0x15000000)]
  0x01429000 JavaThread "Service Thread" daemon [_thread_blocked, id=5384, stack(0x13b40000,0x13b90000)]
  0x01400800 JavaThread "C1 CompilerThread0" daemon [_thread_blocked, id=5328, stack(0x138c0000,0x13910000)]
  0x013fec00 JavaThread "Attach Listener" daemon [_thread_blocked, id=744, stack(0x14640000,0x14690000)]
  0x013fc000 JavaThread "Signal Dispatcher" daemon [_thread_blocked, id=5208, stack(0x13a60000,0x13ab0000)]
  0x013f3400 JavaThread "Finalizer" daemon [_thread_blocked, id=2700, stack(0x139d0000,0x13a20000)]
  0x01397400 JavaThread "Reference Handler" daemon [_thread_blocked, id=5848, stack(0x13960000,0x139b0000)]

Other Threads:
  0x01393000 VMThread [stack: 0x03750000,0x037a0000] [id=2392]
  0x0142b400 WatcherThread [stack: 0x147a0000,0x147f0000] [id=5008]

VM state:not at safepoint (normal execution)

VM Mutex/Monitor currently owned by a thread: None

Heap:
 def new generation   total 13952K, used 8679K [0x03800000, 0x04720000, 0x08d50000)
  eden space 12416K,  58% used [0x03800000, 0x03f16888, 0x04420000)
  from space 1536K,  92% used [0x04420000, 0x04583688, 0x045a0000)
  to   space 1536K,   0% used [0x045a0000, 0x045a0000, 0x04720000)
 tenured generation   total 30944K, used 19782K [0x08d50000, 0x0ab88000, 0x13800000)
   the space 30944K,  63% used [0x08d50000, 0x0a0a1a98, 0x0a0a1c00, 0x0ab88000)
 Metaspace       used 3141K, capacity 4616K, committed 4736K, reserved 5504K

Card table byte_map: [0x01230000,0x012c0000] byte_map_base: 0x01214000

Polling page: 0x000b0000

CodeCache: size=32768Kb used=1671Kb max_used=1671Kb free=31096Kb
 bounds [0x01730000, 0x018d8000, 0x03730000]
 total_blobs=1108 nmethods=649 adapters=391
 compilation: enabled

Compilation events (10 events):
Event: 19.517 Thread 0x01400800 nmethod 640 0x018cf488 code [0x018cf590, 0x018cf63c]
Event: 19.517 Thread 0x01400800  641   !         java.nio.Bits::reserveMemory (155 bytes)
Event: 19.519 Thread 0x01400800 nmethod 641 0x018cf688 code [0x018cf830, 0x018cfcb8]
Event: 19.519 Thread 0x01400800  642             java.nio.Bits::tryReserveMemory (51 bytes)
Event: 19.519 Thread 0x01400800 nmethod 642 0x018d0248 code [0x018d0350, 0x018d05a0]
Event: 19.519 Thread 0x01400800  643             java.util.concurrent.atomic.AtomicLong::incrementAndGet (14 bytes)
Event: 19.520 Thread 0x01400800 nmethod 643 0x018d0708 code [0x018d0800, 0x018d0900]
Event: 19.565 Thread 0x01400800  644             org.lwjgl.BufferUtils::createByteBuffer (11 bytes)
Event: 19.565 Thread 0x01400800 nmethod 644 0x018d0988 code [0x018d0a90, 0x018d0b78]
Event: 19.616 Thread 0x01400800  645             java.nio.DirectByteBuffer::asFloatBuffer (151 bytes)

GC Heap History (10 events):
Event: 9.476 GC heap before
{Heap before GC invocations=16 (full 3):
 def new generation   total 13952K, used 13667K [0x03800000, 0x04720000, 0x08d50000)
  eden space 12416K, 100% used [0x03800000, 0x04420000, 0x04420000)
  from space 1536K,  81% used [0x045a0000, 0x046d8c70, 0x04720000)
  to   space 1536K,   0% used [0x04420000, 0x04420000, 0x045a0000)
 tenured generation   total 30944K, used 17896K [0x08d50000, 0x0ab88000, 0x13800000)
   the space 30944K,  57% used [0x08d50000, 0x09eca3c0, 0x09eca400, 0x0ab88000)
 Metaspace       used 3037K, capacity 4507K, committed 4608K, reserved 5504K
Event: 9.481 GC heap after
Heap after GC invocations=17 (full 3):
 def new generation   total 13952K, used 775K [0x03800000, 0x04720000, 0x08d50000)
  eden space 12416K,   0% used [0x03800000, 0x03800000, 0x04420000)
  from space 1536K,  50% used [0x04420000, 0x044e1da8, 0x045a0000)
  to   space 1536K,   0% used [0x045a0000, 0x045a0000, 0x04720000)
 tenured generation   total 30944K, used 18733K [0x08d50000, 0x0ab88000, 0x13800000)
   the space 30944K,  60% used [0x08d50000, 0x09f9b4e8, 0x09f9b600, 0x0ab88000)
 Metaspace       used 3037K, capacity 4507K, committed 4608K, reserved 5504K
}
Event: 9.759 GC heap before
{Heap before GC invocations=17 (full 3):
 def new generation   total 13952K, used 13191K [0x03800000, 0x04720000, 0x08d50000)
  eden space 12416K, 100% used [0x03800000, 0x04420000, 0x04420000)
  from space 1536K,  50% used [0x04420000, 0x044e1da8, 0x045a0000)
  to   space 1536K,   0% used [0x045a0000, 0x045a0000, 0x04720000)
 tenured generation   total 30944K, used 18733K [0x08d50000, 0x0ab88000, 0x13800000)
   the space 30944K,  60% used [0x08d50000, 0x09f9b4e8, 0x09f9b600, 0x0ab88000)
 Metaspace       used 3037K, capacity 4507K, committed 4608K, reserved 5504K
Event: 9.764 GC heap after
Heap after GC invocations=18 (full 3):
 def new generation   total 13952K, used 1500K [0x03800000, 0x04720000, 0x08d50000)
  eden space 12416K,   0% used [0x03800000, 0x03800000, 0x04420000)
  from space 1536K,  97% used [0x045a0000, 0x04717108, 0x04720000)
  to   space 1536K,   0% used [0x04420000, 0x04420000, 0x045a0000)
 tenured generation   total 30944K, used 18818K [0x08d50000, 0x0ab88000, 0x13800000)
   the space 30944K,  60% used [0x08d50000, 0x09fb0b80, 0x09fb0c00, 0x0ab88000)
 Metaspace       used 3037K, capacity 4507K, committed 4608K, reserved 5504K
}
Event: 13.635 GC heap before
{Heap before GC invocations=18 (full 3):
 def new generation   total 13952K, used 13900K [0x03800000, 0x04720000, 0x08d50000)
  eden space 12416K,  99% used [0x03800000, 0x0441c160, 0x04420000)
  from space 1536K,  97% used [0x045a0000, 0x04717108, 0x04720000)
  to   space 1536K,   0% used [0x04420000, 0x04420000, 0x045a0000)
 tenured generation   total 30944K, used 18818K [0x08d50000, 0x0ab88000, 0x13800000)
   the space 30944K,  60% used [0x08d50000, 0x09fb0b80, 0x09fb0c00, 0x0ab88000)
 Metaspace       used 3037K, capacity 4507K, committed 4608K, reserved 5504K
Event: 13.637 GC heap after
Heap after GC invocations=19 (full 3):
 def new generation   total 13952K, used 561K [0x03800000, 0x04720000, 0x08d50000)
  eden space 12416K,   0% used [0x03800000, 0x03800000, 0x04420000)
  from space 1536K,  36% used [0x04420000, 0x044ac438, 0x045a0000)
  to   space 1536K,   0% used [0x045a0000, 0x045a0000, 0x04720000)
 tenured generation   total 30944K, used 19058K [0x08d50000, 0x0ab88000, 0x13800000)
   the space 30944K,  61% used [0x08d50000, 0x09fec8c0, 0x09feca00, 0x0ab88000)
 Metaspace       used 3037K, capacity 4507K, committed 4608K, reserved 5504K
}
Event: 13.680 GC heap before
{Heap before GC invocations=19 (full 3):
 def new generation   total 13952K, used 12977K [0x03800000, 0x04720000, 0x08d50000)
  eden space 12416K, 100% used [0x03800000, 0x04420000, 0x04420000)
  from space 1536K,  36% used [0x04420000, 0x044ac438, 0x045a0000)
  to   space 1536K,   0% used [0x045a0000, 0x045a0000, 0x04720000)
 tenured generation   total 30944K, used 19058K [0x08d50000, 0x0ab88000, 0x13800000)
   the space 30944K,  61% used [0x08d50000, 0x09fec8c0, 0x09feca00, 0x0ab88000)
 Metaspace       used 3037K, capacity 4507K, committed 4608K, reserved 5504K
Event: 13.685 GC heap after
Heap after GC invocations=20 (full 3):
 def new generation   total 13952K, used 1536K [0x03800000, 0x04720000, 0x08d50000)
  eden space 12416K,   0% used [0x03800000, 0x03800000, 0x04420000)
  from space 1536K, 100% used [0x045a0000, 0x04720000, 0x04720000)
  to   space 1536K,   0% used [0x04420000, 0x04420000, 0x045a0000)
 tenured generation   total 30944K, used 19467K [0x08d50000, 0x0ab88000, 0x13800000)
   the space 30944K,  62% used [0x08d50000, 0x0a052f68, 0x0a053000, 0x0ab88000)
 Metaspace       used 3037K, capacity 4507K, committed 4608K, reserved 5504K
}
Event: 15.054 GC heap before
{Heap before GC invocations=20 (full 3):
 def new generation   total 13952K, used 13952K [0x03800000, 0x04720000, 0x08d50000)
  eden space 12416K, 100% used [0x03800000, 0x04420000, 0x04420000)
  from space 1536K, 100% used [0x045a0000, 0x04720000, 0x04720000)
  to   space 1536K,   0% used [0x04420000, 0x04420000, 0x045a0000)
 tenured generation   total 30944K, used 19467K [0x08d50000, 0x0ab88000, 0x13800000)
   the space 30944K,  62% used [0x08d50000, 0x0a052f68, 0x0a053000, 0x0ab88000)
 Metaspace       used 3102K, capacity 4571K, committed 4608K, reserved 5504K
Event: 15.058 GC heap after
Heap after GC invocations=21 (full 3):
 def new generation   total 13952K, used 1421K [0x03800000, 0x04720000, 0x08d50000)
  eden space 12416K,   0% used [0x03800000, 0x03800000, 0x04420000)
  from space 1536K,  92% used [0x04420000, 0x04583688, 0x045a0000)
  to   space 1536K,   0% used [0x045a0000, 0x045a0000, 0x04720000)
 tenured generation   total 30944K, used 19782K [0x08d50000, 0x0ab88000, 0x13800000)
   the space 30944K,  63% used [0x08d50000, 0x0a0a1a98, 0x0a0a1c00, 0x0ab88000)
 Metaspace       used 3102K, capacity 4571K, committed 4608K, reserved 5504K
}

Deoptimization events (0 events):
No events

Internal exceptions (10 events):
Event: 0.084 Thread 0x010bbc00 Exception <a 'java/lang/NoSuchMethodError': Method sun.misc.Unsafe.defineClass(Ljava/lang/String;[BII)Ljava/lang/Class; name or signature does not match> (0x038079d8) thrown at [C:\workspace\8-2-build-windows-i586-cygwin\jdk8u77\6540\hotspot\src\share\vm\p3„m<Ÿµ?
Event: 0.084 Thread 0x010bbc00 Exception <a 'java/lang/NoSuchMethodError': Method sun.misc.Unsafe.prefetchRead(Ljava/lang/Object;J)V name or signature does not match> (0x03807ca8) thrown at [C:\workspace\8-2-build-windows-i586-cygwin\jdk8u77\6540\hotspot\src\share\vm\prims\jni.cpp, lineº°M¬óÓ÷?
Event: 1.489 Thread 0x14db6400 Exception <a 'java/security/PrivilegedActionException'> (0x03b5d988) thrown at [C:\workspace\8-2-build-windows-i586-cygwin\jdk8u77\6540\hotspot\src\share\vm\prims\jvm.cpp, line 1386]
Event: 1.489 Thread 0x14db6400 Exception <a 'java/security/PrivilegedActionException'> (0x03b5db88) thrown at [C:\workspace\8-2-build-windows-i586-cygwin\jdk8u77\6540\hotspot\src\share\vm\prims\jvm.cpp, line 1386]
Event: 1.490 Thread 0x14db6400 Exception <a 'java/security/PrivilegedActionException'> (0x03b612d0) thrown at [C:\workspace\8-2-build-windows-i586-cygwin\jdk8u77\6540\hotspot\src\share\vm\prims\jvm.cpp, line 1386]
Event: 1.490 Thread 0x14db6400 Exception <a 'java/security/PrivilegedActionException'> (0x03b614d0) thrown at [C:\workspace\8-2-build-windows-i586-cygwin\jdk8u77\6540\hotspot\src\share\vm\prims\jvm.cpp, line 1386]
Event: 1.920 Thread 0x14db6400 Exception <a 'java/io/FileNotFoundException'> (0x03b92570) thrown at [C:\workspace\8-2-build-windows-i586-cygwin\jdk8u77\6540\hotspot\src\share\vm\prims\jni.cpp, line 709]
Event: 1.966 Thread 0x14db6400 Exception <a 'java/lang/NoSuchFieldError': method resolution failed> (0x03c4cb88) thrown at [C:\workspace\8-2-build-windows-i586-cygwin\jdk8u77\6540\hotspot\src\share\vm\prims\methodHandles.cpp, line 1146]
Event: 1.975 Thread 0x14db6400 Exception <a 'java/lang/NoSuchFieldError': method resolution failed> (0x038090d0) thrown at [C:\workspace\8-2-build-windows-i586-cygwin\jdk8u77\6540\hotspot\src\share\vm\prims\methodHandles.cpp, line 1146]
Event: 2.010 Thread 0x14db6400 Exception <a 'java/io/FileNotFoundException'> (0x0388c498) thrown at [C:\workspace\8-2-build-windows-i586-cygwin\jdk8u77\6540\hotspot\src\share\vm\prims\jni.cpp, line 709]

Events (10 events):
Event: 18.271 loading class engine/core/GameItem
Event: 18.271 loading class engine/core/GameItem done
Event: 18.271 loading class game/Renderer
Event: 18.271 loading class game/Renderer done
Event: 18.272 loading class engine/core/graph/Mesh
Event: 18.272 loading class engine/core/graph/Mesh done
Event: 18.273 loading class engine/core/GameItem
Event: 18.273 loading class engine/core/GameItem done
Event: 18.273 loading class game/Renderer
Event: 18.273 loading class game/Renderer done


Dynamic libraries:
0x01320000 - 0x01353000 	C:\Program Files\Java\jre1.8.0_77\bin\javaw.exe
0x77c60000 - 0x77da2000 	C:\Windows\SYSTEM32\ntdll.dll
0x77550000 - 0x77625000 	C:\Windows\system32\kernel32.dll
0x75dc0000 - 0x75e0b000 	C:\Windows\system32\KERNELBASE.dll
0x765a0000 - 0x76641000 	C:\Windows\system32\ADVAPI32.dll
0x76210000 - 0x762bc000 	C:\Windows\system32\msvcrt.dll
0x761f0000 - 0x76209000 	C:\Windows\SYSTEM32\sechost.dll
0x76140000 - 0x761e2000 	C:\Windows\system32\RPCRT4.dll
0x77b90000 - 0x77c59000 	C:\Windows\system32\USER32.dll
0x760f0000 - 0x7613e000 	C:\Windows\system32\GDI32.dll
0x77dc0000 - 0x77dca000 	C:\Windows\system32\LPK.dll
0x77a20000 - 0x77abd000 	C:\Windows\system32\USP10.dll
0x74bc0000 - 0x74d5e000 	C:\Windows\WinSxS\x86_microsoft.windows.common-controls_6595b64144ccf1df_6.0.7601.18837_none_41e855142bd5705d\COMCTL32.dll
0x766e0000 - 0x76737000 	C:\Windows\system32\SHLWAPI.dll
0x77390000 - 0x773af000 	C:\Windows\system32\IMM32.DLL
0x77ac0000 - 0x77b8c000 	C:\Windows\system32\MSCTF.dll
0x5aab0000 - 0x5ab6f000 	C:\Program Files\Java\jre1.8.0_77\bin\msvcr100.dll
0x51070000 - 0x51438000 	C:\Program Files\Java\jre1.8.0_77\bin\client\jvm.dll
0x71c10000 - 0x71c17000 	C:\Windows\system32\WSOCK32.dll
0x77e00000 - 0x77e35000 	C:\Windows\system32\WS2_32.dll
0x77e40000 - 0x77e46000 	C:\Windows\system32\NSI.dll
0x670c0000 - 0x670f2000 	C:\Windows\system32\WINMM.dll
0x75090000 - 0x75099000 	C:\Windows\system32\VERSION.dll
0x77db0000 - 0x77db5000 	C:\Windows\system32\PSAPI.DLL
0x671c0000 - 0x671cc000 	C:\Program Files\Java\jre1.8.0_77\bin\verify.dll
0x63cd0000 - 0x63cf1000 	C:\Program Files\Java\jre1.8.0_77\bin\java.dll
0x671a0000 - 0x671b3000 	C:\Program Files\Java\jre1.8.0_77\bin\zip.dll
0x76740000 - 0x7738c000 	C:\Windows\system32\SHELL32.dll
0x75f90000 - 0x760ed000 	C:\Windows\system32\ole32.dll
0x75be0000 - 0x75beb000 	C:\Windows\system32\profapi.dll
0x5f970000 - 0x5fa10000 	D:\ProjectsII\LWJGL Test Project\native\lwjgl32.dll
0x74260000 - 0x74263000 	C:\Windows\system32\api-ms-win-core-synch-l1-2-0.DLL
0x6d9c0000 - 0x6d9eb000 	D:\ProjectsII\LWJGL Test Project\native\jemalloc32.dll
0x6d8f0000 - 0x6d922000 	D:\ProjectsII\LWJGL Test Project\native\glfw32.dll
0x74a40000 - 0x74a80000 	C:\Windows\system32\uxtheme.dll
0x74710000 - 0x74723000 	C:\Windows\system32\dwmapi.dll
0x5f8a0000 - 0x5f968000 	C:\Windows\system32\opengl32.dll
0x6da20000 - 0x6da42000 	C:\Windows\system32\GLU32.dll
0x5a9c0000 - 0x5aaa7000 	C:\Windows\system32\DDRAW.dll
0x74280000 - 0x74286000 	C:\Windows\system32\DCIMAN32.dll
0x77630000 - 0x777cd000 	C:\Windows\system32\SETUPAPI.dll
0x75c30000 - 0x75c57000 	C:\Windows\system32\CFGMGR32.dll
0x76650000 - 0x766df000 	C:\Windows\system32\OLEAUT32.dll
0x75c70000 - 0x75c82000 	C:\Windows\system32\DEVOBJ.dll
0x6f9f0000 - 0x6f9f7000 	C:\Windows\system32\atiglpxx.dll
0x69030000 - 0x6a355000 	C:\Windows\system32\atioglxx.dll
0x669d0000 - 0x66a32000 	C:\Windows\system32\atiadlxx.dll
0x75c00000 - 0x75c17000 	C:\Windows\system32\USERENV.dll
0x75050000 - 0x7505d000 	C:\Windows\system32\WTSAPI32.dll
0x75e40000 - 0x75e6f000 	C:\Windows\system32\WINTRUST.dll
0x75c90000 - 0x75db1000 	C:\Windows\system32\CRYPT32.dll
0x75bf0000 - 0x75bfc000 	C:\Windows\system32\MSASN1.dll
0x64290000 - 0x64376000 	C:\Windows\system32\aticfx32.dll
0x6dcc0000 - 0x6dccb000 	C:\Windows\system32\atigktxx.dll
0x75b00000 - 0x75b0c000 	C:\Windows\system32\CRYPTBASE.dll
0x76510000 - 0x76593000 	C:\Windows\system32\CLBCatQ.DLL
0x65060000 - 0x65076000 	C:\Program Files\Java\jre1.8.0_77\bin\net.dll
0x755c0000 - 0x755fc000 	C:\Windows\system32\mswsock.dll
0x755b0000 - 0x755b6000 	C:\Windows\System32\wship6.dll
0x6d2d0000 - 0x6d2df000 	C:\Program Files\Java\jre1.8.0_77\bin\nio.dll
0x5a870000 - 0x5a9b5000 	C:\Program Files\Java\jre1.8.0_77\bin\awt.dll
0x6d8b0000 - 0x6d8e9000 	C:\Program Files\Java\jre1.8.0_77\bin\fontmanager.dll
0x673e0000 - 0x675a3000 	C:\Windows\system32\d3d9.dll
0x67d50000 - 0x67d56000 	C:\Windows\system32\d3d8thk.dll
0x568c0000 - 0x568cb000 	C:\Windows\system32\atiu9pag.dll
0x19ad0000 - 0x1a0ce000 	C:\Windows\system32\atiumdag.dll
0x50bd0000 - 0x51062000 	C:\Windows\system32\atiumdva.dll
0x6d880000 - 0x6d8b0000 	C:\Program Files\Java\jre1.8.0_77\bin\t2k.dll
0x75600000 - 0x75617000 	C:\Windows\system32\CRYPTSP.dll
0x753a0000 - 0x753db000 	C:\Windows\system32\rsaenh.dll
0x735f0000 - 0x7360c000 	C:\Windows\system32\IPHLPAPI.DLL
0x735e0000 - 0x735e7000 	C:\Windows\system32\WINNSI.DLL
0x73520000 - 0x73532000 	C:\Windows\system32\dhcpcsvc.DLL
0x73510000 - 0x7351d000 	C:\Windows\system32\dhcpcsvc6.DLL
0x73b70000 - 0x73c5b000 	C:\Windows\system32\dbghelp.dll

VM Arguments:
jvm_args: -Djava.library.path=D:\ProjectsII\LWJGL Test Project\native;D:\ProjectsII\LWJGL Test Project\native -Dfile.encoding=Cp1252 
java_command: game.Main
java_class_path (initial): D:\ProjectsII\LWJGL Test Project\bin;D:\ProjectsII\LWJGL Test Project\jar\lwjgl.jar;D:\ProjectsII\LWJGL Test Project\jar\joml.jar;D:\ProjectsII\LWJGL Test Project\jar\PNGDecoder.jar
Launcher Type: SUN_STANDARD

Environment Variables:
PATH=C:/Program Files/Java/jre1.8.0_77/bin/client;C:/Program Files/Java/jre1.8.0_77/bin;C:/Program Files/Java/jre1.8.0_77/lib/i386;C:\Program Files\AMD APP\bin\x86;C:\ProgramData\Oracle\Java\javapath;C:\Windows\system32;C:\Windows;C:\Windows\System32\Wbem;C:\Windows\System32\WindowsPowerShell\v1.0\;C:\Program Files\Autodesk\Backburner\;C:\Program Files\Common Files\Autodesk Shared\;C:\Program Files\Skype\Phone\;C:\Program Files\ATI Technologies\ATI.ACE\Core-Static;D:\Program Files\Git\cmd;C:\Program Files\Java\jdk1.8.0_51\bin;C:\Java\Eclipse\eclipse;
USERNAME=Alex
OS=Windows_NT
PROCESSOR_IDENTIFIER=x86 Family 6 Model 15 Stepping 13, GenuineIntel



---------------  S Y S T E M  ---------------

OS: Windows 7 Build 7601 (6.1.7601.23392)

CPU:total 2 (2 cores per cpu, 1 threads per core) family 6 model 15 stepping 13, cmov, cx8, fxsr, mmx, sse, sse2, sse3, ssse3, tsc

Memory: 4k page, physical 3538168k(1204364k free), swap 7074620k(3159236k free)

vm_info: Java HotSpot(TM) Client VM (25.77-b03) for windows-x86 JRE (1.8.0_77-b03), built on Mar 20 2016 22:00:03 by "java_re" with MS VC++ 10.0 (VS2010)

time: Fri Jul 15 00:13:40 2016
elapsed time: 19 seconds (0d 0h 0m 19s)

