#
# A fatal error has been detected by the Java Runtime Environment:
#
#  EXCEPTION_ACCESS_VIOLATION (0xc0000005) at pc=0x691383b3, pid=3748, tid=5180
#
# JRE version: Java(TM) SE Runtime Environment (8.0_77-b03) (build 1.8.0_77-b03)
# Java VM: Java HotSpot(TM) Client VM (25.77-b03 mixed mode, sharing windows-x86 )
# Problematic frame:
# C  [atioglxx.dll+0x1083b3]
#
# Failed to write core dump. Minidumps are not enabled by default on client versions of Windows
#
# If you would like to submit a bug report, please visit:
#   http://bugreport.java.com/bugreport/crash.jsp
# The crash happened outside the Java Virtual Machine in native code.
# See problematic frame for where to report the bug.
#

---------------  T H R E A D  ---------------

Current thread (0x14db9000):  JavaThread "GAME_LOOP_THREAD" [_thread_in_native, id=5180, stack(0x14740000,0x14790000)]

siginfo: ExceptionCode=0xc0000005, reading address 0x00000008

Registers:
EAX=0x00000015, EBX=0x80000000, ECX=0x00000000, EDX=0x00000158
ESP=0x1478f0e0, EBP=0x1478f11c, ESI=0x00000010, EDI=0x00000015
EIP=0x691383b3, EFLAGS=0x00010202

Top of Stack: (sp=0x1478f0e0)
0x1478f0e0:   00001405 0000005a 00000004 176cd158
0x1478f0f0:   176cd158 176cd158 00000000 ffffffff
0x1478f100:   00000014 00000000 00000000 00000000
0x1478f110:   1709d4c8 1709d510 04000000 1478f144
0x1478f120:   6919751f 0000005a 1478f164 1478f178
0x1478f130:   00000000 6a21c518 00001405 00000004
0x1478f140:   00000000 1478f168 691979fb 6a1fab00
0x1478f150:   00000000 00000000 1478f164 1478f178 

Instructions: (pc=0x691383b3)
0x69138393:   d0 8b c3 2b c2 48 c1 e8 02 8d 34 91 8d 54 99 f0
0x691383a3:   8b f8 bb 00 00 00 80 66 0f 6e c3 66 0f 70 e0 00
0x691383b3:   f3 0f 6f 01 83 e7 01 d1 e8 83 39 00 66 0f ef c4
0x691383c3:   0f 84 9b 01 00 00 83 79 04 00 0f 84 91 01 00 00 


Register to memory mapping:

EAX=0x00000015 is an unknown value
EBX=0x80000000 is an unknown value
ECX=0x00000000 is an unknown value
EDX=0x00000158 is an unknown value
ESP=0x1478f0e0 is pointing into the stack for thread: 0x14db9000
EBP=0x1478f11c is pointing into the stack for thread: 0x14db9000
ESI=0x00000010 is an unknown value
EDI=0x00000015 is an unknown value


Stack: [0x14740000,0x14790000],  sp=0x1478f0e0,  free space=316k
Native frames: (J=compiled Java code, j=interpreted, Vv=VM code, C=native code)
C  [atioglxx.dll+0x1083b3]
C  [atioglxx.dll+0x16751f]
C  [atioglxx.dll+0x1679fb]
C  [atioglxx.dll+0x368678]
C  [lwjgl32.dll+0x3ffc4]
J 699 C1 game.Renderer.renderHud(Lengine/core/Display;Lengine/core/IHud;)V (286 bytes) @ 0x018d7aa8 [0x018d7500+0x5a8]
j  game.Renderer.render(Lengine/core/Display;Lengine/core/graph/Camera;Lengine/core/graph/Scene;Lengine/core/IHud;)V+42
j  game.SimpleGame.render(Lengine/core/Display;)V+17
j  engine.core.GameEngine.render()V+8
j  engine.core.GameEngine.gameLoop()V+46
j  engine.core.GameEngine.run()V+5
j  java.lang.Thread.run()V+11
v  ~StubRoutines::call_stub
V  [jvm.dll+0x158f95]
V  [jvm.dll+0x21e54e]
V  [jvm.dll+0x15902e]
V  [jvm.dll+0x1591b6]
V  [jvm.dll+0x159227]
V  [jvm.dll+0xfd9ef]
V  [jvm.dll+0x17c34c]
V  [jvm.dll+0x17c43a]
V  [jvm.dll+0x1c0a76]
C  [msvcr100.dll+0x5c556]
C  [msvcr100.dll+0x5c600]
C  [kernel32.dll+0x4ef1c]
C  [ntdll.dll+0x63648]
C  [ntdll.dll+0x6361b]
C  0x00000000

Java frames: (J=compiled Java code, j=interpreted, Vv=VM code)
J 686  org.lwjgl.system.JNI.callIIIPV(JIIIJ)V (0 bytes) @ 0x018c7fc4 [0x018c7f60+0x64]
J 699 C1 game.Renderer.renderHud(Lengine/core/Display;Lengine/core/IHud;)V (286 bytes) @ 0x018d7aa8 [0x018d7500+0x5a8]
j  game.Renderer.render(Lengine/core/Display;Lengine/core/graph/Camera;Lengine/core/graph/Scene;Lengine/core/IHud;)V+42
j  game.SimpleGame.render(Lengine/core/Display;)V+17
j  engine.core.GameEngine.render()V+8
j  engine.core.GameEngine.gameLoop()V+46
j  engine.core.GameEngine.run()V+5
j  java.lang.Thread.run()V+11
v  ~StubRoutines::call_stub

---------------  P R O C E S S  ---------------

Java Threads: ( => current thread )
  0x14f01000 JavaThread "AWT-Windows" daemon [_thread_in_native, id=744, stack(0x19fa0000,0x19ff0000)]
  0x14ef3400 JavaThread "Java2D Disposer" daemon [_thread_blocked, id=5916, stack(0x19f30000,0x19f80000)]
  0x0131bc00 JavaThread "DestroyJavaVM" [_thread_blocked, id=5036, stack(0x01400000,0x01450000)]
=>0x14db9000 JavaThread "GAME_LOOP_THREAD" [_thread_in_native, id=5180, stack(0x14740000,0x14790000)]
  0x012b5c00 JavaThread "Service Thread" daemon [_thread_blocked, id=3332, stack(0x13b50000,0x13ba0000)]
  0x01290800 JavaThread "C1 CompilerThread0" daemon [_thread_blocked, id=6048, stack(0x14640000,0x14690000)]
  0x0128ec00 JavaThread "Attach Listener" daemon [_thread_blocked, id=5880, stack(0x146a0000,0x146f0000)]
  0x0128c000 JavaThread "Signal Dispatcher" daemon [_thread_blocked, id=5232, stack(0x13b00000,0x13b50000)]
  0x0127fc00 JavaThread "Finalizer" daemon [_thread_blocked, id=3456, stack(0x13a50000,0x13aa0000)]
  0x01227400 JavaThread "Reference Handler" daemon [_thread_blocked, id=4836, stack(0x13810000,0x13860000)]

Other Threads:
  0x01223000 VMThread [stack: 0x13950000,0x139a0000] [id=5020]
  0x012b8000 WatcherThread [stack: 0x146f0000,0x14740000] [id=4136]

VM state:not at safepoint (normal execution)

VM Mutex/Monitor currently owned by a thread: None

Heap:
 def new generation   total 13952K, used 1924K [0x03800000, 0x04720000, 0x08d50000)
  eden space 12416K,   9% used [0x03800000, 0x03935bd8, 0x04420000)
  from space 1536K,  44% used [0x045a0000, 0x0464b520, 0x04720000)
  to   space 1536K,   0% used [0x04420000, 0x04420000, 0x045a0000)
 tenured generation   total 30944K, used 20003K [0x08d50000, 0x0ab88000, 0x13800000)
   the space 30944K,  64% used [0x08d50000, 0x0a0d8d18, 0x0a0d8e00, 0x0ab88000)
 Metaspace       used 3141K, capacity 4616K, committed 4736K, reserved 5504K

Card table byte_map: [0x01320000,0x013b0000] byte_map_base: 0x01304000

Polling page: 0x00360000

CodeCache: size=32768Kb used=1866Kb max_used=1866Kb free=30901Kb
 bounds [0x01720000, 0x018f8000, 0x03720000]
 total_blobs=1190 nmethods=731 adapters=391
 compilation: enabled

Compilation events (10 events):
Event: 38.174 Thread 0x01290800  729             game.Renderer::lambda$1 (106 bytes)
Event: 38.176 Thread 0x01290800 nmethod 729 0x018e7148 code [0x018e7350, 0x018e78c0]
Event: 38.176 Thread 0x01290800  730             engine.core.GameItem::getMeshes (5 bytes)
Event: 38.177 Thread 0x01290800 nmethod 730 0x018e8248 code [0x018e8340, 0x018e83c0]
Event: 38.439 Thread 0x01290800  731             java.lang.invoke.DirectMethodHandle::internalMemberName (8 bytes)
Event: 38.439 Thread 0x01290800 nmethod 731 0x018e8408 code [0x018e8500, 0x018e85a0]
Event: 38.771 Thread 0x01290800  732             game.Renderer::renderDepthMap (431 bytes)
Event: 38.778 Thread 0x01290800 nmethod 732 0x018e8648 code [0x018e8c00, 0x018ea414]
Event: 38.778 Thread 0x01290800  733             game.Renderer::renderScene (312 bytes)
Event: 38.785 Thread 0x01290800 nmethod 733 0x018ed348 code [0x018ed990, 0x018ef2b4]

GC Heap History (10 events):
Event: 9.775 GC heap before
{Heap before GC invocations=17 (full 3):
 def new generation   total 13952K, used 13191K [0x03800000, 0x04720000, 0x08d50000)
  eden space 12416K, 100% used [0x03800000, 0x04420000, 0x04420000)
  from space 1536K,  50% used [0x04420000, 0x044e1da8, 0x045a0000)
  to   space 1536K,   0% used [0x045a0000, 0x045a0000, 0x04720000)
 tenured generation   total 30944K, used 18733K [0x08d50000, 0x0ab88000, 0x13800000)
   the space 30944K,  60% used [0x08d50000, 0x09f9b598, 0x09f9b600, 0x0ab88000)
 Metaspace       used 3037K, capacity 4507K, committed 4608K, reserved 5504K
Event: 9.780 GC heap after
Heap after GC invocations=18 (full 3):
 def new generation   total 13952K, used 1500K [0x03800000, 0x04720000, 0x08d50000)
  eden space 12416K,   0% used [0x03800000, 0x03800000, 0x04420000)
  from space 1536K,  97% used [0x045a0000, 0x04717108, 0x04720000)
  to   space 1536K,   0% used [0x04420000, 0x04420000, 0x045a0000)
 tenured generation   total 30944K, used 18819K [0x08d50000, 0x0ab88000, 0x13800000)
   the space 30944K,  60% used [0x08d50000, 0x09fb0c30, 0x09fb0e00, 0x0ab88000)
 Metaspace       used 3037K, capacity 4507K, committed 4608K, reserved 5504K
}
Event: 13.813 GC heap before
{Heap before GC invocations=18 (full 3):
 def new generation   total 13952K, used 13900K [0x03800000, 0x04720000, 0x08d50000)
  eden space 12416K,  99% used [0x03800000, 0x0441c160, 0x04420000)
  from space 1536K,  97% used [0x045a0000, 0x04717108, 0x04720000)
  to   space 1536K,   0% used [0x04420000, 0x04420000, 0x045a0000)
 tenured generation   total 30944K, used 18819K [0x08d50000, 0x0ab88000, 0x13800000)
   the space 30944K,  60% used [0x08d50000, 0x09fb0c30, 0x09fb0e00, 0x0ab88000)
 Metaspace       used 3037K, capacity 4507K, committed 4608K, reserved 5504K
Event: 13.815 GC heap after
Heap after GC invocations=19 (full 3):
 def new generation   total 13952K, used 561K [0x03800000, 0x04720000, 0x08d50000)
  eden space 12416K,   0% used [0x03800000, 0x03800000, 0x04420000)
  from space 1536K,  36% used [0x04420000, 0x044ac438, 0x045a0000)
  to   space 1536K,   0% used [0x045a0000, 0x045a0000, 0x04720000)
 tenured generation   total 30944K, used 19058K [0x08d50000, 0x0ab88000, 0x13800000)
   the space 30944K,  61% used [0x08d50000, 0x09fec970, 0x09feca00, 0x0ab88000)
 Metaspace       used 3037K, capacity 4507K, committed 4608K, reserved 5504K
}
Event: 13.859 GC heap before
{Heap before GC invocations=19 (full 3):
 def new generation   total 13952K, used 12977K [0x03800000, 0x04720000, 0x08d50000)
  eden space 12416K, 100% used [0x03800000, 0x04420000, 0x04420000)
  from space 1536K,  36% used [0x04420000, 0x044ac438, 0x045a0000)
  to   space 1536K,   0% used [0x045a0000, 0x045a0000, 0x04720000)
 tenured generation   total 30944K, used 19058K [0x08d50000, 0x0ab88000, 0x13800000)
   the space 30944K,  61% used [0x08d50000, 0x09fec970, 0x09feca00, 0x0ab88000)
 Metaspace       used 3037K, capacity 4507K, committed 4608K, reserved 5504K
Event: 13.864 GC heap after
Heap after GC invocations=20 (full 3):
 def new generation   total 13952K, used 1536K [0x03800000, 0x04720000, 0x08d50000)
  eden space 12416K,   0% used [0x03800000, 0x03800000, 0x04420000)
  from space 1536K, 100% used [0x045a0000, 0x04720000, 0x04720000)
  to   space 1536K,   0% used [0x04420000, 0x04420000, 0x045a0000)
 tenured generation   total 30944K, used 19468K [0x08d50000, 0x0ab88000, 0x13800000)
   the space 30944K,  62% used [0x08d50000, 0x0a053018, 0x0a053200, 0x0ab88000)
 Metaspace       used 3037K, capacity 4507K, committed 4608K, reserved 5504K
}
Event: 15.246 GC heap before
{Heap before GC invocations=20 (full 3):
 def new generation   total 13952K, used 13952K [0x03800000, 0x04720000, 0x08d50000)
  eden space 12416K, 100% used [0x03800000, 0x04420000, 0x04420000)
  from space 1536K, 100% used [0x045a0000, 0x04720000, 0x04720000)
  to   space 1536K,   0% used [0x04420000, 0x04420000, 0x045a0000)
 tenured generation   total 30944K, used 19468K [0x08d50000, 0x0ab88000, 0x13800000)
   the space 30944K,  62% used [0x08d50000, 0x0a053018, 0x0a053200, 0x0ab88000)
 Metaspace       used 3102K, capacity 4571K, committed 4608K, reserved 5504K
Event: 15.250 GC heap after
Heap after GC invocations=21 (full 3):
 def new generation   total 13952K, used 1421K [0x03800000, 0x04720000, 0x08d50000)
  eden space 12416K,   0% used [0x03800000, 0x03800000, 0x04420000)
  from space 1536K,  92% used [0x04420000, 0x04583688, 0x045a0000)
  to   space 1536K,   0% used [0x045a0000, 0x045a0000, 0x04720000)
 tenured generation   total 30944K, used 19782K [0x08d50000, 0x0ab88000, 0x13800000)
   the space 30944K,  63% used [0x08d50000, 0x0a0a1b48, 0x0a0a1c00, 0x0ab88000)
 Metaspace       used 3102K, capacity 4571K, committed 4608K, reserved 5504K
}
Event: 34.644 GC heap before
{Heap before GC invocations=21 (full 3):
 def new generation   total 13952K, used 13837K [0x03800000, 0x04720000, 0x08d50000)
  eden space 12416K, 100% used [0x03800000, 0x04420000, 0x04420000)
  from space 1536K,  92% used [0x04420000, 0x04583688, 0x045a0000)
  to   space 1536K,   0% used [0x045a0000, 0x045a0000, 0x04720000)
 tenured generation   total 30944K, used 19782K [0x08d50000, 0x0ab88000, 0x13800000)
   the space 30944K,  63% used [0x08d50000, 0x0a0a1b48, 0x0a0a1c00, 0x0ab88000)
 Metaspace       used 3140K, capacity 4616K, committed 4736K, reserved 5504K
Event: 34.651 GC heap after
Heap after GC invocations=22 (full 3):
 def new generation   total 13952K, used 685K [0x03800000, 0x04720000, 0x08d50000)
  eden space 12416K,   0% used [0x03800000, 0x03800000, 0x04420000)
  from space 1536K,  44% used [0x045a0000, 0x0464b520, 0x04720000)
  to   space 1536K,   0% used [0x04420000, 0x04420000, 0x045a0000)
 tenured generation   total 30944K, used 20003K [0x08d50000, 0x0ab88000, 0x13800000)
   the space 30944K,  64% used [0x08d50000, 0x0a0d8d18, 0x0a0d8e00, 0x0ab88000)
 Metaspace       used 3140K, capacity 4616K, committed 4736K, reserved 5504K
}

Deoptimization events (0 events):
No events

Internal exceptions (10 events):
Event: 0.037 Thread 0x0131bc00 Exception <a 'java/lang/NoSuchMethodError': Method sun.misc.Unsafe.defineClass(Ljava/lang/String;[BII)Ljava/lang/Class; name or signature does not match> (0x038079d8) thrown at [C:\workspace\8-2-build-windows-i586-cygwin\jdk8u77\6540\hotspot\src\share\vm\p&ý®¤€-£?
Event: 0.037 Thread 0x0131bc00 Exception <a 'java/lang/NoSuchMethodError': Method sun.misc.Unsafe.prefetchRead(Ljava/lang/Object;J)V name or signature does not match> (0x03807ca8) thrown at [C:\workspace\8-2-build-windows-i586-cygwin\jdk8u77\6540\hotspot\src\share\vm\prims\jni.cpp, lineº}þŸ£÷?
Event: 1.477 Thread 0x14db9000 Exception <a 'java/security/PrivilegedActionException'> (0x03b5d718) thrown at [C:\workspace\8-2-build-windows-i586-cygwin\jdk8u77\6540\hotspot\src\share\vm\prims\jvm.cpp, line 1386]
Event: 1.477 Thread 0x14db9000 Exception <a 'java/security/PrivilegedActionException'> (0x03b5d918) thrown at [C:\workspace\8-2-build-windows-i586-cygwin\jdk8u77\6540\hotspot\src\share\vm\prims\jvm.cpp, line 1386]
Event: 1.479 Thread 0x14db9000 Exception <a 'java/security/PrivilegedActionException'> (0x03b61060) thrown at [C:\workspace\8-2-build-windows-i586-cygwin\jdk8u77\6540\hotspot\src\share\vm\prims\jvm.cpp, line 1386]
Event: 1.479 Thread 0x14db9000 Exception <a 'java/security/PrivilegedActionException'> (0x03b61260) thrown at [C:\workspace\8-2-build-windows-i586-cygwin\jdk8u77\6540\hotspot\src\share\vm\prims\jvm.cpp, line 1386]
Event: 1.905 Thread 0x14db9000 Exception <a 'java/io/FileNotFoundException'> (0x03b92480) thrown at [C:\workspace\8-2-build-windows-i586-cygwin\jdk8u77\6540\hotspot\src\share\vm\prims\jni.cpp, line 709]
Event: 1.949 Thread 0x14db9000 Exception <a 'java/lang/NoSuchFieldError': method resolution failed> (0x03c4ccf8) thrown at [C:\workspace\8-2-build-windows-i586-cygwin\jdk8u77\6540\hotspot\src\share\vm\prims\methodHandles.cpp, line 1146]
Event: 1.957 Thread 0x14db9000 Exception <a 'java/lang/NoSuchFieldError': method resolution failed> (0x038090d0) thrown at [C:\workspace\8-2-build-windows-i586-cygwin\jdk8u77\6540\hotspot\src\share\vm\prims\methodHandles.cpp, line 1146]
Event: 1.994 Thread 0x14db9000 Exception <a 'java/io/FileNotFoundException'> (0x0388c490) thrown at [C:\workspace\8-2-build-windows-i586-cygwin\jdk8u77\6540\hotspot\src\share\vm\prims\jni.cpp, line 709]

Events (10 events):
Event: 34.668 Executing VM operation: RevokeBias
Event: 34.668 Executing VM operation: RevokeBias done
Event: 34.668 Executing VM operation: RevokeBias
Event: 34.668 Executing VM operation: RevokeBias done
Event: 34.668 Executing VM operation: RevokeBias
Event: 34.668 Executing VM operation: RevokeBias done
Event: 34.668 Executing VM operation: RevokeBias
Event: 34.668 Executing VM operation: RevokeBias done
Event: 34.668 Executing VM operation: RevokeBias
Event: 34.668 Executing VM operation: RevokeBias done


Dynamic libraries:
0x011b0000 - 0x011e3000 	C:\Program Files\Java\jre1.8.0_77\bin\javaw.exe
0x77c60000 - 0x77da2000 	C:\Windows\SYSTEM32\ntdll.dll
0x77550000 - 0x77625000 	C:\Windows\system32\kernel32.dll
0x75dc0000 - 0x75e0b000 	C:\Windows\system32\KERNELBASE.dll
0x765a0000 - 0x76641000 	C:\Windows\system32\ADVAPI32.dll
0x76210000 - 0x762bc000 	C:\Windows\system32\msvcrt.dll
0x761f0000 - 0x76209000 	C:\Windows\SYSTEM32\sechost.dll
0x76140000 - 0x761e2000 	C:\Windows\system32\RPCRT4.dll
0x77b90000 - 0x77c59000 	C:\Windows\system32\USER32.dll
0x760f0000 - 0x7613e000 	C:\Windows\system32\GDI32.dll
0x77dc0000 - 0x77dca000 	C:\Windows\system32\LPK.dll
0x77a20000 - 0x77abd000 	C:\Windows\system32\USP10.dll
0x74bc0000 - 0x74d5e000 	C:\Windows\WinSxS\x86_microsoft.windows.common-controls_6595b64144ccf1df_6.0.7601.18837_none_41e855142bd5705d\COMCTL32.dll
0x766e0000 - 0x76737000 	C:\Windows\system32\SHLWAPI.dll
0x77390000 - 0x773af000 	C:\Windows\system32\IMM32.DLL
0x77ac0000 - 0x77b8c000 	C:\Windows\system32\MSCTF.dll
0x6d6a0000 - 0x6d75f000 	C:\Program Files\Java\jre1.8.0_77\bin\msvcr100.dll
0x51070000 - 0x51438000 	C:\Program Files\Java\jre1.8.0_77\bin\client\jvm.dll
0x71c10000 - 0x71c17000 	C:\Windows\system32\WSOCK32.dll
0x77e00000 - 0x77e35000 	C:\Windows\system32\WS2_32.dll
0x77e40000 - 0x77e46000 	C:\Windows\system32\NSI.dll
0x670c0000 - 0x670f2000 	C:\Windows\system32\WINMM.dll
0x75090000 - 0x75099000 	C:\Windows\system32\VERSION.dll
0x77db0000 - 0x77db5000 	C:\Windows\system32\PSAPI.DLL
0x671c0000 - 0x671cc000 	C:\Program Files\Java\jre1.8.0_77\bin\verify.dll
0x63cd0000 - 0x63cf1000 	C:\Program Files\Java\jre1.8.0_77\bin\java.dll
0x671a0000 - 0x671b3000 	C:\Program Files\Java\jre1.8.0_77\bin\zip.dll
0x76740000 - 0x7738c000 	C:\Windows\system32\SHELL32.dll
0x75f90000 - 0x760ed000 	C:\Windows\system32\ole32.dll
0x75be0000 - 0x75beb000 	C:\Windows\system32\profapi.dll
0x6d890000 - 0x6d930000 	D:\ProjectsII\LWJGL Test Project\native\lwjgl32.dll
0x74260000 - 0x74263000 	C:\Windows\system32\api-ms-win-core-synch-l1-2-0.DLL
0x66dd0000 - 0x66dfb000 	D:\ProjectsII\LWJGL Test Project\native\jemalloc32.dll
0x631f0000 - 0x63222000 	D:\ProjectsII\LWJGL Test Project\native\glfw32.dll
0x74a40000 - 0x74a80000 	C:\Windows\system32\uxtheme.dll
0x74710000 - 0x74723000 	C:\Windows\system32\dwmapi.dll
0x58000000 - 0x580c8000 	C:\Windows\system32\opengl32.dll
0x63d00000 - 0x63d22000 	C:\Windows\system32\GLU32.dll
0x57b50000 - 0x57c37000 	C:\Windows\system32\DDRAW.dll
0x6dae0000 - 0x6dae6000 	C:\Windows\system32\DCIMAN32.dll
0x77630000 - 0x777cd000 	C:\Windows\system32\SETUPAPI.dll
0x75c30000 - 0x75c57000 	C:\Windows\system32\CFGMGR32.dll
0x76650000 - 0x766df000 	C:\Windows\system32\OLEAUT32.dll
0x75c70000 - 0x75c82000 	C:\Windows\system32\DEVOBJ.dll
0x6f5f0000 - 0x6f5f7000 	C:\Windows\system32\atiglpxx.dll
0x69030000 - 0x6a355000 	C:\Windows\system32\atioglxx.dll
0x675b0000 - 0x67612000 	C:\Windows\system32\atiadlxx.dll
0x75c00000 - 0x75c17000 	C:\Windows\system32\USERENV.dll
0x75050000 - 0x7505d000 	C:\Windows\system32\WTSAPI32.dll
0x75e40000 - 0x75e6f000 	C:\Windows\system32\WINTRUST.dll
0x75c90000 - 0x75db1000 	C:\Windows\system32\CRYPT32.dll
0x75bf0000 - 0x75bfc000 	C:\Windows\system32\MSASN1.dll
0x66950000 - 0x66a36000 	C:\Windows\system32\aticfx32.dll
0x6d880000 - 0x6d88b000 	C:\Windows\system32\atigktxx.dll
0x75b00000 - 0x75b0c000 	C:\Windows\system32\CRYPTBASE.dll
0x76510000 - 0x76593000 	C:\Windows\system32\CLBCatQ.DLL
0x65060000 - 0x65076000 	C:\Program Files\Java\jre1.8.0_77\bin\net.dll
0x755c0000 - 0x755fc000 	C:\Windows\system32\mswsock.dll
0x755b0000 - 0x755b6000 	C:\Windows\System32\wship6.dll
0x6d2d0000 - 0x6d2df000 	C:\Program Files\Java\jre1.8.0_77\bin\nio.dll
0x52600000 - 0x52745000 	C:\Program Files\Java\jre1.8.0_77\bin\awt.dll
0x5fc50000 - 0x5fc89000 	C:\Program Files\Java\jre1.8.0_77\bin\fontmanager.dll
0x673e0000 - 0x675a3000 	C:\Windows\system32\d3d9.dll
0x67d50000 - 0x67d56000 	C:\Windows\system32\d3d8thk.dll
0x568c0000 - 0x568cb000 	C:\Windows\system32\atiu9pag.dll
0x562c0000 - 0x568be000 	C:\Windows\system32\atiumdag.dll
0x55e20000 - 0x562b2000 	C:\Windows\system32\atiumdva.dll
0x63c90000 - 0x63cc0000 	C:\Program Files\Java\jre1.8.0_77\bin\t2k.dll
0x75600000 - 0x75617000 	C:\Windows\system32\CRYPTSP.dll
0x753a0000 - 0x753db000 	C:\Windows\system32\rsaenh.dll
0x735f0000 - 0x7360c000 	C:\Windows\system32\IPHLPAPI.DLL
0x735e0000 - 0x735e7000 	C:\Windows\system32\WINNSI.DLL
0x73520000 - 0x73532000 	C:\Windows\system32\dhcpcsvc.DLL
0x73510000 - 0x7351d000 	C:\Windows\system32\dhcpcsvc6.DLL
0x73b70000 - 0x73c5b000 	C:\Windows\system32\dbghelp.dll

VM Arguments:
jvm_args: -Djava.library.path=D:\ProjectsII\LWJGL Test Project\native;D:\ProjectsII\LWJGL Test Project\native -Dfile.encoding=Cp1252 
java_command: game.Main
java_class_path (initial): D:\ProjectsII\LWJGL Test Project\bin;D:\ProjectsII\LWJGL Test Project\jar\lwjgl.jar;D:\ProjectsII\LWJGL Test Project\jar\joml.jar;D:\ProjectsII\LWJGL Test Project\jar\PNGDecoder.jar
Launcher Type: SUN_STANDARD

Environment Variables:
PATH=C:/Program Files/Java/jre1.8.0_77/bin/client;C:/Program Files/Java/jre1.8.0_77/bin;C:/Program Files/Java/jre1.8.0_77/lib/i386;C:\Program Files\AMD APP\bin\x86;C:\ProgramData\Oracle\Java\javapath;C:\Windows\system32;C:\Windows;C:\Windows\System32\Wbem;C:\Windows\System32\WindowsPowerShell\v1.0\;C:\Program Files\Autodesk\Backburner\;C:\Program Files\Common Files\Autodesk Shared\;C:\Program Files\Skype\Phone\;C:\Program Files\ATI Technologies\ATI.ACE\Core-Static;D:\Program Files\Git\cmd;C:\Program Files\Java\jdk1.8.0_51\bin;C:\Java\Eclipse\eclipse;
USERNAME=Alex
OS=Windows_NT
PROCESSOR_IDENTIFIER=x86 Family 6 Model 15 Stepping 13, GenuineIntel



---------------  S Y S T E M  ---------------

OS: Windows 7 Build 7601 (6.1.7601.23392)

CPU:total 2 (2 cores per cpu, 1 threads per core) family 6 model 15 stepping 13, cmov, cx8, fxsr, mmx, sse, sse2, sse3, ssse3, tsc

Memory: 4k page, physical 3538168k(1438648k free), swap 7074620k(3415048k free)

vm_info: Java HotSpot(TM) Client VM (25.77-b03) for windows-x86 JRE (1.8.0_77-b03), built on Mar 20 2016 22:00:03 by "java_re" with MS VC++ 10.0 (VS2010)

time: Thu Jul 14 23:27:16 2016
elapsed time: 41 seconds (0d 0h 0m 41s)

