#
# A fatal error has been detected by the Java Runtime Environment:
#
#  EXCEPTION_ACCESS_VIOLATION (0xc0000005) at pc=0x69f612eb, pid=5964, tid=5244
#
# JRE version: Java(TM) SE Runtime Environment (8.0_77-b03) (build 1.8.0_77-b03)
# Java VM: Java HotSpot(TM) Client VM (25.77-b03 mixed mode windows-x86 )
# Problematic frame:
# C  [atioglxx.dll+0xf312eb]
#
# Failed to write core dump. Minidumps are not enabled by default on client versions of Windows
#
# If you would like to submit a bug report, please visit:
#   http://bugreport.java.com/bugreport/crash.jsp
# The crash happened outside the Java Virtual Machine in native code.
# See problematic frame for where to report the bug.
#

---------------  T H R E A D  ---------------

Current thread (0x13ef6000):  JavaThread "GAME_LOOP_THREAD" [_thread_in_native, id=5244, stack(0x14310000,0x14360000)]

siginfo: ExceptionCode=0xc0000005, writing address 0x00000000

Registers:
EAX=0x00000000, EBX=0x1d4e0000, ECX=0x00012000, EDX=0x00000000
ESP=0x1435edf4, EBP=0x1435edfc, ESI=0x1d4e0000, EDI=0x00000000
EIP=0x69f612eb, EFLAGS=0x00010206

Top of Stack: (sp=0x1435edf4)
0x1435edf4:   00900000 00000000 1435ee2c 69f61391
0x1435ee04:   00000000 1d4e0000 00900000 00000003
0x1435ee14:   00000000 00000000 1d4e0000 00003000
0x1435ee24:   00000000 1629b1e0 1435efbc 697c554d
0x1435ee34:   00000000 1d4e0000 00900000 00000009
0x1435ee44:   00000005 1629b1e0 1435efd4 00000001
0x1435ee54:   00000007 00000001 00000000 00000000
0x1435ee64:   00000001 00000001 00000000 00000000 

Instructions: (pc=0x69f612eb)
0x69f612cb:   4d 10 c1 e9 07 eb 06 8d 9b 00 00 00 00 66 0f 6f
0x69f612db:   06 66 0f 6f 4e 10 66 0f 6f 56 20 66 0f 6f 5e 30
0x69f612eb:   66 0f 7f 07 66 0f 7f 4f 10 66 0f 7f 57 20 66 0f
0x69f612fb:   7f 5f 30 66 0f 6f 66 40 66 0f 6f 6e 50 66 0f 6f 


Register to memory mapping:

EAX=0x00000000 is an unknown value
EBX=0x1d4e0000 is an unknown value
ECX=0x00012000 is an unknown value
EDX=0x00000000 is an unknown value
ESP=0x1435edf4 is pointing into the stack for thread: 0x13ef6000
EBP=0x1435edfc is pointing into the stack for thread: 0x13ef6000
ESI=0x1d4e0000 is an unknown value
EDI=0x00000000 is an unknown value


Stack: [0x14310000,0x14360000],  sp=0x1435edf4,  free space=315k
Native frames: (J=compiled Java code, j=interpreted, Vv=VM code, C=native code)
C  [atioglxx.dll+0xf312eb]
C  [atioglxx.dll+0xf31391]
C  [atioglxx.dll+0x79554d]
C  [atioglxx.dll+0x793c44]
C  [atioglxx.dll+0x726d6c]
C  [atioglxx.dll+0x8f532]
C  [atioglxx.dll+0x459992]
C  [lwjgl32.dll+0x3fcb0]
j  org.lwjgl.opengl.GL11.nglReadPixels(IIIIIIJ)V+20
j  org.lwjgl.opengl.GL11.glReadPixels(IIIIIILjava/nio/IntBuffer;)V+26
j  game.Renderer.renderColorPickingMap(Lengine/core/graph/Camera;Lengine/core/graph/Scene;ILengine/core/graph/Texture;II)V+196
J 771 C1 game.SimpleGame.update(FLengine/core/MouseInput;)V (2213 bytes) @ 0x01efde34 [0x01efd8e0+0x554]
j  engine.core.GameEngine.update(F)V+9
j  engine.core.GameEngine.gameLoop()V+32
j  engine.core.GameEngine.run()V+5
j  java.lang.Thread.run()V+11
v  ~StubRoutines::call_stub
V  [jvm.dll+0x158f95]
V  [jvm.dll+0x21e54e]
V  [jvm.dll+0x15902e]
V  [jvm.dll+0x1591b6]
V  [jvm.dll+0x159227]
V  [jvm.dll+0xfd9ef]
V  [jvm.dll+0x17c34c]
V  [jvm.dll+0x17c43a]
V  [jvm.dll+0x1c0a76]
C  [msvcr100.dll+0x5c556]
C  [msvcr100.dll+0x5c600]
C  [kernel32.dll+0x4ef1c]
C  [ntdll.dll+0x63648]
C  [ntdll.dll+0x6361b]
C  0x00000000

Java frames: (J=compiled Java code, j=interpreted, Vv=VM code)
j  org.lwjgl.system.JNI.callIIIIIIPV(JIIIIIIJ)V+0
j  org.lwjgl.opengl.GL11.nglReadPixels(IIIIIIJ)V+20
j  org.lwjgl.opengl.GL11.glReadPixels(IIIIIILjava/nio/IntBuffer;)V+26
j  game.Renderer.renderColorPickingMap(Lengine/core/graph/Camera;Lengine/core/graph/Scene;ILengine/core/graph/Texture;II)V+196
J 771 C1 game.SimpleGame.update(FLengine/core/MouseInput;)V (2213 bytes) @ 0x01efde34 [0x01efd8e0+0x554]
j  engine.core.GameEngine.update(F)V+9
j  engine.core.GameEngine.gameLoop()V+32
j  engine.core.GameEngine.run()V+5
j  java.lang.Thread.run()V+11
v  ~StubRoutines::call_stub

---------------  P R O C E S S  ---------------

Java Threads: ( => current thread )
  0x175c2800 JavaThread "AWT-Windows" daemon [_thread_in_native, id=6032, stack(0x179a0000,0x179f0000)]
  0x13fffc00 JavaThread "Java2D Disposer" daemon [_thread_blocked, id=4216, stack(0x18270000,0x182c0000)]
  0x0032bc00 JavaThread "DestroyJavaVM" [_thread_blocked, id=5072, stack(0x006a0000,0x006f0000)]
=>0x13ef6000 JavaThread "GAME_LOOP_THREAD" [_thread_in_native, id=5244, stack(0x14310000,0x14360000)]
  0x13e67000 JavaThread "Service Thread" daemon [_thread_blocked, id=4812, stack(0x14260000,0x142b0000)]
  0x13e46800 JavaThread "C1 CompilerThread0" daemon [_thread_blocked, id=4668, stack(0x14160000,0x141b0000)]
  0x13e45800 JavaThread "Attach Listener" daemon [_thread_blocked, id=1600, stack(0x14100000,0x14150000)]
  0x13e4d400 JavaThread "Signal Dispatcher" daemon [_thread_blocked, id=3628, stack(0x14000000,0x14050000)]
  0x13e37400 JavaThread "Finalizer" daemon [_thread_blocked, id=2612, stack(0x14050000,0x140a0000)]
  0x13e12800 JavaThread "Reference Handler" daemon [_thread_blocked, id=4316, stack(0x03da0000,0x03df0000)]

Other Threads:
  0x13e0c400 VMThread [stack: 0x00fb0000,0x01000000] [id=3800]
  0x13e75000 WatcherThread [stack: 0x00f40000,0x00f90000] [id=3676]

VM state:not at safepoint (normal execution)

VM Mutex/Monitor currently owned by a thread: None

Heap:
 def new generation   total 22080K, used 10221K [0x03e00000, 0x055f0000, 0x09350000)
  eden space 19648K,  52% used [0x03e00000, 0x047fb520, 0x05130000)
  from space 2432K,   0% used [0x05130000, 0x05130000, 0x05390000)
  to   space 2432K,   0% used [0x05390000, 0x05390000, 0x055f0000)
 tenured generation   total 48980K, used 29387K [0x09350000, 0x0c325000, 0x13e00000)
   the space 48980K,  59% used [0x09350000, 0x0b002cf0, 0x0b002e00, 0x0c325000)
 Metaspace       used 7950K, capacity 8136K, committed 8320K, reserved 8576K

Card table byte_map: [0x009c0000,0x00a50000] byte_map_base: 0x009a1000

Polling page: 0x00340000

CodeCache: size=32768Kb used=2404Kb max_used=2404Kb free=30363Kb
 bounds [0x01cc0000, 0x01f20000, 0x03cc0000]
 total_blobs=1325 nmethods=866 adapters=391
 compilation: enabled

Compilation events (10 events):
Event: 42.302 Thread 0x13e46800  865             engine.core.graph.animation.AnimatedGameItem::getCurrentFrame (17 bytes)
Event: 42.302 Thread 0x13e46800 nmethod 865 0x01f18948 code [0x01f18a50, 0x01f18b0c]
Event: 42.370 Thread 0x13e46800  866             engine.core.graph.animation.AnimatedFrame::getJointMatrices (5 bytes)
Event: 42.370 Thread 0x13e46800 nmethod 866 0x01f18b88 code [0x01f18c80, 0x01f18d00]
Event: 42.706 Thread 0x13e46800  867             engine.core.graph.Material::getColor (5 bytes)
Event: 42.706 Thread 0x13e46800 nmethod 867 0x01f18d48 code [0x01f18e40, 0x01f18ec0]
Event: 42.706 Thread 0x13e46800  868             engine.core.graph.Material::isTextured (20 bytes)
Event: 42.706 Thread 0x13e46800 nmethod 868 0x01f18f08 code [0x01f19000, 0x01f190c0]
Event: 42.970 Thread 0x13e46800  869             engine.core.GameItem::getMeshes (5 bytes)
Event: 42.970 Thread 0x13e46800 nmethod 869 0x01f19108 code [0x01f19200, 0x01f19280]

GC Heap History (10 events):
Event: 35.183 GC heap before
{Heap before GC invocations=19 (full 3):
 def new generation   total 20160K, used 18232K [0x03e00000, 0x053e0000, 0x09350000)
  eden space 17920K, 100% used [0x03e00000, 0x04f80000, 0x04f80000)
  from space 2240K,  13% used [0x051b0000, 0x051fe208, 0x053e0000)
  to   space 2240K,   0% used [0x04f80000, 0x04f80000, 0x051b0000)
 tenured generation   total 44668K, used 32794K [0x09350000, 0x0beef000, 0x13e00000)
   the space 44668K,  73% used [0x09350000, 0x0b356a58, 0x0b356c00, 0x0beef000)
 Metaspace       used 7223K, capacity 7395K, committed 7552K, reserved 7552K
Event: 35.188 GC heap after
Heap after GC invocations=20 (full 3):
 def new generation   total 20160K, used 1469K [0x03e00000, 0x053e0000, 0x09350000)
  eden space 17920K,   0% used [0x03e00000, 0x03e00000, 0x04f80000)
  from space 2240K,  65% used [0x04f80000, 0x050ef4a0, 0x051b0000)
  to   space 2240K,   0% used [0x051b0000, 0x051b0000, 0x053e0000)
 tenured generation   total 44668K, used 32794K [0x09350000, 0x0beef000, 0x13e00000)
   the space 44668K,  73% used [0x09350000, 0x0b356a58, 0x0b356c00, 0x0beef000)
 Metaspace       used 7223K, capacity 7395K, committed 7552K, reserved 7552K
}
Event: 35.577 GC heap before
{Heap before GC invocations=20 (full 3):
 def new generation   total 20160K, used 19389K [0x03e00000, 0x053e0000, 0x09350000)
  eden space 17920K, 100% used [0x03e00000, 0x04f80000, 0x04f80000)
  from space 2240K,  65% used [0x04f80000, 0x050ef4a0, 0x051b0000)
  to   space 2240K,   0% used [0x051b0000, 0x051b0000, 0x053e0000)
 tenured generation   total 44668K, used 32794K [0x09350000, 0x0beef000, 0x13e00000)
   the space 44668K,  73% used [0x09350000, 0x0b356a58, 0x0b356c00, 0x0beef000)
 Metaspace       used 7235K, capacity 7395K, committed 7552K, reserved 7552K
Event: 35.587 GC heap after
Heap after GC invocations=21 (full 3):
 def new generation   total 20160K, used 2240K [0x03e00000, 0x053e0000, 0x09350000)
  eden space 17920K,   0% used [0x03e00000, 0x03e00000, 0x04f80000)
  from space 2240K, 100% used [0x051b0000, 0x053e0000, 0x053e0000)
  to   space 2240K,   0% used [0x04f80000, 0x04f80000, 0x051b0000)
 tenured generation   total 44668K, used 33941K [0x09350000, 0x0beef000, 0x13e00000)
   the space 44668K,  75% used [0x09350000, 0x0b4754b0, 0x0b475600, 0x0beef000)
 Metaspace       used 7235K, capacity 7395K, committed 7552K, reserved 7552K
}
Event: 36.160 GC heap before
{Heap before GC invocations=21 (full 3):
 def new generation   total 20160K, used 20160K [0x03e00000, 0x053e0000, 0x09350000)
  eden space 17920K, 100% used [0x03e00000, 0x04f80000, 0x04f80000)
  from space 2240K, 100% used [0x051b0000, 0x053e0000, 0x053e0000)
  to   space 2240K,   0% used [0x04f80000, 0x04f80000, 0x051b0000)
 tenured generation   total 44668K, used 33941K [0x09350000, 0x0beef000, 0x13e00000)
   the space 44668K,  75% used [0x09350000, 0x0b4754b0, 0x0b475600, 0x0beef000)
 Metaspace       used 7921K, capacity 8099K, committed 8192K, reserved 8576K
Event: 36.206 GC heap after
Heap after GC invocations=22 (full 3):
 def new generation   total 20160K, used 2240K [0x03e00000, 0x053e0000, 0x09350000)
  eden space 17920K,   0% used [0x03e00000, 0x03e00000, 0x04f80000)
  from space 2240K, 100% used [0x04f80000, 0x051b0000, 0x051b0000)
  to   space 2240K,   0% used [0x051b0000, 0x051b0000, 0x053e0000)
 tenured generation   total 44668K, used 42414K [0x09350000, 0x0beef000, 0x13e00000)
   the space 44668K,  94% used [0x09350000, 0x0bcbba00, 0x0bcbba00, 0x0beef000)
 Metaspace       used 7921K, capacity 8099K, committed 8192K, reserved 8576K
}
Event: 36.443 GC heap before
{Heap before GC invocations=22 (full 3):
 def new generation   total 20160K, used 20160K [0x03e00000, 0x053e0000, 0x09350000)
  eden space 17920K, 100% used [0x03e00000, 0x04f80000, 0x04f80000)
  from space 2240K, 100% used [0x04f80000, 0x051b0000, 0x051b0000)
  to   space 2240K,   0% used [0x051b0000, 0x051b0000, 0x053e0000)
 tenured generation   total 44668K, used 42414K [0x09350000, 0x0beef000, 0x13e00000)
   the space 44668K,  94% used [0x09350000, 0x0bcbba00, 0x0bcbba00, 0x0beef000)
 Metaspace       used 7922K, capacity 8099K, committed 8192K, reserved 8576K
Event: 36.468 GC heap after
Heap after GC invocations=23 (full 3):
 def new generation   total 20160K, used 2080K [0x03e00000, 0x053e0000, 0x09350000)
  eden space 17920K,   0% used [0x03e00000, 0x03e00000, 0x04f80000)
  from space 2240K,  92% used [0x051b0000, 0x053b82a0, 0x053e0000)
  to   space 2240K,   0% used [0x04f80000, 0x04f80000, 0x051b0000)
 tenured generation   total 44668K, used 44373K [0x09350000, 0x0beef000, 0x13e00000)
   the space 44668K,  99% used [0x09350000, 0x0bea57f0, 0x0bea5800, 0x0beef000)
 Metaspace       used 7922K, capacity 8099K, committed 8192K, reserved 8576K
}
Event: 36.620 GC heap before
{Heap before GC invocations=23 (full 3):
 def new generation   total 20160K, used 20000K [0x03e00000, 0x053e0000, 0x09350000)
  eden space 17920K, 100% used [0x03e00000, 0x04f80000, 0x04f80000)
  from space 2240K,  92% used [0x051b0000, 0x053b82a0, 0x053e0000)
  to   space 2240K,   0% used [0x04f80000, 0x04f80000, 0x051b0000)
 tenured generation   total 44668K, used 44373K [0x09350000, 0x0beef000, 0x13e00000)
   the space 44668K,  99% used [0x09350000, 0x0bea57f0, 0x0bea5800, 0x0beef000)
 Metaspace       used 7922K, capacity 8099K, committed 8192K, reserved 8576K
Event: 36.805 GC heap after
Heap after GC invocations=24 (full 4):
 def new generation   total 22080K, used 0K [0x03e00000, 0x055f0000, 0x09350000)
  eden space 19648K,   0% used [0x03e00000, 0x03e00000, 0x05130000)
  from space 2432K,   0% used [0x05130000, 0x05130000, 0x05390000)
  to   space 2432K,   0% used [0x05390000, 0x05390000, 0x055f0000)
 tenured generation   total 48980K, used 29387K [0x09350000, 0x0c325000, 0x13e00000)
   the space 48980K,  59% used [0x09350000, 0x0b002cf0, 0x0b002e00, 0x0c325000)
 Metaspace       used 7917K, capacity 8087K, committed 8192K, reserved 8576K
}

Deoptimization events (0 events):
No events

Internal exceptions (10 events):
Event: 2.946 Thread 0x0032bc00 Exception <a 'java/lang/NoSuchMethodError': Method sun.misc.Unsafe.defineClass(Ljava/lang/String;[BII)Ljava/lang/Class; name or signature does not match> (0x03e06ea8) thrown at [C:\workspace\8-2-build-windows-i586-cygwin\jdk8u77\6540\hotspot\src\share\vm\p#¶-VR’@
Event: 2.946 Thread 0x0032bc00 Exception <a 'java/lang/NoSuchMethodError': Method sun.misc.Unsafe.prefetchRead(Ljava/lang/Object;J)V name or signature does not match> (0x03e07178) thrown at [C:\workspace\8-2-build-windows-i586-cygwin\jdk8u77\6540\hotspot\src\share\vm\prims\jni.cpp, line‹ØÃ)@
Event: 12.543 Thread 0x13ef6000 Exception <a 'java/security/PrivilegedActionException'> (0x0417c718) thrown at [C:\workspace\8-2-build-windows-i586-cygwin\jdk8u77\6540\hotspot\src\share\vm\prims\jvm.cpp, line 1386]
Event: 12.543 Thread 0x13ef6000 Exception <a 'java/security/PrivilegedActionException'> (0x0417c918) thrown at [C:\workspace\8-2-build-windows-i586-cygwin\jdk8u77\6540\hotspot\src\share\vm\prims\jvm.cpp, line 1386]
Event: 12.545 Thread 0x13ef6000 Exception <a 'java/security/PrivilegedActionException'> (0x04180060) thrown at [C:\workspace\8-2-build-windows-i586-cygwin\jdk8u77\6540\hotspot\src\share\vm\prims\jvm.cpp, line 1386]
Event: 12.545 Thread 0x13ef6000 Exception <a 'java/security/PrivilegedActionException'> (0x04180260) thrown at [C:\workspace\8-2-build-windows-i586-cygwin\jdk8u77\6540\hotspot\src\share\vm\prims\jvm.cpp, line 1386]
Event: 14.005 Thread 0x13ef6000 Exception <a 'java/io/FileNotFoundException'> (0x041b7350) thrown at [C:\workspace\8-2-build-windows-i586-cygwin\jdk8u77\6540\hotspot\src\share\vm\prims\jni.cpp, line 709]
Event: 14.313 Thread 0x13ef6000 Exception <a 'java/lang/NoSuchFieldError': method resolution failed> (0x03e22268) thrown at [C:\workspace\8-2-build-windows-i586-cygwin\jdk8u77\6540\hotspot\src\share\vm\prims\methodHandles.cpp, line 1146]
Event: 14.315 Thread 0x13ef6000 Exception <a 'java/lang/NoSuchFieldError': method resolution failed> (0x03e2e3c8) thrown at [C:\workspace\8-2-build-windows-i586-cygwin\jdk8u77\6540\hotspot\src\share\vm\prims\methodHandles.cpp, line 1146]
Event: 14.510 Thread 0x13ef6000 Exception <a 'java/io/FileNotFoundException'> (0x03eb1620) thrown at [C:\workspace\8-2-build-windows-i586-cygwin\jdk8u77\6540\hotspot\src\share\vm\prims\jni.cpp, line 709]

Events (10 events):
Event: 37.558 loading class game/Renderer done
Event: 38.360 Thread 0x13e46800 flushing nmethod 0x01e77708
Event: 43.100 loading class engine/core/GameItem
Event: 43.101 loading class engine/core/GameItem done
Event: 43.101 loading class engine/core/GameItem
Event: 43.101 loading class engine/core/GameItem done
Event: 43.101 loading class game/Renderer
Event: 43.101 loading class game/Renderer done
Event: 43.104 loading class java/nio/HeapIntBuffer
Event: 43.105 loading class java/nio/HeapIntBuffer done


Dynamic libraries:
0x01080000 - 0x010b3000 	C:\Program Files\Java\jre1.8.0_77\bin\javaw.exe
0x77170000 - 0x772b2000 	C:\Windows\SYSTEM32\ntdll.dll
0x75750000 - 0x75825000 	C:\Windows\system32\kernel32.dll
0x753c0000 - 0x7540b000 	C:\Windows\system32\KERNELBASE.dll
0x76070000 - 0x76111000 	C:\Windows\system32\ADVAPI32.dll
0x75900000 - 0x759ac000 	C:\Windows\system32\msvcrt.dll
0x756d0000 - 0x756e9000 	C:\Windows\SYSTEM32\sechost.dll
0x75e50000 - 0x75ef2000 	C:\Windows\system32\RPCRT4.dll
0x75830000 - 0x758f9000 	C:\Windows\system32\USER32.dll
0x77310000 - 0x7735e000 	C:\Windows\system32\GDI32.dll
0x75e40000 - 0x75e4a000 	C:\Windows\system32\LPK.dll
0x763f0000 - 0x7648d000 	C:\Windows\system32\USP10.dll
0x740d0000 - 0x7426e000 	C:\Windows\WinSxS\x86_microsoft.windows.common-controls_6595b64144ccf1df_6.0.7601.18837_none_41e855142bd5705d\COMCTL32.dll
0x77360000 - 0x773b7000 	C:\Windows\system32\SHLWAPI.dll
0x75cd0000 - 0x75cef000 	C:\Windows\system32\IMM32.DLL
0x75600000 - 0x756cc000 	C:\Windows\system32\MSCTF.dll
0x6c9b0000 - 0x6ca6f000 	C:\Program Files\Java\jre1.8.0_77\bin\msvcr100.dll
0x5f3f0000 - 0x5f7b8000 	C:\Program Files\Java\jre1.8.0_77\bin\client\jvm.dll
0x72e10000 - 0x72e17000 	C:\Windows\system32\WSOCK32.dll
0x75420000 - 0x75455000 	C:\Windows\system32\WS2_32.dll
0x763e0000 - 0x763e6000 	C:\Windows\system32\NSI.dll
0x6fbf0000 - 0x6fc22000 	C:\Windows\system32\WINMM.dll
0x745a0000 - 0x745a9000 	C:\Windows\system32\VERSION.dll
0x75f00000 - 0x75f05000 	C:\Windows\system32\PSAPI.DLL
0x65810000 - 0x6581c000 	C:\Program Files\Java\jre1.8.0_77\bin\verify.dll
0x655e0000 - 0x65601000 	C:\Program Files\Java\jre1.8.0_77\bin\java.dll
0x655c0000 - 0x655d3000 	C:\Program Files\Java\jre1.8.0_77\bin\zip.dll
0x76520000 - 0x7716c000 	C:\Windows\system32\SHELL32.dll
0x75f10000 - 0x7606d000 	C:\Windows\system32\ole32.dll
0x75100000 - 0x7510b000 	C:\Windows\system32\profapi.dll
0x6c710000 - 0x6c7b0000 	D:\ProjectsII\LWJGL Test Project\native\lwjgl32.dll
0x6ef80000 - 0x6ef83000 	C:\Windows\system32\api-ms-win-core-synch-l1-2-0.DLL
0x73920000 - 0x7394b000 	D:\ProjectsII\LWJGL Test Project\native\jemalloc32.dll
0x725c0000 - 0x725f2000 	D:\ProjectsII\LWJGL Test Project\native\glfw32.dll
0x73f50000 - 0x73f90000 	C:\Windows\system32\uxtheme.dll
0x73c10000 - 0x73c23000 	C:\Windows\system32\dwmapi.dll
0x6c640000 - 0x6c708000 	C:\Windows\system32\opengl32.dll
0x717c0000 - 0x717e2000 	C:\Windows\system32\GLU32.dll
0x6b1d0000 - 0x6b2b7000 	C:\Windows\system32\DDRAW.dll
0x73710000 - 0x73716000 	C:\Windows\system32\DCIMAN32.dll
0x75460000 - 0x755fd000 	C:\Windows\system32\SETUPAPI.dll
0x75380000 - 0x753a7000 	C:\Windows\system32\CFGMGR32.dll
0x759c0000 - 0x75a4f000 	C:\Windows\system32\OLEAUT32.dll
0x752d0000 - 0x752e2000 	C:\Windows\system32\DEVOBJ.dll
0x72980000 - 0x72987000 	C:\Windows\system32\atiglpxx.dll
0x69030000 - 0x6a355000 	C:\Windows\system32\atioglxx.dll
0x72e20000 - 0x72e82000 	C:\Windows\system32\atiadlxx.dll
0x752b0000 - 0x752c7000 	C:\Windows\system32\USERENV.dll
0x74590000 - 0x7459d000 	C:\Windows\system32\WTSAPI32.dll
0x75270000 - 0x7529f000 	C:\Windows\system32\WINTRUST.dll
0x75120000 - 0x75241000 	C:\Windows\system32\CRYPT32.dll
0x750f0000 - 0x750fc000 	C:\Windows\system32\MSASN1.dll
0x6faf0000 - 0x6fbd6000 	C:\Windows\system32\aticfx32.dll
0x725b0000 - 0x725bb000 	C:\Windows\system32\atigktxx.dll
0x75010000 - 0x7501c000 	C:\Windows\system32\CRYPTBASE.dll
0x76490000 - 0x76513000 	C:\Windows\system32\CLBCatQ.DLL
0x655a0000 - 0x655b6000 	C:\Program Files\Java\jre1.8.0_77\bin\net.dll
0x74ad0000 - 0x74b0c000 	C:\Windows\system32\mswsock.dll
0x74cc0000 - 0x74cc6000 	C:\Windows\System32\wship6.dll
0x65590000 - 0x6559f000 	C:\Program Files\Java\jre1.8.0_77\bin\nio.dll
0x6b080000 - 0x6b1c5000 	C:\Program Files\Java\jre1.8.0_77\bin\awt.dll
0x6de30000 - 0x6de69000 	C:\Program Files\Java\jre1.8.0_77\bin\fontmanager.dll
0x5fc40000 - 0x5fe03000 	C:\Windows\system32\d3d9.dll
0x6a3c0000 - 0x6a3c6000 	C:\Windows\system32\d3d8thk.dll
0x72910000 - 0x7291b000 	C:\Windows\system32\atiu9pag.dll
0x67080000 - 0x6767e000 	C:\Windows\system32\atiumdag.dll
0x6abe0000 - 0x6b072000 	C:\Windows\system32\atiumdva.dll
0x6cb00000 - 0x6cb30000 	C:\Program Files\Java\jre1.8.0_77\bin\t2k.dll
0x74b10000 - 0x74b27000 	C:\Windows\system32\CRYPTSP.dll
0x748c0000 - 0x748fb000 	C:\Windows\system32\rsaenh.dll
0x72dc0000 - 0x72ddc000 	C:\Windows\system32\IPHLPAPI.DLL
0x72db0000 - 0x72db7000 	C:\Windows\system32\WINNSI.DLL
0x72b00000 - 0x72b12000 	C:\Windows\system32\dhcpcsvc.DLL
0x72df0000 - 0x72dfd000 	C:\Windows\system32\dhcpcsvc6.DLL
0x71480000 - 0x7156b000 	C:\Windows\system32\dbghelp.dll

VM Arguments:
jvm_args: -Djava.library.path=D:\ProjectsII\LWJGL Test Project\native;D:\ProjectsII\LWJGL Test Project\native -Dfile.encoding=Cp1252 
java_command: game.Main
java_class_path (initial): D:\ProjectsII\LWJGL Test Project\bin;D:\ProjectsII\LWJGL Test Project\jar\lwjgl.jar;D:\ProjectsII\LWJGL Test Project\jar\joml.jar;D:\ProjectsII\LWJGL Test Project\jar\PNGDecoder.jar
Launcher Type: SUN_STANDARD

Environment Variables:
PATH=C:/Program Files/Java/jre1.8.0_77/bin/client;C:/Program Files/Java/jre1.8.0_77/bin;C:/Program Files/Java/jre1.8.0_77/lib/i386;C:\Program Files\AMD APP\bin\x86;C:\ProgramData\Oracle\Java\javapath;C:\Windows\system32;C:\Windows;C:\Windows\System32\Wbem;C:\Windows\System32\WindowsPowerShell\v1.0\;C:\Program Files\Autodesk\Backburner\;C:\Program Files\Common Files\Autodesk Shared\;C:\Program Files\Skype\Phone\;C:\Program Files\ATI Technologies\ATI.ACE\Core-Static;D:\Program Files\Git\cmd;C:\Program Files\Java\jdk1.8.0_51\bin;C:\Java\Eclipse\eclipse;
USERNAME=Alex
OS=Windows_NT
PROCESSOR_IDENTIFIER=x86 Family 6 Model 15 Stepping 13, GenuineIntel



---------------  S Y S T E M  ---------------

OS: Windows 7 Build 7601 (6.1.7601.23392)

CPU:total 2 (2 cores per cpu, 1 threads per core) family 6 model 15 stepping 13, cmov, cx8, fxsr, mmx, sse, sse2, sse3, ssse3, tsc

Memory: 4k page, physical 3538168k(1332864k free), swap 7074620k(4308452k free)

vm_info: Java HotSpot(TM) Client VM (25.77-b03) for windows-x86 JRE (1.8.0_77-b03), built on Mar 20 2016 22:00:03 by "java_re" with MS VC++ 10.0 (VS2010)

time: Fri Aug 19 17:04:56 2016
elapsed time: 43 seconds (0d 0h 0m 43s)

