#
# A fatal error has been detected by the Java Runtime Environment:
#
#  EXCEPTION_ACCESS_VIOLATION (0xc0000005) at pc=0x69f612eb, pid=5204, tid=2480
#
# JRE version: Java(TM) SE Runtime Environment (8.0_77-b03) (build 1.8.0_77-b03)
# Java VM: Java HotSpot(TM) Client VM (25.77-b03 mixed mode, sharing windows-x86 )
# Problematic frame:
# C  [atioglxx.dll+0xf312eb]
#
# Failed to write core dump. Minidumps are not enabled by default on client versions of Windows
#
# If you would like to submit a bug report, please visit:
#   http://bugreport.java.com/bugreport/crash.jsp
# The crash happened outside the Java Virtual Machine in native code.
# See problematic frame for where to report the bug.
#

---------------  T H R E A D  ---------------

Current thread (0x14dc2800):  JavaThread "GAME_LOOP_THREAD" [_thread_in_native, id=2480, stack(0x14660000,0x146b0000)]

siginfo: ExceptionCode=0xc0000005, writing address 0x00000000

Registers:
EAX=0x00000000, EBX=0x1ec00000, ECX=0x00018000, EDX=0x00000000
ESP=0x146af074, EBP=0x146af07c, ESI=0x1ec00000, EDI=0x00000000
EIP=0x69f612eb, EFLAGS=0x00010206

Top of Stack: (sp=0x146af074)
0x146af074:   00c00000 00000000 146af0ac 69f61391
0x146af084:   00000000 1ec00000 00c00000 00000003
0x146af094:   00000000 00000000 1ec00000 00004000
0x146af0a4:   00000000 1720b1e0 146af23c 697c554d
0x146af0b4:   00000000 1ec00000 00c00000 0000000b
0x146af0c4:   00000007 1720b1e0 146af254 00000001
0x146af0d4:   00000007 00000001 00000000 00000000
0x146af0e4:   00000001 00000001 00000000 00000000 

Instructions: (pc=0x69f612eb)
0x69f612cb:   4d 10 c1 e9 07 eb 06 8d 9b 00 00 00 00 66 0f 6f
0x69f612db:   06 66 0f 6f 4e 10 66 0f 6f 56 20 66 0f 6f 5e 30
0x69f612eb:   66 0f 7f 07 66 0f 7f 4f 10 66 0f 7f 57 20 66 0f
0x69f612fb:   7f 5f 30 66 0f 6f 66 40 66 0f 6f 6e 50 66 0f 6f 


Register to memory mapping:

EAX=0x00000000 is an unknown value
EBX=0x1ec00000 is an unknown value
ECX=0x00018000 is an unknown value
EDX=0x00000000 is an unknown value
ESP=0x146af074 is pointing into the stack for thread: 0x14dc2800
EBP=0x146af07c is pointing into the stack for thread: 0x14dc2800
ESI=0x1ec00000 is an unknown value
EDI=0x00000000 is an unknown value


Stack: [0x14660000,0x146b0000],  sp=0x146af074,  free space=316k
Native frames: (J=compiled Java code, j=interpreted, Vv=VM code, C=native code)
C  [atioglxx.dll+0xf312eb]
C  [atioglxx.dll+0xf31391]
C  [atioglxx.dll+0x79554d]
C  [atioglxx.dll+0x793c44]
C  [atioglxx.dll+0x726d6c]
C  [atioglxx.dll+0x8f532]
C  [atioglxx.dll+0x459992]
C  [lwjgl32.dll+0x3fcb0]
j  org.lwjgl.opengl.GL11.nglReadPixels(IIIIIIJ)V+20
j  org.lwjgl.opengl.GL11.glReadPixels(IIIIIILjava/nio/FloatBuffer;)V+26
j  game.Renderer.renderColorPickingMap(Lengine/core/graph/Camera;Lengine/core/graph/Scene;ILengine/core/graph/Texture;II)V+196
J 771 C1 game.SimpleGame.update(FLengine/core/MouseInput;)V (2213 bytes) @ 0x01a5e0b4 [0x01a5db60+0x554]
j  engine.core.GameEngine.update(F)V+9
j  engine.core.GameEngine.gameLoop()V+32
j  engine.core.GameEngine.run()V+5
j  java.lang.Thread.run()V+11
v  ~StubRoutines::call_stub
V  [jvm.dll+0x158f95]
V  [jvm.dll+0x21e54e]
V  [jvm.dll+0x15902e]
V  [jvm.dll+0x1591b6]
V  [jvm.dll+0x159227]
V  [jvm.dll+0xfd9ef]
V  [jvm.dll+0x17c34c]
V  [jvm.dll+0x17c43a]
V  [jvm.dll+0x1c0a76]
C  [msvcr100.dll+0x5c556]
C  [msvcr100.dll+0x5c600]
C  [kernel32.dll+0x4ef1c]
C  [ntdll.dll+0x63648]
C  [ntdll.dll+0x6361b]
C  0x00000000

Java frames: (J=compiled Java code, j=interpreted, Vv=VM code)
j  org.lwjgl.system.JNI.callIIIIIIPV(JIIIIIIJ)V+0
j  org.lwjgl.opengl.GL11.nglReadPixels(IIIIIIJ)V+20
j  org.lwjgl.opengl.GL11.glReadPixels(IIIIIILjava/nio/FloatBuffer;)V+26
j  game.Renderer.renderColorPickingMap(Lengine/core/graph/Camera;Lengine/core/graph/Scene;ILengine/core/graph/Texture;II)V+196
J 771 C1 game.SimpleGame.update(FLengine/core/MouseInput;)V (2213 bytes) @ 0x01a5e0b4 [0x01a5db60+0x554]
j  engine.core.GameEngine.update(F)V+9
j  engine.core.GameEngine.gameLoop()V+32
j  engine.core.GameEngine.run()V+5
j  java.lang.Thread.run()V+11
v  ~StubRoutines::call_stub

---------------  P R O C E S S  ---------------

Java Threads: ( => current thread )
  0x14f00c00 JavaThread "AWT-Windows" daemon [_thread_in_native, id=228, stack(0x16610000,0x16660000)]
  0x14ef8c00 JavaThread "Java2D Disposer" daemon [_thread_blocked, id=5028, stack(0x19da0000,0x19df0000)]
  0x0015bc00 JavaThread "DestroyJavaVM" [_thread_blocked, id=3012, stack(0x00420000,0x00470000)]
=>0x14dc2800 JavaThread "GAME_LOOP_THREAD" [_thread_in_native, id=2480, stack(0x14660000,0x146b0000)]
  0x01369000 JavaThread "Service Thread" daemon [_thread_blocked, id=4700, stack(0x146e0000,0x14730000)]
  0x01340800 JavaThread "C1 CompilerThread0" daemon [_thread_blocked, id=1676, stack(0x039a0000,0x039f0000)]
  0x0133ec00 JavaThread "Attach Listener" daemon [_thread_blocked, id=2180, stack(0x13b90000,0x13be0000)]
  0x0133c000 JavaThread "Signal Dispatcher" daemon [_thread_blocked, id=3248, stack(0x13ac0000,0x13b10000)]
  0x01333400 JavaThread "Finalizer" daemon [_thread_blocked, id=3268, stack(0x038c0000,0x03910000)]
  0x012d7400 JavaThread "Reference Handler" daemon [_thread_blocked, id=4916, stack(0x03860000,0x038b0000)]

Other Threads:
  0x012d3000 VMThread [stack: 0x03930000,0x03980000] [id=2912]
  0x01373400 WatcherThread [stack: 0x14610000,0x14660000] [id=3172]

VM state:not at safepoint (normal execution)

VM Mutex/Monitor currently owned by a thread: None

Heap:
 def new generation   total 21056K, used 5720K [0x03a00000, 0x050d0000, 0x08f50000)
  eden space 18752K,  26% used [0x03a00000, 0x03ec37e0, 0x04c50000)
  from space 2304K,  36% used [0x04c50000, 0x04d228e8, 0x04e90000)
  to   space 2304K,   0% used [0x04e90000, 0x04e90000, 0x050d0000)
 tenured generation   total 46680K, used 28006K [0x08f50000, 0x0bce6000, 0x13a00000)
   the space 46680K,  59% used [0x08f50000, 0x0aaa9920, 0x0aaa9a00, 0x0bce6000)
 Metaspace       used 3833K, capacity 4675K, committed 4736K, reserved 5504K

Card table byte_map: [0x00390000,0x00420000] byte_map_base: 0x00373000

Polling page: 0x00100000

CodeCache: size=32768Kb used=2405Kb max_used=2405Kb free=30362Kb
 bounds [0x01820000, 0x01a80000, 0x03820000]
 total_blobs=1324 nmethods=865 adapters=391
 compilation: enabled

Compilation events (10 events):
Event: 66.727 Thread 0x01340800  864             engine.core.graph.ShaderProgram::setUniform (21 bytes)
Event: 66.728 Thread 0x01340800 nmethod 864 0x01a78588 code [0x01a786d0, 0x01a788fc]
Event: 66.728 Thread 0x01340800  865             org.lwjgl.opengl.GL20::glUniform1i (25 bytes)
Event: 66.729 Thread 0x01340800 nmethod 865 0x01a78c08 code [0x01a78d40, 0x01a78f10]
Event: 67.022 Thread 0x01340800  866             engine.core.GameItem::getMaterial (5 bytes)
Event: 67.022 Thread 0x01340800 nmethod 866 0x01a79108 code [0x01a79200, 0x01a79280]
Event: 67.321 Thread 0x01340800  867             engine.core.graph.animation.AnimatedGameItem::getCurrentFrame (17 bytes)
Event: 67.321 Thread 0x01340800 nmethod 867 0x01a792c8 code [0x01a793d0, 0x01a7948c]
Event: 67.321 Thread 0x01340800  868             engine.core.graph.animation.AnimatedFrame::getJointMatrices (5 bytes)
Event: 67.321 Thread 0x01340800 nmethod 868 0x01a79508 code [0x01a79600, 0x01a79680]

GC Heap History (10 events):
Event: 58.648 GC heap before
{Heap before GC invocations=23 (full 3):
 def new generation   total 13504K, used 12957K [0x03a00000, 0x048a0000, 0x08f50000)
  eden space 12032K, 100% used [0x03a00000, 0x045c0000, 0x045c0000)
  from space 1472K,  62% used [0x045c0000, 0x046a76b8, 0x04730000)
  to   space 1472K,   0% used [0x04730000, 0x04730000, 0x048a0000)
 tenured generation   total 29924K, used 22562K [0x08f50000, 0x0ac89000, 0x13a00000)
   the space 29924K,  75% used [0x08f50000, 0x0a558a28, 0x0a558c00, 0x0ac89000)
 Metaspace       used 3147K, capacity 4593K, committed 4608K, reserved 5504K
Event: 58.658 GC heap after
Heap after GC invocations=24 (full 3):
 def new generation   total 13504K, used 1472K [0x03a00000, 0x048a0000, 0x08f50000)
  eden space 12032K,   0% used [0x03a00000, 0x03a00000, 0x045c0000)
  from space 1472K, 100% used [0x04730000, 0x048a0000, 0x048a0000)
  to   space 1472K,   0% used [0x045c0000, 0x045c0000, 0x04730000)
 tenured generation   total 29924K, used 24218K [0x08f50000, 0x0ac89000, 0x13a00000)
   the space 29924K,  80% used [0x08f50000, 0x0a6f69a0, 0x0a6f6a00, 0x0ac89000)
 Metaspace       used 3147K, capacity 4593K, committed 4608K, reserved 5504K
}
Event: 60.401 GC heap before
{Heap before GC invocations=24 (full 3):
 def new generation   total 13504K, used 13504K [0x03a00000, 0x048a0000, 0x08f50000)
  eden space 12032K, 100% used [0x03a00000, 0x045c0000, 0x045c0000)
  from space 1472K, 100% used [0x04730000, 0x048a0000, 0x048a0000)
  to   space 1472K,   0% used [0x045c0000, 0x045c0000, 0x04730000)
 tenured generation   total 29924K, used 24218K [0x08f50000, 0x0ac89000, 0x13a00000)
   the space 29924K,  80% used [0x08f50000, 0x0a6f69a0, 0x0a6f6a00, 0x0ac89000)
 Metaspace       used 3744K, capacity 4625K, committed 4736K, reserved 5504K
Event: 60.410 GC heap after
Heap after GC invocations=25 (full 3):
 def new generation   total 13504K, used 1472K [0x03a00000, 0x048a0000, 0x08f50000)
  eden space 12032K,   0% used [0x03a00000, 0x03a00000, 0x045c0000)
  from space 1472K, 100% used [0x045c0000, 0x04730000, 0x04730000)
  to   space 1472K,   0% used [0x04730000, 0x04730000, 0x048a0000)
 tenured generation   total 29924K, used 25422K [0x08f50000, 0x0ac89000, 0x13a00000)
   the space 29924K,  84% used [0x08f50000, 0x0a8239d0, 0x0a823a00, 0x0ac89000)
 Metaspace       used 3744K, capacity 4625K, committed 4736K, reserved 5504K
}
Event: 60.673 GC heap before
{Heap before GC invocations=25 (full 3):
 def new generation   total 13504K, used 13504K [0x03a00000, 0x048a0000, 0x08f50000)
  eden space 12032K, 100% used [0x03a00000, 0x045c0000, 0x045c0000)
  from space 1472K, 100% used [0x045c0000, 0x04730000, 0x04730000)
  to   space 1472K,   0% used [0x04730000, 0x04730000, 0x048a0000)
 tenured generation   total 29924K, used 25422K [0x08f50000, 0x0ac89000, 0x13a00000)
   the space 29924K,  84% used [0x08f50000, 0x0a8239d0, 0x0a823a00, 0x0ac89000)
 Metaspace       used 3795K, capacity 4625K, committed 4736K, reserved 5504K
Event: 60.820 GC heap after
Heap after GC invocations=26 (full 4):
 def new generation   total 21056K, used 0K [0x03a00000, 0x050d0000, 0x08f50000)
  eden space 18752K,   0% used [0x03a00000, 0x03a00000, 0x04c50000)
  from space 2304K,   0% used [0x04c50000, 0x04c50000, 0x04e90000)
  to   space 2304K,   0% used [0x04e90000, 0x04e90000, 0x050d0000)
 tenured generation   total 46680K, used 28006K [0x08f50000, 0x0bce6000, 0x13a00000)
   the space 46680K,  59% used [0x08f50000, 0x0aaa9920, 0x0aaa9a00, 0x0bce6000)
 Metaspace       used 3795K, capacity 4625K, committed 4736K, reserved 5504K
}
Event: 60.984 GC heap before
{Heap before GC invocations=26 (full 4):
 def new generation   total 21056K, used 18752K [0x03a00000, 0x050d0000, 0x08f50000)
  eden space 18752K, 100% used [0x03a00000, 0x04c50000, 0x04c50000)
  from space 2304K,   0% used [0x04c50000, 0x04c50000, 0x04e90000)
  to   space 2304K,   0% used [0x04e90000, 0x04e90000, 0x050d0000)
 tenured generation   total 46680K, used 28006K [0x08f50000, 0x0bce6000, 0x13a00000)
   the space 46680K,  59% used [0x08f50000, 0x0aaa9920, 0x0aaa9a00, 0x0bce6000)
 Metaspace       used 3796K, capacity 4625K, committed 4736K, reserved 5504K
Event: 60.988 GC heap after
Heap after GC invocations=27 (full 4):
 def new generation   total 21056K, used 796K [0x03a00000, 0x050d0000, 0x08f50000)
  eden space 18752K,   0% used [0x03a00000, 0x03a00000, 0x04c50000)
  from space 2304K,  34% used [0x04e90000, 0x04f57340, 0x050d0000)
  to   space 2304K,   0% used [0x04c50000, 0x04c50000, 0x04e90000)
 tenured generation   total 46680K, used 28006K [0x08f50000, 0x0bce6000, 0x13a00000)
   the space 46680K,  59% used [0x08f50000, 0x0aaa9920, 0x0aaa9a00, 0x0bce6000)
 Metaspace       used 3796K, capacity 4625K, committed 4736K, reserved 5504K
}
Event: 61.074 GC heap before
{Heap before GC invocations=27 (full 4):
 def new generation   total 21056K, used 19548K [0x03a00000, 0x050d0000, 0x08f50000)
  eden space 18752K, 100% used [0x03a00000, 0x04c50000, 0x04c50000)
  from space 2304K,  34% used [0x04e90000, 0x04f57340, 0x050d0000)
  to   space 2304K,   0% used [0x04c50000, 0x04c50000, 0x04e90000)
 tenured generation   total 46680K, used 28006K [0x08f50000, 0x0bce6000, 0x13a00000)
   the space 46680K,  59% used [0x08f50000, 0x0aaa9920, 0x0aaa9a00, 0x0bce6000)
 Metaspace       used 3796K, capacity 4625K, committed 4736K, reserved 5504K
Event: 61.079 GC heap after
Heap after GC invocations=28 (full 4):
 def new generation   total 21056K, used 842K [0x03a00000, 0x050d0000, 0x08f50000)
  eden space 18752K,   0% used [0x03a00000, 0x03a00000, 0x04c50000)
  from space 2304K,  36% used [0x04c50000, 0x04d228e8, 0x04e90000)
  to   space 2304K,   0% used [0x04e90000, 0x04e90000, 0x050d0000)
 tenured generation   total 46680K, used 28006K [0x08f50000, 0x0bce6000, 0x13a00000)
   the space 46680K,  59% used [0x08f50000, 0x0aaa9920, 0x0aaa9a00, 0x0bce6000)
 Metaspace       used 3796K, capacity 4625K, committed 4736K, reserved 5504K
}

Deoptimization events (0 events):
No events

Internal exceptions (10 events):
Event: 6.077 Thread 0x0015bc00 Exception <a 'java/lang/NoSuchMethodError': Method sun.misc.Unsafe.defineClass(Ljava/lang/String;[BII)Ljava/lang/Class; name or signature does not match> (0x03a079d8) thrown at [C:\workspace\8-2-build-windows-i586-cygwin\jdk8u77\6540\hotspot\src\share\vm\pÏkYŒ@
Event: 6.276 Thread 0x0015bc00 Exception <a 'java/lang/NoSuchMethodError': Method sun.misc.Unsafe.prefetchRead(Ljava/lang/Object;J)V name or signature does not match> (0x03a07ca8) thrown at [C:\workspace\8-2-build-windows-i586-cygwin\jdk8u77\6540\hotspot\src\share\vm\prims\jni.cpp, lineûµyï´@@
Event: 33.414 Thread 0x14dc2800 Exception <a 'java/security/PrivilegedActionException'> (0x03d5d838) thrown at [C:\workspace\8-2-build-windows-i586-cygwin\jdk8u77\6540\hotspot\src\share\vm\prims\jvm.cpp, line 1386]
Event: 33.414 Thread 0x14dc2800 Exception <a 'java/security/PrivilegedActionException'> (0x03d5da38) thrown at [C:\workspace\8-2-build-windows-i586-cygwin\jdk8u77\6540\hotspot\src\share\vm\prims\jvm.cpp, line 1386]
Event: 33.416 Thread 0x14dc2800 Exception <a 'java/security/PrivilegedActionException'> (0x03d61180) thrown at [C:\workspace\8-2-build-windows-i586-cygwin\jdk8u77\6540\hotspot\src\share\vm\prims\jvm.cpp, line 1386]
Event: 33.416 Thread 0x14dc2800 Exception <a 'java/security/PrivilegedActionException'> (0x03d61380) thrown at [C:\workspace\8-2-build-windows-i586-cygwin\jdk8u77\6540\hotspot\src\share\vm\prims\jvm.cpp, line 1386]
Event: 35.149 Thread 0x14dc2800 Exception <a 'java/io/FileNotFoundException'> (0x03d98320) thrown at [C:\workspace\8-2-build-windows-i586-cygwin\jdk8u77\6540\hotspot\src\share\vm\prims\jni.cpp, line 709]
Event: 35.267 Thread 0x14dc2800 Exception <a 'java/lang/NoSuchFieldError': method resolution failed> (0x03a02da0) thrown at [C:\workspace\8-2-build-windows-i586-cygwin\jdk8u77\6540\hotspot\src\share\vm\prims\methodHandles.cpp, line 1146]
Event: 35.270 Thread 0x14dc2800 Exception <a 'java/lang/NoSuchFieldError': method resolution failed> (0x03a0efa8) thrown at [C:\workspace\8-2-build-windows-i586-cygwin\jdk8u77\6540\hotspot\src\share\vm\prims\methodHandles.cpp, line 1146]
Event: 35.504 Thread 0x14dc2800 Exception <a 'java/io/FileNotFoundException'> (0x03a91c78) thrown at [C:\workspace\8-2-build-windows-i586-cygwin\jdk8u77\6540\hotspot\src\share\vm\prims\jni.cpp, line 709]

Events (10 events):
Event: 61.869 loading class game/Renderer done
Event: 62.504 Thread 0x01340800 flushing nmethod 0x019d6648
Event: 67.519 loading class engine/core/GameItem
Event: 67.519 loading class engine/core/GameItem done
Event: 67.520 loading class engine/core/GameItem
Event: 67.520 loading class engine/core/GameItem done
Event: 67.520 loading class game/Renderer
Event: 67.520 loading class game/Renderer done
Event: 67.523 loading class java/nio/HeapFloatBuffer
Event: 67.524 loading class java/nio/HeapFloatBuffer done


Dynamic libraries:
0x00280000 - 0x002b3000 	C:\Program Files\Java\jre1.8.0_77\bin\javaw.exe
0x77170000 - 0x772b2000 	C:\Windows\SYSTEM32\ntdll.dll
0x75750000 - 0x75825000 	C:\Windows\system32\kernel32.dll
0x753c0000 - 0x7540b000 	C:\Windows\system32\KERNELBASE.dll
0x76070000 - 0x76111000 	C:\Windows\system32\ADVAPI32.dll
0x75900000 - 0x759ac000 	C:\Windows\system32\msvcrt.dll
0x756d0000 - 0x756e9000 	C:\Windows\SYSTEM32\sechost.dll
0x75e50000 - 0x75ef2000 	C:\Windows\system32\RPCRT4.dll
0x75830000 - 0x758f9000 	C:\Windows\system32\USER32.dll
0x77310000 - 0x7735e000 	C:\Windows\system32\GDI32.dll
0x75e40000 - 0x75e4a000 	C:\Windows\system32\LPK.dll
0x763f0000 - 0x7648d000 	C:\Windows\system32\USP10.dll
0x740d0000 - 0x7426e000 	C:\Windows\WinSxS\x86_microsoft.windows.common-controls_6595b64144ccf1df_6.0.7601.18837_none_41e855142bd5705d\COMCTL32.dll
0x77360000 - 0x773b7000 	C:\Windows\system32\SHLWAPI.dll
0x75cd0000 - 0x75cef000 	C:\Windows\system32\IMM32.DLL
0x75600000 - 0x756cc000 	C:\Windows\system32\MSCTF.dll
0x6b8d0000 - 0x6b98f000 	C:\Program Files\Java\jre1.8.0_77\bin\msvcr100.dll
0x5f3f0000 - 0x5f7b8000 	C:\Program Files\Java\jre1.8.0_77\bin\client\jvm.dll
0x72e10000 - 0x72e17000 	C:\Windows\system32\WSOCK32.dll
0x75420000 - 0x75455000 	C:\Windows\system32\WS2_32.dll
0x763e0000 - 0x763e6000 	C:\Windows\system32\NSI.dll
0x6fbf0000 - 0x6fc22000 	C:\Windows\system32\WINMM.dll
0x745a0000 - 0x745a9000 	C:\Windows\system32\VERSION.dll
0x75f00000 - 0x75f05000 	C:\Windows\system32\PSAPI.DLL
0x65810000 - 0x6581c000 	C:\Program Files\Java\jre1.8.0_77\bin\verify.dll
0x655e0000 - 0x65601000 	C:\Program Files\Java\jre1.8.0_77\bin\java.dll
0x655c0000 - 0x655d3000 	C:\Program Files\Java\jre1.8.0_77\bin\zip.dll
0x76520000 - 0x7716c000 	C:\Windows\system32\SHELL32.dll
0x75f10000 - 0x7606d000 	C:\Windows\system32\ole32.dll
0x75100000 - 0x7510b000 	C:\Windows\system32\profapi.dll
0x6b830000 - 0x6b8d0000 	D:\ProjectsII\LWJGL Test Project\native\lwjgl32.dll
0x6ef80000 - 0x6ef83000 	C:\Windows\system32\api-ms-win-core-synch-l1-2-0.DLL
0x717c0000 - 0x717eb000 	D:\ProjectsII\LWJGL Test Project\native\jemalloc32.dll
0x6c850000 - 0x6c882000 	D:\ProjectsII\LWJGL Test Project\native\glfw32.dll
0x73f50000 - 0x73f90000 	C:\Windows\system32\uxtheme.dll
0x73c10000 - 0x73c23000 	C:\Windows\system32\dwmapi.dll
0x6b020000 - 0x6b0e8000 	C:\Windows\system32\opengl32.dll
0x6c600000 - 0x6c622000 	C:\Windows\system32\GLU32.dll
0x6af30000 - 0x6b017000 	C:\Windows\system32\DDRAW.dll
0x738d0000 - 0x738d6000 	C:\Windows\system32\DCIMAN32.dll
0x75460000 - 0x755fd000 	C:\Windows\system32\SETUPAPI.dll
0x75380000 - 0x753a7000 	C:\Windows\system32\CFGMGR32.dll
0x759c0000 - 0x75a4f000 	C:\Windows\system32\OLEAUT32.dll
0x752d0000 - 0x752e2000 	C:\Windows\system32\DEVOBJ.dll
0x728d0000 - 0x728d7000 	C:\Windows\system32\atiglpxx.dll
0x69030000 - 0x6a355000 	C:\Windows\system32\atioglxx.dll
0x72e20000 - 0x72e82000 	C:\Windows\system32\atiadlxx.dll
0x752b0000 - 0x752c7000 	C:\Windows\system32\USERENV.dll
0x74590000 - 0x7459d000 	C:\Windows\system32\WTSAPI32.dll
0x75270000 - 0x7529f000 	C:\Windows\system32\WINTRUST.dll
0x75120000 - 0x75241000 	C:\Windows\system32\CRYPT32.dll
0x750f0000 - 0x750fc000 	C:\Windows\system32\MSASN1.dll
0x6faf0000 - 0x6fbd6000 	C:\Windows\system32\aticfx32.dll
0x72560000 - 0x7256b000 	C:\Windows\system32\atigktxx.dll
0x75010000 - 0x7501c000 	C:\Windows\system32\CRYPTBASE.dll
0x76490000 - 0x76513000 	C:\Windows\system32\CLBCatQ.DLL
0x655a0000 - 0x655b6000 	C:\Program Files\Java\jre1.8.0_77\bin\net.dll
0x74ad0000 - 0x74b0c000 	C:\Windows\system32\mswsock.dll
0x74cc0000 - 0x74cc6000 	C:\Windows\System32\wship6.dll
0x65590000 - 0x6559f000 	C:\Program Files\Java\jre1.8.0_77\bin\nio.dll
0x6ade0000 - 0x6af25000 	C:\Program Files\Java\jre1.8.0_77\bin\awt.dll
0x6b9b0000 - 0x6b9e9000 	C:\Program Files\Java\jre1.8.0_77\bin\fontmanager.dll
0x5fc40000 - 0x5fe03000 	C:\Windows\system32\d3d9.dll
0x6a3c0000 - 0x6a3c6000 	C:\Windows\system32\d3d8thk.dll
0x72440000 - 0x7244b000 	C:\Windows\system32\atiu9pag.dll
0x67080000 - 0x6767e000 	C:\Windows\system32\atiumdag.dll
0x66be0000 - 0x67072000 	C:\Windows\system32\atiumdva.dll
0x6adb0000 - 0x6ade0000 	C:\Program Files\Java\jre1.8.0_77\bin\t2k.dll
0x74b10000 - 0x74b27000 	C:\Windows\system32\CRYPTSP.dll
0x748c0000 - 0x748fb000 	C:\Windows\system32\rsaenh.dll
0x72dc0000 - 0x72ddc000 	C:\Windows\system32\IPHLPAPI.DLL
0x72db0000 - 0x72db7000 	C:\Windows\system32\WINNSI.DLL
0x72b00000 - 0x72b12000 	C:\Windows\system32\dhcpcsvc.DLL
0x72df0000 - 0x72dfd000 	C:\Windows\system32\dhcpcsvc6.DLL
0x71480000 - 0x7156b000 	C:\Windows\system32\dbghelp.dll

VM Arguments:
jvm_args: -Djava.library.path=D:\ProjectsII\LWJGL Test Project\native;D:\ProjectsII\LWJGL Test Project\native -Dfile.encoding=Cp1252 
java_command: game.Main
java_class_path (initial): D:\ProjectsII\LWJGL Test Project\bin;D:\ProjectsII\LWJGL Test Project\jar\lwjgl.jar;D:\ProjectsII\LWJGL Test Project\jar\joml.jar;D:\ProjectsII\LWJGL Test Project\jar\PNGDecoder.jar
Launcher Type: SUN_STANDARD

Environment Variables:
PATH=C:/Program Files/Java/jre1.8.0_77/bin/client;C:/Program Files/Java/jre1.8.0_77/bin;C:/Program Files/Java/jre1.8.0_77/lib/i386;C:\Program Files\AMD APP\bin\x86;C:\ProgramData\Oracle\Java\javapath;C:\Windows\system32;C:\Windows;C:\Windows\System32\Wbem;C:\Windows\System32\WindowsPowerShell\v1.0\;C:\Program Files\Autodesk\Backburner\;C:\Program Files\Common Files\Autodesk Shared\;C:\Program Files\Skype\Phone\;C:\Program Files\ATI Technologies\ATI.ACE\Core-Static;D:\Program Files\Git\cmd;C:\Program Files\Java\jdk1.8.0_51\bin;C:\Java\Eclipse\eclipse;
USERNAME=Alex
OS=Windows_NT
PROCESSOR_IDENTIFIER=x86 Family 6 Model 15 Stepping 13, GenuineIntel



---------------  S Y S T E M  ---------------

OS: Windows 7 Build 7601 (6.1.7601.23392)

CPU:total 2 (2 cores per cpu, 1 threads per core) family 6 model 15 stepping 13, cmov, cx8, fxsr, mmx, sse, sse2, sse3, ssse3, tsc

Memory: 4k page, physical 3538168k(1251636k free), swap 7074620k(4110068k free)

vm_info: Java HotSpot(TM) Client VM (25.77-b03) for windows-x86 JRE (1.8.0_77-b03), built on Mar 20 2016 22:00:03 by "java_re" with MS VC++ 10.0 (VS2010)

time: Fri Aug 19 19:08:50 2016
elapsed time: 67 seconds (0d 0h 1m 7s)

